ERROR - 2023-05-19 01:50:43 --> mysqli_sql_exception: Table 'restful.tipos_cursos' doesn't exist in C:\xamp\htdocs\restful\system\Database\MySQLi\Connection.php:295
Stack trace:
#0 C:\xamp\htdocs\restful\system\Database\MySQLi\Connection.php(295): mysqli->query('SELECT *\nFROM `...', 0)
#1 C:\xamp\htdocs\restful\system\Database\BaseConnection.php(691): CodeIgniter\Database\MySQLi\Connection->execute('SELECT *\nFROM `...')
#2 C:\xamp\htdocs\restful\system\Database\BaseConnection.php(605): CodeIgniter\Database\BaseConnection->simpleQuery('SELECT *\nFROM `...')
#3 C:\xamp\htdocs\restful\system\Database\BaseBuilder.php(1616): CodeIgniter\Database\BaseConnection->query('SELECT *\nFROM `...', Array, false)
#4 C:\xamp\htdocs\restful\app\Models\CursosModel.php(19): CodeIgniter\Database\BaseBuilder->get()
#5 C:\xamp\htdocs\restful\app\Controllers\Cursos.php(21): App\Models\CursosModel->getCursos()
#6 C:\xamp\htdocs\restful\system\CodeIgniter.php(934): App\Controllers\Cursos->index()
#7 C:\xamp\htdocs\restful\system\CodeIgniter.php(499): CodeIgniter\CodeIgniter->runController(Object(App\Controllers\Cursos))
#8 C:\xamp\htdocs\restful\system\CodeIgniter.php(368): CodeIgniter\CodeIgniter->handleRequest(NULL, Object(Config\Cache), false)
#9 C:\xamp\htdocs\restful\index.php(67): CodeIgniter\CodeIgniter->run()
#10 {main}
CRITICAL - 2023-05-19 01:50:43 --> Table 'restful.tipos_cursos' doesn't exist
in SYSTEMPATH\Database\MySQLi\Connection.php on line 295.
 1 SYSTEMPATH\Database\MySQLi\Connection.php(295): mysqli->query('SELECT *
FROM `cursos` `c`
JOIN `tipos_cursos` `tc` ON `c`.`id_tipo` = `tc`.`idtipocurso`
JOIN `categorias_curso` `cc` ON `c`.`id_categoria` = `cc`.`idcategoriacurso`
JOIN `naturalezas_curso` `nc` ON `c`.`id_naturaleza` = `nc`.`idnaturalezacurso`
WHERE `c`.`estado` = 1', 0)
 2 SYSTEMPATH\Database\BaseConnection.php(691): CodeIgniter\Database\MySQLi\Connection->execute('SELECT *
FROM `cursos` `c`
JOIN `tipos_cursos` `tc` ON `c`.`id_tipo` = `tc`.`idtipocurso`
JOIN `categorias_curso` `cc` ON `c`.`id_categoria` = `cc`.`idcategoriacurso`
JOIN `naturalezas_curso` `nc` ON `c`.`id_naturaleza` = `nc`.`idnaturalezacurso`
WHERE `c`.`estado` = 1')
 3 SYSTEMPATH\Database\BaseConnection.php(605): CodeIgniter\Database\BaseConnection->simpleQuery('SELECT *
FROM `cursos` `c`
JOIN `tipos_cursos` `tc` ON `c`.`id_tipo` = `tc`.`idtipocurso`
JOIN `categorias_curso` `cc` ON `c`.`id_categoria` = `cc`.`idcategoriacurso`
JOIN `naturalezas_curso` `nc` ON `c`.`id_naturaleza` = `nc`.`idnaturalezacurso`
WHERE `c`.`estado` = 1')
 4 SYSTEMPATH\Database\BaseBuilder.php(1616): CodeIgniter\Database\BaseConnection->query('SELECT *
FROM `cursos` `c`
JOIN `tipos_cursos` `tc` ON `c`.`id_tipo` = `tc`.`idtipocurso`
JOIN `categorias_curso` `cc` ON `c`.`id_categoria` = `cc`.`idcategoriacurso`
JOIN `naturalezas_curso` `nc` ON `c`.`id_naturaleza` = `nc`.`idnaturalezacurso`
WHERE `c`.`estado` = :c.estado:', [...], false)
 5 APPPATH\Models\CursosModel.php(19): CodeIgniter\Database\BaseBuilder->get()
 6 APPPATH\Controllers\Cursos.php(21): App\Models\CursosModel->getCursos()
 7 SYSTEMPATH\CodeIgniter.php(934): App\Controllers\Cursos->index()
 8 SYSTEMPATH\CodeIgniter.php(499): CodeIgniter\CodeIgniter->runController(Object(App\Controllers\Cursos))
 9 SYSTEMPATH\CodeIgniter.php(368): CodeIgniter\CodeIgniter->handleRequest(null, Object(Config\Cache), false)
10 FCPATH\index.php(67): CodeIgniter\CodeIgniter->run()
ERROR - 2023-05-19 01:51:02 --> mysqli_sql_exception: Table 'restful.tipos_cursos' doesn't exist in C:\xamp\htdocs\restful\system\Database\MySQLi\Connection.php:295
Stack trace:
#0 C:\xamp\htdocs\restful\system\Database\MySQLi\Connection.php(295): mysqli->query('SELECT *\nFROM `...', 0)
#1 C:\xamp\htdocs\restful\system\Database\BaseConnection.php(691): CodeIgniter\Database\MySQLi\Connection->execute('SELECT *\nFROM `...')
#2 C:\xamp\htdocs\restful\system\Database\BaseConnection.php(605): CodeIgniter\Database\BaseConnection->simpleQuery('SELECT *\nFROM `...')
#3 C:\xamp\htdocs\restful\system\Database\BaseBuilder.php(1616): CodeIgniter\Database\BaseConnection->query('SELECT *\nFROM `...', Array, false)
#4 C:\xamp\htdocs\restful\app\Models\CursosModel.php(19): CodeIgniter\Database\BaseBuilder->get()
#5 C:\xamp\htdocs\restful\app\Controllers\Cursos.php(21): App\Models\CursosModel->getCursos()
#6 C:\xamp\htdocs\restful\system\CodeIgniter.php(934): App\Controllers\Cursos->index()
#7 C:\xamp\htdocs\restful\system\CodeIgniter.php(499): CodeIgniter\CodeIgniter->runController(Object(App\Controllers\Cursos))
#8 C:\xamp\htdocs\restful\system\CodeIgniter.php(368): CodeIgniter\CodeIgniter->handleRequest(NULL, Object(Config\Cache), false)
#9 C:\xamp\htdocs\restful\index.php(67): CodeIgniter\CodeIgniter->run()
#10 {main}
CRITICAL - 2023-05-19 01:51:02 --> Table 'restful.tipos_cursos' doesn't exist
in SYSTEMPATH\Database\MySQLi\Connection.php on line 295.
 1 SYSTEMPATH\Database\MySQLi\Connection.php(295): mysqli->query('SELECT *
FROM `cursos` `c`
JOIN `tipos_cursos` `tc` ON `c`.`id_tipo` = `tc`.`idtipocurso`
JOIN `categorias_curso` `cc` ON `c`.`id_categoria` = `cc`.`idcategoriacurso`
JOIN `naturalezas_curso` `nc` ON `c`.`id_naturaleza` = `nc`.`idnaturalezacurso`
WHERE `c`.`estado` = 1', 0)
 2 SYSTEMPATH\Database\BaseConnection.php(691): CodeIgniter\Database\MySQLi\Connection->execute('SELECT *
FROM `cursos` `c`
JOIN `tipos_cursos` `tc` ON `c`.`id_tipo` = `tc`.`idtipocurso`
JOIN `categorias_curso` `cc` ON `c`.`id_categoria` = `cc`.`idcategoriacurso`
JOIN `naturalezas_curso` `nc` ON `c`.`id_naturaleza` = `nc`.`idnaturalezacurso`
WHERE `c`.`estado` = 1')
 3 SYSTEMPATH\Database\BaseConnection.php(605): CodeIgniter\Database\BaseConnection->simpleQuery('SELECT *
FROM `cursos` `c`
JOIN `tipos_cursos` `tc` ON `c`.`id_tipo` = `tc`.`idtipocurso`
JOIN `categorias_curso` `cc` ON `c`.`id_categoria` = `cc`.`idcategoriacurso`
JOIN `naturalezas_curso` `nc` ON `c`.`id_naturaleza` = `nc`.`idnaturalezacurso`
WHERE `c`.`estado` = 1')
 4 SYSTEMPATH\Database\BaseBuilder.php(1616): CodeIgniter\Database\BaseConnection->query('SELECT *
FROM `cursos` `c`
JOIN `tipos_cursos` `tc` ON `c`.`id_tipo` = `tc`.`idtipocurso`
JOIN `categorias_curso` `cc` ON `c`.`id_categoria` = `cc`.`idcategoriacurso`
JOIN `naturalezas_curso` `nc` ON `c`.`id_naturaleza` = `nc`.`idnaturalezacurso`
WHERE `c`.`estado` = :c.estado:', [...], false)
 5 APPPATH\Models\CursosModel.php(19): CodeIgniter\Database\BaseBuilder->get()
 6 APPPATH\Controllers\Cursos.php(21): App\Models\CursosModel->getCursos()
 7 SYSTEMPATH\CodeIgniter.php(934): App\Controllers\Cursos->index()
 8 SYSTEMPATH\CodeIgniter.php(499): CodeIgniter\CodeIgniter->runController(Object(App\Controllers\Cursos))
 9 SYSTEMPATH\CodeIgniter.php(368): CodeIgniter\CodeIgniter->handleRequest(null, Object(Config\Cache), false)
10 FCPATH\index.php(67): CodeIgniter\CodeIgniter->run()
ERROR - 2023-05-19 02:02:23 --> mysqli_sql_exception: Table 'restful.tipos_cursos' doesn't exist in C:\xamp\htdocs\restful\system\Database\MySQLi\Connection.php:295
Stack trace:
#0 C:\xamp\htdocs\restful\system\Database\MySQLi\Connection.php(295): mysqli->query('SELECT *\nFROM `...', 0)
#1 C:\xamp\htdocs\restful\system\Database\BaseConnection.php(691): CodeIgniter\Database\MySQLi\Connection->execute('SELECT *\nFROM `...')
#2 C:\xamp\htdocs\restful\system\Database\BaseConnection.php(605): CodeIgniter\Database\BaseConnection->simpleQuery('SELECT *\nFROM `...')
#3 C:\xamp\htdocs\restful\system\Database\BaseBuilder.php(1616): CodeIgniter\Database\BaseConnection->query('SELECT *\nFROM `...', Array, false)
#4 C:\xamp\htdocs\restful\app\Models\CursosModel.php(19): CodeIgniter\Database\BaseBuilder->get()
#5 C:\xamp\htdocs\restful\app\Controllers\Cursos.php(21): App\Models\CursosModel->getCursos()
#6 C:\xamp\htdocs\restful\system\CodeIgniter.php(934): App\Controllers\Cursos->index()
#7 C:\xamp\htdocs\restful\system\CodeIgniter.php(499): CodeIgniter\CodeIgniter->runController(Object(App\Controllers\Cursos))
#8 C:\xamp\htdocs\restful\system\CodeIgniter.php(368): CodeIgniter\CodeIgniter->handleRequest(NULL, Object(Config\Cache), false)
#9 C:\xamp\htdocs\restful\index.php(67): CodeIgniter\CodeIgniter->run()
#10 {main}
CRITICAL - 2023-05-19 02:02:23 --> Table 'restful.tipos_cursos' doesn't exist
in SYSTEMPATH\Database\MySQLi\Connection.php on line 295.
 1 SYSTEMPATH\Database\MySQLi\Connection.php(295): mysqli->query('SELECT *
FROM `cursos` `c`
JOIN `tipos_cursos` `tc` ON `c`.`id_tipo` = `tc`.`idtipocurso`
JOIN `categorias_curso` `cc` ON `c`.`id_categoria` = `cc`.`idcategoriacurso`
JOIN `naturalezas_curso` `nc` ON `c`.`id_naturaleza` = `nc`.`idnaturalezacurso`
WHERE `c`.`estado` = 1', 0)
 2 SYSTEMPATH\Database\BaseConnection.php(691): CodeIgniter\Database\MySQLi\Connection->execute('SELECT *
FROM `cursos` `c`
JOIN `tipos_cursos` `tc` ON `c`.`id_tipo` = `tc`.`idtipocurso`
JOIN `categorias_curso` `cc` ON `c`.`id_categoria` = `cc`.`idcategoriacurso`
JOIN `naturalezas_curso` `nc` ON `c`.`id_naturaleza` = `nc`.`idnaturalezacurso`
WHERE `c`.`estado` = 1')
 3 SYSTEMPATH\Database\BaseConnection.php(605): CodeIgniter\Database\BaseConnection->simpleQuery('SELECT *
FROM `cursos` `c`
JOIN `tipos_cursos` `tc` ON `c`.`id_tipo` = `tc`.`idtipocurso`
JOIN `categorias_curso` `cc` ON `c`.`id_categoria` = `cc`.`idcategoriacurso`
JOIN `naturalezas_curso` `nc` ON `c`.`id_naturaleza` = `nc`.`idnaturalezacurso`
WHERE `c`.`estado` = 1')
 4 SYSTEMPATH\Database\BaseBuilder.php(1616): CodeIgniter\Database\BaseConnection->query('SELECT *
FROM `cursos` `c`
JOIN `tipos_cursos` `tc` ON `c`.`id_tipo` = `tc`.`idtipocurso`
JOIN `categorias_curso` `cc` ON `c`.`id_categoria` = `cc`.`idcategoriacurso`
JOIN `naturalezas_curso` `nc` ON `c`.`id_naturaleza` = `nc`.`idnaturalezacurso`
WHERE `c`.`estado` = :c.estado:', [...], false)
 5 APPPATH\Models\CursosModel.php(19): CodeIgniter\Database\BaseBuilder->get()
 6 APPPATH\Controllers\Cursos.php(21): App\Models\CursosModel->getCursos()
 7 SYSTEMPATH\CodeIgniter.php(934): App\Controllers\Cursos->index()
 8 SYSTEMPATH\CodeIgniter.php(499): CodeIgniter\CodeIgniter->runController(Object(App\Controllers\Cursos))
 9 SYSTEMPATH\CodeIgniter.php(368): CodeIgniter\CodeIgniter->handleRequest(null, Object(Config\Cache), false)
10 FCPATH\index.php(67): CodeIgniter\CodeIgniter->run()
ERROR - 2023-05-19 02:06:18 --> mysqli_sql_exception: Table 'restful.tipos_cursos' doesn't exist in C:\xamp\htdocs\restful\system\Database\MySQLi\Connection.php:295
Stack trace:
#0 C:\xamp\htdocs\restful\system\Database\MySQLi\Connection.php(295): mysqli->query('SELECT *\nFROM `...', 0)
#1 C:\xamp\htdocs\restful\system\Database\BaseConnection.php(691): CodeIgniter\Database\MySQLi\Connection->execute('SELECT *\nFROM `...')
#2 C:\xamp\htdocs\restful\system\Database\BaseConnection.php(605): CodeIgniter\Database\BaseConnection->simpleQuery('SELECT *\nFROM `...')
#3 C:\xamp\htdocs\restful\system\Database\BaseBuilder.php(1616): CodeIgniter\Database\BaseConnection->query('SELECT *\nFROM `...', Array, false)
#4 C:\xamp\htdocs\restful\app\Models\CursosModel.php(19): CodeIgniter\Database\BaseBuilder->get()
#5 C:\xamp\htdocs\restful\app\Controllers\Cursos.php(21): App\Models\CursosModel->getCursos()
#6 C:\xamp\htdocs\restful\system\CodeIgniter.php(934): App\Controllers\Cursos->index()
#7 C:\xamp\htdocs\restful\system\CodeIgniter.php(499): CodeIgniter\CodeIgniter->runController(Object(App\Controllers\Cursos))
#8 C:\xamp\htdocs\restful\system\CodeIgniter.php(368): CodeIgniter\CodeIgniter->handleRequest(NULL, Object(Config\Cache), false)
#9 C:\xamp\htdocs\restful\index.php(67): CodeIgniter\CodeIgniter->run()
#10 {main}
CRITICAL - 2023-05-19 02:06:18 --> Table 'restful.tipos_cursos' doesn't exist
in SYSTEMPATH\Database\MySQLi\Connection.php on line 295.
 1 SYSTEMPATH\Database\MySQLi\Connection.php(295): mysqli->query('SELECT *
FROM `cursos` `c`
JOIN `tipos_cursos` `tc` ON `c`.`id_tipo` = `tc`.`idtipocurso`
JOIN `categorias_curso` `cc` ON `c`.`id_categoria` = `cc`.`idcategoriacurso`
JOIN `naturalezas_curso` `nc` ON `c`.`id_naturaleza` = `nc`.`idnaturalezacurso`
WHERE `c`.`estado` = 1', 0)
 2 SYSTEMPATH\Database\BaseConnection.php(691): CodeIgniter\Database\MySQLi\Connection->execute('SELECT *
FROM `cursos` `c`
JOIN `tipos_cursos` `tc` ON `c`.`id_tipo` = `tc`.`idtipocurso`
JOIN `categorias_curso` `cc` ON `c`.`id_categoria` = `cc`.`idcategoriacurso`
JOIN `naturalezas_curso` `nc` ON `c`.`id_naturaleza` = `nc`.`idnaturalezacurso`
WHERE `c`.`estado` = 1')
 3 SYSTEMPATH\Database\BaseConnection.php(605): CodeIgniter\Database\BaseConnection->simpleQuery('SELECT *
FROM `cursos` `c`
JOIN `tipos_cursos` `tc` ON `c`.`id_tipo` = `tc`.`idtipocurso`
JOIN `categorias_curso` `cc` ON `c`.`id_categoria` = `cc`.`idcategoriacurso`
JOIN `naturalezas_curso` `nc` ON `c`.`id_naturaleza` = `nc`.`idnaturalezacurso`
WHERE `c`.`estado` = 1')
 4 SYSTEMPATH\Database\BaseBuilder.php(1616): CodeIgniter\Database\BaseConnection->query('SELECT *
FROM `cursos` `c`
JOIN `tipos_cursos` `tc` ON `c`.`id_tipo` = `tc`.`idtipocurso`
JOIN `categorias_curso` `cc` ON `c`.`id_categoria` = `cc`.`idcategoriacurso`
JOIN `naturalezas_curso` `nc` ON `c`.`id_naturaleza` = `nc`.`idnaturalezacurso`
WHERE `c`.`estado` = :c.estado:', [...], false)
 5 APPPATH\Models\CursosModel.php(19): CodeIgniter\Database\BaseBuilder->get()
 6 APPPATH\Controllers\Cursos.php(21): App\Models\CursosModel->getCursos()
 7 SYSTEMPATH\CodeIgniter.php(934): App\Controllers\Cursos->index()
 8 SYSTEMPATH\CodeIgniter.php(499): CodeIgniter\CodeIgniter->runController(Object(App\Controllers\Cursos))
 9 SYSTEMPATH\CodeIgniter.php(368): CodeIgniter\CodeIgniter->handleRequest(null, Object(Config\Cache), false)
10 FCPATH\index.php(67): CodeIgniter\CodeIgniter->run()
ERROR - 2023-05-19 02:06:54 --> mysqli_sql_exception: Table 'restful.tipos_cursos' doesn't exist in C:\xamp\htdocs\restful\system\Database\MySQLi\Connection.php:295
Stack trace:
#0 C:\xamp\htdocs\restful\system\Database\MySQLi\Connection.php(295): mysqli->query('SELECT *\nFROM `...', 0)
#1 C:\xamp\htdocs\restful\system\Database\BaseConnection.php(691): CodeIgniter\Database\MySQLi\Connection->execute('SELECT *\nFROM `...')
#2 C:\xamp\htdocs\restful\system\Database\BaseConnection.php(605): CodeIgniter\Database\BaseConnection->simpleQuery('SELECT *\nFROM `...')
#3 C:\xamp\htdocs\restful\system\Database\BaseBuilder.php(1616): CodeIgniter\Database\BaseConnection->query('SELECT *\nFROM `...', Array, false)
#4 C:\xamp\htdocs\restful\app\Models\CursosModel.php(19): CodeIgniter\Database\BaseBuilder->get()
#5 C:\xamp\htdocs\restful\app\Controllers\Cursos.php(21): App\Models\CursosModel->getCursos()
#6 C:\xamp\htdocs\restful\system\CodeIgniter.php(934): App\Controllers\Cursos->index()
#7 C:\xamp\htdocs\restful\system\CodeIgniter.php(499): CodeIgniter\CodeIgniter->runController(Object(App\Controllers\Cursos))
#8 C:\xamp\htdocs\restful\system\CodeIgniter.php(368): CodeIgniter\CodeIgniter->handleRequest(NULL, Object(Config\Cache), false)
#9 C:\xamp\htdocs\restful\index.php(67): CodeIgniter\CodeIgniter->run()
#10 {main}
CRITICAL - 2023-05-19 02:06:54 --> Table 'restful.tipos_cursos' doesn't exist
in SYSTEMPATH\Database\MySQLi\Connection.php on line 295.
 1 SYSTEMPATH\Database\MySQLi\Connection.php(295): mysqli->query('SELECT *
FROM `cursos` `c`
JOIN `tipos_cursos` `tc` ON `c`.`id_tipo` = `tc`.`idtipocurso`
JOIN `categorias_curso` `cc` ON `c`.`id_categoria` = `cc`.`idcategoriacurso`
JOIN `naturalezas_curso` `nc` ON `c`.`id_naturaleza` = `nc`.`idnaturalezacurso`
WHERE `c`.`estado` = 1', 0)
 2 SYSTEMPATH\Database\BaseConnection.php(691): CodeIgniter\Database\MySQLi\Connection->execute('SELECT *
FROM `cursos` `c`
JOIN `tipos_cursos` `tc` ON `c`.`id_tipo` = `tc`.`idtipocurso`
JOIN `categorias_curso` `cc` ON `c`.`id_categoria` = `cc`.`idcategoriacurso`
JOIN `naturalezas_curso` `nc` ON `c`.`id_naturaleza` = `nc`.`idnaturalezacurso`
WHERE `c`.`estado` = 1')
 3 SYSTEMPATH\Database\BaseConnection.php(605): CodeIgniter\Database\BaseConnection->simpleQuery('SELECT *
FROM `cursos` `c`
JOIN `tipos_cursos` `tc` ON `c`.`id_tipo` = `tc`.`idtipocurso`
JOIN `categorias_curso` `cc` ON `c`.`id_categoria` = `cc`.`idcategoriacurso`
JOIN `naturalezas_curso` `nc` ON `c`.`id_naturaleza` = `nc`.`idnaturalezacurso`
WHERE `c`.`estado` = 1')
 4 SYSTEMPATH\Database\BaseBuilder.php(1616): CodeIgniter\Database\BaseConnection->query('SELECT *
FROM `cursos` `c`
JOIN `tipos_cursos` `tc` ON `c`.`id_tipo` = `tc`.`idtipocurso`
JOIN `categorias_curso` `cc` ON `c`.`id_categoria` = `cc`.`idcategoriacurso`
JOIN `naturalezas_curso` `nc` ON `c`.`id_naturaleza` = `nc`.`idnaturalezacurso`
WHERE `c`.`estado` = :c.estado:', [...], false)
 5 APPPATH\Models\CursosModel.php(19): CodeIgniter\Database\BaseBuilder->get()
 6 APPPATH\Controllers\Cursos.php(21): App\Models\CursosModel->getCursos()
 7 SYSTEMPATH\CodeIgniter.php(934): App\Controllers\Cursos->index()
 8 SYSTEMPATH\CodeIgniter.php(499): CodeIgniter\CodeIgniter->runController(Object(App\Controllers\Cursos))
 9 SYSTEMPATH\CodeIgniter.php(368): CodeIgniter\CodeIgniter->handleRequest(null, Object(Config\Cache), false)
10 FCPATH\index.php(67): CodeIgniter\CodeIgniter->run()
ERROR - 2023-05-19 02:10:28 --> mysqli_sql_exception: Table 'restful.tipos_cursos' doesn't exist in C:\xamp\htdocs\restful\system\Database\MySQLi\Connection.php:295
Stack trace:
#0 C:\xamp\htdocs\restful\system\Database\MySQLi\Connection.php(295): mysqli->query('SELECT *\nFROM `...', 0)
#1 C:\xamp\htdocs\restful\system\Database\BaseConnection.php(691): CodeIgniter\Database\MySQLi\Connection->execute('SELECT *\nFROM `...')
#2 C:\xamp\htdocs\restful\system\Database\BaseConnection.php(605): CodeIgniter\Database\BaseConnection->simpleQuery('SELECT *\nFROM `...')
#3 C:\xamp\htdocs\restful\system\Database\BaseBuilder.php(1616): CodeIgniter\Database\BaseConnection->query('SELECT *\nFROM `...', Array, false)
#4 C:\xamp\htdocs\restful\app\Models\CursosModel.php(19): CodeIgniter\Database\BaseBuilder->get()
#5 C:\xamp\htdocs\restful\app\Controllers\Cursos.php(21): App\Models\CursosModel->getCursos()
#6 C:\xamp\htdocs\restful\system\CodeIgniter.php(934): App\Controllers\Cursos->index()
#7 C:\xamp\htdocs\restful\system\CodeIgniter.php(499): CodeIgniter\CodeIgniter->runController(Object(App\Controllers\Cursos))
#8 C:\xamp\htdocs\restful\system\CodeIgniter.php(368): CodeIgniter\CodeIgniter->handleRequest(NULL, Object(Config\Cache), false)
#9 C:\xamp\htdocs\restful\index.php(67): CodeIgniter\CodeIgniter->run()
#10 {main}
CRITICAL - 2023-05-19 02:10:28 --> Table 'restful.tipos_cursos' doesn't exist
in SYSTEMPATH\Database\MySQLi\Connection.php on line 295.
 1 SYSTEMPATH\Database\MySQLi\Connection.php(295): mysqli->query('SELECT *
FROM `cursos` `c`
JOIN `tipos_cursos` `tc` ON `c`.`id_tipo` = `tc`.`idtipocurso`
JOIN `categorias_curso` `cc` ON `c`.`id_categoria` = `cc`.`idcategoriacurso`
JOIN `naturalezas_curso` `nc` ON `c`.`id_naturaleza` = `nc`.`idnaturalezacurso`
WHERE `c`.`estado` = 1', 0)
 2 SYSTEMPATH\Database\BaseConnection.php(691): CodeIgniter\Database\MySQLi\Connection->execute('SELECT *
FROM `cursos` `c`
JOIN `tipos_cursos` `tc` ON `c`.`id_tipo` = `tc`.`idtipocurso`
JOIN `categorias_curso` `cc` ON `c`.`id_categoria` = `cc`.`idcategoriacurso`
JOIN `naturalezas_curso` `nc` ON `c`.`id_naturaleza` = `nc`.`idnaturalezacurso`
WHERE `c`.`estado` = 1')
 3 SYSTEMPATH\Database\BaseConnection.php(605): CodeIgniter\Database\BaseConnection->simpleQuery('SELECT *
FROM `cursos` `c`
JOIN `tipos_cursos` `tc` ON `c`.`id_tipo` = `tc`.`idtipocurso`
JOIN `categorias_curso` `cc` ON `c`.`id_categoria` = `cc`.`idcategoriacurso`
JOIN `naturalezas_curso` `nc` ON `c`.`id_naturaleza` = `nc`.`idnaturalezacurso`
WHERE `c`.`estado` = 1')
 4 SYSTEMPATH\Database\BaseBuilder.php(1616): CodeIgniter\Database\BaseConnection->query('SELECT *
FROM `cursos` `c`
JOIN `tipos_cursos` `tc` ON `c`.`id_tipo` = `tc`.`idtipocurso`
JOIN `categorias_curso` `cc` ON `c`.`id_categoria` = `cc`.`idcategoriacurso`
JOIN `naturalezas_curso` `nc` ON `c`.`id_naturaleza` = `nc`.`idnaturalezacurso`
WHERE `c`.`estado` = :c.estado:', [...], false)
 5 APPPATH\Models\CursosModel.php(19): CodeIgniter\Database\BaseBuilder->get()
 6 APPPATH\Controllers\Cursos.php(21): App\Models\CursosModel->getCursos()
 7 SYSTEMPATH\CodeIgniter.php(934): App\Controllers\Cursos->index()
 8 SYSTEMPATH\CodeIgniter.php(499): CodeIgniter\CodeIgniter->runController(Object(App\Controllers\Cursos))
 9 SYSTEMPATH\CodeIgniter.php(368): CodeIgniter\CodeIgniter->handleRequest(null, Object(Config\Cache), false)
10 FCPATH\index.php(67): CodeIgniter\CodeIgniter->run()
ERROR - 2023-05-19 02:13:03 --> mysqli_sql_exception: Table 'restful.tipos_cursos' doesn't exist in C:\xamp\htdocs\restful\system\Database\MySQLi\Connection.php:295
Stack trace:
#0 C:\xamp\htdocs\restful\system\Database\MySQLi\Connection.php(295): mysqli->query('SELECT *\nFROM `...', 0)
#1 C:\xamp\htdocs\restful\system\Database\BaseConnection.php(691): CodeIgniter\Database\MySQLi\Connection->execute('SELECT *\nFROM `...')
#2 C:\xamp\htdocs\restful\system\Database\BaseConnection.php(605): CodeIgniter\Database\BaseConnection->simpleQuery('SELECT *\nFROM `...')
#3 C:\xamp\htdocs\restful\system\Database\BaseBuilder.php(1616): CodeIgniter\Database\BaseConnection->query('SELECT *\nFROM `...', Array, false)
#4 C:\xamp\htdocs\restful\app\Models\CursosModel.php(19): CodeIgniter\Database\BaseBuilder->get()
#5 C:\xamp\htdocs\restful\app\Controllers\Cursos.php(21): App\Models\CursosModel->getCursos()
#6 C:\xamp\htdocs\restful\system\CodeIgniter.php(934): App\Controllers\Cursos->index()
#7 C:\xamp\htdocs\restful\system\CodeIgniter.php(499): CodeIgniter\CodeIgniter->runController(Object(App\Controllers\Cursos))
#8 C:\xamp\htdocs\restful\system\CodeIgniter.php(368): CodeIgniter\CodeIgniter->handleRequest(NULL, Object(Config\Cache), false)
#9 C:\xamp\htdocs\restful\index.php(67): CodeIgniter\CodeIgniter->run()
#10 {main}
CRITICAL - 2023-05-19 02:13:03 --> Table 'restful.tipos_cursos' doesn't exist
in SYSTEMPATH\Database\MySQLi\Connection.php on line 295.
 1 SYSTEMPATH\Database\MySQLi\Connection.php(295): mysqli->query('SELECT *
FROM `cursos` `c`
JOIN `tipos_cursos` `tc` ON `c`.`id_tipo` = `tc`.`idtipocurso`
JOIN `categorias_curso` `cc` ON `c`.`id_categoria` = `cc`.`idcategoriacurso`
JOIN `naturalezas_curso` `nc` ON `c`.`id_naturaleza` = `nc`.`idnaturalezacurso`
WHERE `c`.`estado` = 1', 0)
 2 SYSTEMPATH\Database\BaseConnection.php(691): CodeIgniter\Database\MySQLi\Connection->execute('SELECT *
FROM `cursos` `c`
JOIN `tipos_cursos` `tc` ON `c`.`id_tipo` = `tc`.`idtipocurso`
JOIN `categorias_curso` `cc` ON `c`.`id_categoria` = `cc`.`idcategoriacurso`
JOIN `naturalezas_curso` `nc` ON `c`.`id_naturaleza` = `nc`.`idnaturalezacurso`
WHERE `c`.`estado` = 1')
 3 SYSTEMPATH\Database\BaseConnection.php(605): CodeIgniter\Database\BaseConnection->simpleQuery('SELECT *
FROM `cursos` `c`
JOIN `tipos_cursos` `tc` ON `c`.`id_tipo` = `tc`.`idtipocurso`
JOIN `categorias_curso` `cc` ON `c`.`id_categoria` = `cc`.`idcategoriacurso`
JOIN `naturalezas_curso` `nc` ON `c`.`id_naturaleza` = `nc`.`idnaturalezacurso`
WHERE `c`.`estado` = 1')
 4 SYSTEMPATH\Database\BaseBuilder.php(1616): CodeIgniter\Database\BaseConnection->query('SELECT *
FROM `cursos` `c`
JOIN `tipos_cursos` `tc` ON `c`.`id_tipo` = `tc`.`idtipocurso`
JOIN `categorias_curso` `cc` ON `c`.`id_categoria` = `cc`.`idcategoriacurso`
JOIN `naturalezas_curso` `nc` ON `c`.`id_naturaleza` = `nc`.`idnaturalezacurso`
WHERE `c`.`estado` = :c.estado:', [...], false)
 5 APPPATH\Models\CursosModel.php(19): CodeIgniter\Database\BaseBuilder->get()
 6 APPPATH\Controllers\Cursos.php(21): App\Models\CursosModel->getCursos()
 7 SYSTEMPATH\CodeIgniter.php(934): App\Controllers\Cursos->index()
 8 SYSTEMPATH\CodeIgniter.php(499): CodeIgniter\CodeIgniter->runController(Object(App\Controllers\Cursos))
 9 SYSTEMPATH\CodeIgniter.php(368): CodeIgniter\CodeIgniter->handleRequest(null, Object(Config\Cache), false)
10 FCPATH\index.php(67): CodeIgniter\CodeIgniter->run()
ERROR - 2023-05-19 02:18:51 --> mysqli_sql_exception: Table 'restful.tipos_cursos' doesn't exist in C:\xamp\htdocs\restful\system\Database\MySQLi\Connection.php:295
Stack trace:
#0 C:\xamp\htdocs\restful\system\Database\MySQLi\Connection.php(295): mysqli->query('SELECT *\nFROM `...', 0)
#1 C:\xamp\htdocs\restful\system\Database\BaseConnection.php(691): CodeIgniter\Database\MySQLi\Connection->execute('SELECT *\nFROM `...')
#2 C:\xamp\htdocs\restful\system\Database\BaseConnection.php(605): CodeIgniter\Database\BaseConnection->simpleQuery('SELECT *\nFROM `...')
#3 C:\xamp\htdocs\restful\system\Database\BaseBuilder.php(1616): CodeIgniter\Database\BaseConnection->query('SELECT *\nFROM `...', Array, false)
#4 C:\xamp\htdocs\restful\app\Models\CursosModel.php(19): CodeIgniter\Database\BaseBuilder->get()
#5 C:\xamp\htdocs\restful\app\Controllers\Cursos.php(21): App\Models\CursosModel->getCursos()
#6 C:\xamp\htdocs\restful\system\CodeIgniter.php(934): App\Controllers\Cursos->index()
#7 C:\xamp\htdocs\restful\system\CodeIgniter.php(499): CodeIgniter\CodeIgniter->runController(Object(App\Controllers\Cursos))
#8 C:\xamp\htdocs\restful\system\CodeIgniter.php(368): CodeIgniter\CodeIgniter->handleRequest(NULL, Object(Config\Cache), false)
#9 C:\xamp\htdocs\restful\index.php(67): CodeIgniter\CodeIgniter->run()
#10 {main}
CRITICAL - 2023-05-19 02:18:51 --> Table 'restful.tipos_cursos' doesn't exist
in SYSTEMPATH\Database\MySQLi\Connection.php on line 295.
 1 SYSTEMPATH\Database\MySQLi\Connection.php(295): mysqli->query('SELECT *
FROM `cursos` `c`
JOIN `tipos_cursos` `tc` ON `c`.`id_tipo` = `tc`.`idtipocurso`
JOIN `categorias_curso` `cc` ON `c`.`id_categoria` = `cc`.`idcategoriacurso`
JOIN `naturalezas_curso` `nc` ON `c`.`id_naturaleza` = `nc`.`idnaturalezacurso`
WHERE `c`.`estado` = 1', 0)
 2 SYSTEMPATH\Database\BaseConnection.php(691): CodeIgniter\Database\MySQLi\Connection->execute('SELECT *
FROM `cursos` `c`
JOIN `tipos_cursos` `tc` ON `c`.`id_tipo` = `tc`.`idtipocurso`
JOIN `categorias_curso` `cc` ON `c`.`id_categoria` = `cc`.`idcategoriacurso`
JOIN `naturalezas_curso` `nc` ON `c`.`id_naturaleza` = `nc`.`idnaturalezacurso`
WHERE `c`.`estado` = 1')
 3 SYSTEMPATH\Database\BaseConnection.php(605): CodeIgniter\Database\BaseConnection->simpleQuery('SELECT *
FROM `cursos` `c`
JOIN `tipos_cursos` `tc` ON `c`.`id_tipo` = `tc`.`idtipocurso`
JOIN `categorias_curso` `cc` ON `c`.`id_categoria` = `cc`.`idcategoriacurso`
JOIN `naturalezas_curso` `nc` ON `c`.`id_naturaleza` = `nc`.`idnaturalezacurso`
WHERE `c`.`estado` = 1')
 4 SYSTEMPATH\Database\BaseBuilder.php(1616): CodeIgniter\Database\BaseConnection->query('SELECT *
FROM `cursos` `c`
JOIN `tipos_cursos` `tc` ON `c`.`id_tipo` = `tc`.`idtipocurso`
JOIN `categorias_curso` `cc` ON `c`.`id_categoria` = `cc`.`idcategoriacurso`
JOIN `naturalezas_curso` `nc` ON `c`.`id_naturaleza` = `nc`.`idnaturalezacurso`
WHERE `c`.`estado` = :c.estado:', [...], false)
 5 APPPATH\Models\CursosModel.php(19): CodeIgniter\Database\BaseBuilder->get()
 6 APPPATH\Controllers\Cursos.php(21): App\Models\CursosModel->getCursos()
 7 SYSTEMPATH\CodeIgniter.php(934): App\Controllers\Cursos->index()
 8 SYSTEMPATH\CodeIgniter.php(499): CodeIgniter\CodeIgniter->runController(Object(App\Controllers\Cursos))
 9 SYSTEMPATH\CodeIgniter.php(368): CodeIgniter\CodeIgniter->handleRequest(null, Object(Config\Cache), false)
10 FCPATH\index.php(67): CodeIgniter\CodeIgniter->run()
ERROR - 2023-05-19 02:19:16 --> mysqli_sql_exception: Table 'restful.categorias_curso' doesn't exist in C:\xamp\htdocs\restful\system\Database\MySQLi\Connection.php:295
Stack trace:
#0 C:\xamp\htdocs\restful\system\Database\MySQLi\Connection.php(295): mysqli->query('SELECT *\nFROM `...', 0)
#1 C:\xamp\htdocs\restful\system\Database\BaseConnection.php(691): CodeIgniter\Database\MySQLi\Connection->execute('SELECT *\nFROM `...')
#2 C:\xamp\htdocs\restful\system\Database\BaseConnection.php(605): CodeIgniter\Database\BaseConnection->simpleQuery('SELECT *\nFROM `...')
#3 C:\xamp\htdocs\restful\system\Database\BaseBuilder.php(1616): CodeIgniter\Database\BaseConnection->query('SELECT *\nFROM `...', Array, false)
#4 C:\xamp\htdocs\restful\app\Models\CursosModel.php(19): CodeIgniter\Database\BaseBuilder->get()
#5 C:\xamp\htdocs\restful\app\Controllers\Cursos.php(21): App\Models\CursosModel->getCursos()
#6 C:\xamp\htdocs\restful\system\CodeIgniter.php(934): App\Controllers\Cursos->index()
#7 C:\xamp\htdocs\restful\system\CodeIgniter.php(499): CodeIgniter\CodeIgniter->runController(Object(App\Controllers\Cursos))
#8 C:\xamp\htdocs\restful\system\CodeIgniter.php(368): CodeIgniter\CodeIgniter->handleRequest(NULL, Object(Config\Cache), false)
#9 C:\xamp\htdocs\restful\index.php(67): CodeIgniter\CodeIgniter->run()
#10 {main}
CRITICAL - 2023-05-19 02:19:16 --> Table 'restful.categorias_curso' doesn't exist
in SYSTEMPATH\Database\MySQLi\Connection.php on line 295.
 1 SYSTEMPATH\Database\MySQLi\Connection.php(295): mysqli->query('SELECT *
FROM `cursos` `c`
JOIN `tipos_curso` `tc` ON `c`.`id_tipo` = `tc`.`idtipocurso`
JOIN `categorias_curso` `cc` ON `c`.`id_categoria` = `cc`.`idcategoriacurso`
JOIN `naturalezas_curso` `nc` ON `c`.`id_naturaleza` = `nc`.`idnaturalezacurso`
WHERE `c`.`estado` = 1', 0)
 2 SYSTEMPATH\Database\BaseConnection.php(691): CodeIgniter\Database\MySQLi\Connection->execute('SELECT *
FROM `cursos` `c`
JOIN `tipos_curso` `tc` ON `c`.`id_tipo` = `tc`.`idtipocurso`
JOIN `categorias_curso` `cc` ON `c`.`id_categoria` = `cc`.`idcategoriacurso`
JOIN `naturalezas_curso` `nc` ON `c`.`id_naturaleza` = `nc`.`idnaturalezacurso`
WHERE `c`.`estado` = 1')
 3 SYSTEMPATH\Database\BaseConnection.php(605): CodeIgniter\Database\BaseConnection->simpleQuery('SELECT *
FROM `cursos` `c`
JOIN `tipos_curso` `tc` ON `c`.`id_tipo` = `tc`.`idtipocurso`
JOIN `categorias_curso` `cc` ON `c`.`id_categoria` = `cc`.`idcategoriacurso`
JOIN `naturalezas_curso` `nc` ON `c`.`id_naturaleza` = `nc`.`idnaturalezacurso`
WHERE `c`.`estado` = 1')
 4 SYSTEMPATH\Database\BaseBuilder.php(1616): CodeIgniter\Database\BaseConnection->query('SELECT *
FROM `cursos` `c`
JOIN `tipos_curso` `tc` ON `c`.`id_tipo` = `tc`.`idtipocurso`
JOIN `categorias_curso` `cc` ON `c`.`id_categoria` = `cc`.`idcategoriacurso`
JOIN `naturalezas_curso` `nc` ON `c`.`id_naturaleza` = `nc`.`idnaturalezacurso`
WHERE `c`.`estado` = :c.estado:', [...], false)
 5 APPPATH\Models\CursosModel.php(19): CodeIgniter\Database\BaseBuilder->get()
 6 APPPATH\Controllers\Cursos.php(21): App\Models\CursosModel->getCursos()
 7 SYSTEMPATH\CodeIgniter.php(934): App\Controllers\Cursos->index()
 8 SYSTEMPATH\CodeIgniter.php(499): CodeIgniter\CodeIgniter->runController(Object(App\Controllers\Cursos))
 9 SYSTEMPATH\CodeIgniter.php(368): CodeIgniter\CodeIgniter->handleRequest(null, Object(Config\Cache), false)
10 FCPATH\index.php(67): CodeIgniter\CodeIgniter->run()
ERROR - 2023-05-19 02:42:41 --> mysqli_sql_exception: Unknown column 'cursos.idcursos' in 'where clause' in C:\xamp\htdocs\restful\system\Database\MySQLi\Connection.php:295
Stack trace:
#0 C:\xamp\htdocs\restful\system\Database\MySQLi\Connection.php(295): mysqli->query('SELECT *\nFROM `...', 0)
#1 C:\xamp\htdocs\restful\system\Database\BaseConnection.php(691): CodeIgniter\Database\MySQLi\Connection->execute('SELECT *\nFROM `...')
#2 C:\xamp\htdocs\restful\system\Database\BaseConnection.php(605): CodeIgniter\Database\BaseConnection->simpleQuery('SELECT *\nFROM `...')
#3 C:\xamp\htdocs\restful\system\Database\BaseBuilder.php(1616): CodeIgniter\Database\BaseConnection->query('SELECT *\nFROM `...', Array, false)
#4 C:\xamp\htdocs\restful\system\Model.php(200): CodeIgniter\Database\BaseBuilder->get()
#5 C:\xamp\htdocs\restful\system\BaseModel.php(557): CodeIgniter\Model->doFind(true, '1')
#6 C:\xamp\htdocs\restful\app\Controllers\Cursos.php(188): CodeIgniter\BaseModel->find('1')
#7 C:\xamp\htdocs\restful\system\CodeIgniter.php(934): App\Controllers\Cursos->update('1')
#8 C:\xamp\htdocs\restful\system\CodeIgniter.php(499): CodeIgniter\CodeIgniter->runController(Object(App\Controllers\Cursos))
#9 C:\xamp\htdocs\restful\system\CodeIgniter.php(368): CodeIgniter\CodeIgniter->handleRequest(NULL, Object(Config\Cache), false)
#10 C:\xamp\htdocs\restful\index.php(67): CodeIgniter\CodeIgniter->run()
#11 {main}
CRITICAL - 2023-05-19 02:42:41 --> Unknown column 'cursos.idcursos' in 'where clause'
in SYSTEMPATH\Database\MySQLi\Connection.php on line 295.
 1 SYSTEMPATH\Database\MySQLi\Connection.php(295): mysqli->query('SELECT *
FROM `cursos`
WHERE `cursos`.`idcursos` = \'1\'', 0)
 2 SYSTEMPATH\Database\BaseConnection.php(691): CodeIgniter\Database\MySQLi\Connection->execute('SELECT *
FROM `cursos`
WHERE `cursos`.`idcursos` = \'1\'')
 3 SYSTEMPATH\Database\BaseConnection.php(605): CodeIgniter\Database\BaseConnection->simpleQuery('SELECT *
FROM `cursos`
WHERE `cursos`.`idcursos` = \'1\'')
 4 SYSTEMPATH\Database\BaseBuilder.php(1616): CodeIgniter\Database\BaseConnection->query('SELECT *
FROM `cursos`
WHERE `cursos`.`idcursos` = :cursos.idcursos:', [...], false)
 5 SYSTEMPATH\Model.php(200): CodeIgniter\Database\BaseBuilder->get()
 6 SYSTEMPATH\BaseModel.php(557): CodeIgniter\Model->doFind(true, '1')
 7 APPPATH\Controllers\Cursos.php(188): CodeIgniter\BaseModel->find('1')
 8 SYSTEMPATH\CodeIgniter.php(934): App\Controllers\Cursos->update('1')
 9 SYSTEMPATH\CodeIgniter.php(499): CodeIgniter\CodeIgniter->runController(Object(App\Controllers\Cursos))
10 SYSTEMPATH\CodeIgniter.php(368): CodeIgniter\CodeIgniter->handleRequest(null, Object(Config\Cache), false)
11 FCPATH\index.php(67): CodeIgniter\CodeIgniter->run()
CRITICAL - 2023-05-19 04:05:41 --> Invalid file: "login/index.php"
in SYSTEMPATH\Exceptions\FrameworkException.php on line 33.
 1 SYSTEMPATH\View\View.php(201): CodeIgniter\Exceptions\FrameworkException::forInvalidFile('login/index.php')
 2 SYSTEMPATH\Common.php(1184): CodeIgniter\View\View->render('login/index', [], true)
 3 APPPATH\Controllers\Login.php(8): view('login/index')
 4 SYSTEMPATH\CodeIgniter.php(934): App\Controllers\Login->index()
 5 SYSTEMPATH\CodeIgniter.php(499): CodeIgniter\CodeIgniter->runController(Object(App\Controllers\Login))
 6 SYSTEMPATH\CodeIgniter.php(368): CodeIgniter\CodeIgniter->handleRequest(null, Object(Config\Cache), false)
 7 FCPATH\index.php(67): CodeIgniter\CodeIgniter->run()
