ERROR - 2023-04-11 04:24:15 --> Error connecting to the database: mysqli_sql_exception: No se puede establecer una conexión ya que el equipo de destino denegó expresamente dicha conexión.
 in C:\xamp\htdocs\restful\system\Database\MySQLi\Connection.php:174
Stack trace:
#0 C:\xamp\htdocs\restful\system\Database\MySQLi\Connection.php(174): mysqli->real_connect('localhost', 'root', '', 'restful', 3306, '', 0)
#1 C:\xamp\htdocs\restful\system\Database\BaseConnection.php(391): CodeIgniter\Database\MySQLi\Connection->connect(false)
#2 C:\xamp\htdocs\restful\system\Database\BaseConnection.php(573): CodeIgniter\Database\BaseConnection->initialize()
#3 C:\xamp\htdocs\restful\system\Database\BaseBuilder.php(1616): CodeIgniter\Database\BaseConnection->query('SELECT *\nFROM `...', Array, false)
#4 C:\xamp\htdocs\restful\system\Model.php(241): CodeIgniter\Database\BaseBuilder->get()
#5 C:\xamp\htdocs\restful\system\BaseModel.php(618): CodeIgniter\Model->doFindAll(0, 0)
#6 C:\xamp\htdocs\restful\app\Models\UserModel.php(12): CodeIgniter\BaseModel->findAll()
#7 C:\xamp\htdocs\restful\app\Controllers\User\Main.php(11): App\Models\UserModel->readUsers()
#8 C:\xamp\htdocs\restful\system\CodeIgniter.php(934): App\Controllers\User\Main->index()
#9 C:\xamp\htdocs\restful\system\CodeIgniter.php(499): CodeIgniter\CodeIgniter->runController(Object(App\Controllers\User\Main))
#10 C:\xamp\htdocs\restful\system\CodeIgniter.php(368): CodeIgniter\CodeIgniter->handleRequest(NULL, Object(Config\Cache), false)
#11 C:\xamp\htdocs\restful\index.php(67): CodeIgniter\CodeIgniter->run()
#12 {main}

Next CodeIgniter\Database\Exceptions\DatabaseException: No se puede establecer una conexión ya que el equipo de destino denegó expresamente dicha conexión.
 in C:\xamp\htdocs\restful\system\Database\MySQLi\Connection.php:218
Stack trace:
#0 C:\xamp\htdocs\restful\system\Database\BaseConnection.php(391): CodeIgniter\Database\MySQLi\Connection->connect(false)
#1 C:\xamp\htdocs\restful\system\Database\BaseConnection.php(573): CodeIgniter\Database\BaseConnection->initialize()
#2 C:\xamp\htdocs\restful\system\Database\BaseBuilder.php(1616): CodeIgniter\Database\BaseConnection->query('SELECT *\nFROM `...', Array, false)
#3 C:\xamp\htdocs\restful\system\Model.php(241): CodeIgniter\Database\BaseBuilder->get()
#4 C:\xamp\htdocs\restful\system\BaseModel.php(618): CodeIgniter\Model->doFindAll(0, 0)
#5 C:\xamp\htdocs\restful\app\Models\UserModel.php(12): CodeIgniter\BaseModel->findAll()
#6 C:\xamp\htdocs\restful\app\Controllers\User\Main.php(11): App\Models\UserModel->readUsers()
#7 C:\xamp\htdocs\restful\system\CodeIgniter.php(934): App\Controllers\User\Main->index()
#8 C:\xamp\htdocs\restful\system\CodeIgniter.php(499): CodeIgniter\CodeIgniter->runController(Object(App\Controllers\User\Main))
#9 C:\xamp\htdocs\restful\system\CodeIgniter.php(368): CodeIgniter\CodeIgniter->handleRequest(NULL, Object(Config\Cache), false)
#10 C:\xamp\htdocs\restful\index.php(67): CodeIgniter\CodeIgniter->run()
#11 {main}
CRITICAL - 2023-04-11 04:24:15 --> Unable to connect to the database.
Main connection [MySQLi]: No se puede establecer una conexión ya que el equipo de destino denegó expresamente dicha conexión.

in SYSTEMPATH\Database\BaseConnection.php on line 427.
 1 SYSTEMPATH\Database\BaseConnection.php(573): CodeIgniter\Database\BaseConnection->initialize()
 2 SYSTEMPATH\Database\BaseBuilder.php(1616): CodeIgniter\Database\BaseConnection->query('SELECT *
FROM `user`', [], false)
 3 SYSTEMPATH\Model.php(241): CodeIgniter\Database\BaseBuilder->get()
 4 SYSTEMPATH\BaseModel.php(618): CodeIgniter\Model->doFindAll(0, 0)
 5 APPPATH\Models\UserModel.php(12): CodeIgniter\BaseModel->findAll()
 6 APPPATH\Controllers\User\Main.php(11): App\Models\UserModel->readUsers()
 7 SYSTEMPATH\CodeIgniter.php(934): App\Controllers\User\Main->index()
 8 SYSTEMPATH\CodeIgniter.php(499): CodeIgniter\CodeIgniter->runController(Object(App\Controllers\User\Main))
 9 SYSTEMPATH\CodeIgniter.php(368): CodeIgniter\CodeIgniter->handleRequest(null, Object(Config\Cache), false)
10 FCPATH\index.php(67): CodeIgniter\CodeIgniter->run()
ERROR - 2023-04-11 04:31:04 --> Error connecting to the database: mysqli_sql_exception: No se puede establecer una conexión ya que el equipo de destino denegó expresamente dicha conexión.
 in C:\xamp\htdocs\restful\system\Database\MySQLi\Connection.php:174
Stack trace:
#0 C:\xamp\htdocs\restful\system\Database\MySQLi\Connection.php(174): mysqli->real_connect('localhost', 'root', '', 'restful', 3306, '', 0)
#1 C:\xamp\htdocs\restful\system\Database\BaseConnection.php(391): CodeIgniter\Database\MySQLi\Connection->connect(false)
#2 C:\xamp\htdocs\restful\system\Database\BaseConnection.php(573): CodeIgniter\Database\BaseConnection->initialize()
#3 C:\xamp\htdocs\restful\system\Database\BaseBuilder.php(1616): CodeIgniter\Database\BaseConnection->query('SELECT *\nFROM `...', Array, false)
#4 C:\xamp\htdocs\restful\system\Model.php(241): CodeIgniter\Database\BaseBuilder->get()
#5 C:\xamp\htdocs\restful\system\BaseModel.php(618): CodeIgniter\Model->doFindAll(0, 0)
#6 C:\xamp\htdocs\restful\app\Models\UserModel.php(12): CodeIgniter\BaseModel->findAll()
#7 C:\xamp\htdocs\restful\app\Controllers\User\Main.php(11): App\Models\UserModel->readUsers()
#8 C:\xamp\htdocs\restful\system\CodeIgniter.php(934): App\Controllers\User\Main->index()
#9 C:\xamp\htdocs\restful\system\CodeIgniter.php(499): CodeIgniter\CodeIgniter->runController(Object(App\Controllers\User\Main))
#10 C:\xamp\htdocs\restful\system\CodeIgniter.php(368): CodeIgniter\CodeIgniter->handleRequest(NULL, Object(Config\Cache), false)
#11 C:\xamp\htdocs\restful\index.php(67): CodeIgniter\CodeIgniter->run()
#12 {main}

Next CodeIgniter\Database\Exceptions\DatabaseException: No se puede establecer una conexión ya que el equipo de destino denegó expresamente dicha conexión.
 in C:\xamp\htdocs\restful\system\Database\MySQLi\Connection.php:218
Stack trace:
#0 C:\xamp\htdocs\restful\system\Database\BaseConnection.php(391): CodeIgniter\Database\MySQLi\Connection->connect(false)
#1 C:\xamp\htdocs\restful\system\Database\BaseConnection.php(573): CodeIgniter\Database\BaseConnection->initialize()
#2 C:\xamp\htdocs\restful\system\Database\BaseBuilder.php(1616): CodeIgniter\Database\BaseConnection->query('SELECT *\nFROM `...', Array, false)
#3 C:\xamp\htdocs\restful\system\Model.php(241): CodeIgniter\Database\BaseBuilder->get()
#4 C:\xamp\htdocs\restful\system\BaseModel.php(618): CodeIgniter\Model->doFindAll(0, 0)
#5 C:\xamp\htdocs\restful\app\Models\UserModel.php(12): CodeIgniter\BaseModel->findAll()
#6 C:\xamp\htdocs\restful\app\Controllers\User\Main.php(11): App\Models\UserModel->readUsers()
#7 C:\xamp\htdocs\restful\system\CodeIgniter.php(934): App\Controllers\User\Main->index()
#8 C:\xamp\htdocs\restful\system\CodeIgniter.php(499): CodeIgniter\CodeIgniter->runController(Object(App\Controllers\User\Main))
#9 C:\xamp\htdocs\restful\system\CodeIgniter.php(368): CodeIgniter\CodeIgniter->handleRequest(NULL, Object(Config\Cache), false)
#10 C:\xamp\htdocs\restful\index.php(67): CodeIgniter\CodeIgniter->run()
#11 {main}
CRITICAL - 2023-04-11 04:31:04 --> Unable to connect to the database.
Main connection [MySQLi]: No se puede establecer una conexión ya que el equipo de destino denegó expresamente dicha conexión.

in SYSTEMPATH\Database\BaseConnection.php on line 427.
 1 SYSTEMPATH\Database\BaseConnection.php(573): CodeIgniter\Database\BaseConnection->initialize()
 2 SYSTEMPATH\Database\BaseBuilder.php(1616): CodeIgniter\Database\BaseConnection->query('SELECT *
FROM `user`', [], false)
 3 SYSTEMPATH\Model.php(241): CodeIgniter\Database\BaseBuilder->get()
 4 SYSTEMPATH\BaseModel.php(618): CodeIgniter\Model->doFindAll(0, 0)
 5 APPPATH\Models\UserModel.php(12): CodeIgniter\BaseModel->findAll()
 6 APPPATH\Controllers\User\Main.php(11): App\Models\UserModel->readUsers()
 7 SYSTEMPATH\CodeIgniter.php(934): App\Controllers\User\Main->index()
 8 SYSTEMPATH\CodeIgniter.php(499): CodeIgniter\CodeIgniter->runController(Object(App\Controllers\User\Main))
 9 SYSTEMPATH\CodeIgniter.php(368): CodeIgniter\CodeIgniter->handleRequest(null, Object(Config\Cache), false)
10 FCPATH\index.php(67): CodeIgniter\CodeIgniter->run()
CRITICAL - 2023-04-11 04:35:33 --> Too few arguments to function App\Controllers\Saludo::mensajes(), 0 passed in C:\xamp\htdocs\restful\system\CodeIgniter.php on line 934 and exactly 1 expected
in APPPATH\Controllers\Saludo.php on line 22.
 1 SYSTEMPATH\CodeIgniter.php(934): App\Controllers\Saludo->mensajes()
 2 SYSTEMPATH\CodeIgniter.php(499): CodeIgniter\CodeIgniter->runController(Object(App\Controllers\Saludo))
 3 SYSTEMPATH\CodeIgniter.php(368): CodeIgniter\CodeIgniter->handleRequest(null, Object(Config\Cache), false)
 4 FCPATH\index.php(67): CodeIgniter\CodeIgniter->run()
