ERROR - 2024-05-26 03:13:15 --> mysqli_sql_exception: Table 'app_belleza.clientes' doesn't exist in /home/app/public_html/belleza/system/Database/MySQLi/Connection.php:295
Stack trace:
#0 /home/app/public_html/belleza/system/Database/MySQLi/Connection.php(295): mysqli->query('SELECT *\nFROM `...', 0)
#1 /home/app/public_html/belleza/system/Database/BaseConnection.php(691): CodeIgniter\Database\MySQLi\Connection->execute('SELECT *\nFROM `...')
#2 /home/app/public_html/belleza/system/Database/BaseConnection.php(605): CodeIgniter\Database\BaseConnection->simpleQuery('SELECT *\nFROM `...')
#3 /home/app/public_html/belleza/system/Database/BaseBuilder.php(1616): CodeIgniter\Database\BaseConnection->query('SELECT *\nFROM `...', Array, false)
#4 /home/app/public_html/belleza/system/Model.php(241): CodeIgniter\Database\BaseBuilder->get()
#5 /home/app/public_html/belleza/system/BaseModel.php(618): CodeIgniter\Model->doFindAll(0, 0)
#6 /home/app/public_html/belleza/app/Controllers/Clientes.php(19): CodeIgniter\BaseModel->findAll()
#7 /home/app/public_html/belleza/system/CodeIgniter.php(934): App\Controllers\Clientes->index()
#8 /home/app/public_html/belleza/system/CodeIgniter.php(499): CodeIgniter\CodeIgniter->runController(Object(App\Controllers\Clientes))
#9 /home/app/public_html/belleza/system/CodeIgniter.php(368): CodeIgniter\CodeIgniter->handleRequest(NULL, Object(Config\Cache), false)
#10 /home/app/public_html/belleza/index.php(67): CodeIgniter\CodeIgniter->run()
#11 {main}
CRITICAL - 2024-05-26 03:13:15 --> Table 'app_belleza.clientes' doesn't exist
in SYSTEMPATH/Database/MySQLi/Connection.php on line 295.
 1 SYSTEMPATH/Database/MySQLi/Connection.php(295): mysqli->query('SELECT *
FROM `clientes`
WHERE `estado` = 1', 0)
 2 SYSTEMPATH/Database/BaseConnection.php(691): CodeIgniter\Database\MySQLi\Connection->execute('SELECT *
FROM `clientes`
WHERE `estado` = 1')
 3 SYSTEMPATH/Database/BaseConnection.php(605): CodeIgniter\Database\BaseConnection->simpleQuery('SELECT *
FROM `clientes`
WHERE `estado` = 1')
 4 SYSTEMPATH/Database/BaseBuilder.php(1616): CodeIgniter\Database\BaseConnection->query('SELECT *
FROM `clientes`
WHERE `estado` = :estado:', [...], false)
 5 SYSTEMPATH/Model.php(241): CodeIgniter\Database\BaseBuilder->get()
 6 SYSTEMPATH/BaseModel.php(618): CodeIgniter\Model->doFindAll(0, 0)
 7 APPPATH/Controllers/Clientes.php(19): CodeIgniter\BaseModel->findAll()
 8 SYSTEMPATH/CodeIgniter.php(934): App\Controllers\Clientes->index()
 9 SYSTEMPATH/CodeIgniter.php(499): CodeIgniter\CodeIgniter->runController(Object(App\Controllers\Clientes))
10 SYSTEMPATH/CodeIgniter.php(368): CodeIgniter\CodeIgniter->handleRequest(null, Object(Config\Cache), false)
11 FCPATH/index.php(67): CodeIgniter\CodeIgniter->run()
ERROR - 2024-05-26 03:22:57 --> mysqli_sql_exception: Table 'app_belleza.clientes' doesn't exist in /home/app/public_html/belleza/system/Database/MySQLi/Connection.php:295
Stack trace:
#0 /home/app/public_html/belleza/system/Database/MySQLi/Connection.php(295): mysqli->query('SELECT *\nFROM `...', 0)
#1 /home/app/public_html/belleza/system/Database/BaseConnection.php(691): CodeIgniter\Database\MySQLi\Connection->execute('SELECT *\nFROM `...')
#2 /home/app/public_html/belleza/system/Database/BaseConnection.php(605): CodeIgniter\Database\BaseConnection->simpleQuery('SELECT *\nFROM `...')
#3 /home/app/public_html/belleza/system/Database/BaseBuilder.php(1616): CodeIgniter\Database\BaseConnection->query('SELECT *\nFROM `...', Array, false)
#4 /home/app/public_html/belleza/system/Model.php(241): CodeIgniter\Database\BaseBuilder->get()
#5 /home/app/public_html/belleza/system/BaseModel.php(618): CodeIgniter\Model->doFindAll(0, 0)
#6 /home/app/public_html/belleza/app/Controllers/Clientes.php(19): CodeIgniter\BaseModel->findAll()
#7 /home/app/public_html/belleza/system/CodeIgniter.php(934): App\Controllers\Clientes->index()
#8 /home/app/public_html/belleza/system/CodeIgniter.php(499): CodeIgniter\CodeIgniter->runController(Object(App\Controllers\Clientes))
#9 /home/app/public_html/belleza/system/CodeIgniter.php(368): CodeIgniter\CodeIgniter->handleRequest(NULL, Object(Config\Cache), false)
#10 /home/app/public_html/belleza/index.php(67): CodeIgniter\CodeIgniter->run()
#11 {main}
CRITICAL - 2024-05-26 03:22:57 --> Table 'app_belleza.clientes' doesn't exist
in SYSTEMPATH/Database/MySQLi/Connection.php on line 295.
 1 SYSTEMPATH/Database/MySQLi/Connection.php(295): mysqli->query('SELECT *
FROM `clientes`
WHERE `estado` = 1', 0)
 2 SYSTEMPATH/Database/BaseConnection.php(691): CodeIgniter\Database\MySQLi\Connection->execute('SELECT *
FROM `clientes`
WHERE `estado` = 1')
 3 SYSTEMPATH/Database/BaseConnection.php(605): CodeIgniter\Database\BaseConnection->simpleQuery('SELECT *
FROM `clientes`
WHERE `estado` = 1')
 4 SYSTEMPATH/Database/BaseBuilder.php(1616): CodeIgniter\Database\BaseConnection->query('SELECT *
FROM `clientes`
WHERE `estado` = :estado:', [...], false)
 5 SYSTEMPATH/Model.php(241): CodeIgniter\Database\BaseBuilder->get()
 6 SYSTEMPATH/BaseModel.php(618): CodeIgniter\Model->doFindAll(0, 0)
 7 APPPATH/Controllers/Clientes.php(19): CodeIgniter\BaseModel->findAll()
 8 SYSTEMPATH/CodeIgniter.php(934): App\Controllers\Clientes->index()
 9 SYSTEMPATH/CodeIgniter.php(499): CodeIgniter\CodeIgniter->runController(Object(App\Controllers\Clientes))
10 SYSTEMPATH/CodeIgniter.php(368): CodeIgniter\CodeIgniter->handleRequest(null, Object(Config\Cache), false)
11 FCPATH/index.php(67): CodeIgniter\CodeIgniter->run()
ERROR - 2024-05-26 03:25:39 --> mysqli_sql_exception: Table 'app_belleza.proveedores' doesn't exist in /home/app/public_html/belleza/system/Database/MySQLi/Connection.php:295
Stack trace:
#0 /home/app/public_html/belleza/system/Database/MySQLi/Connection.php(295): mysqli->query('SELECT *\nFROM `...', 0)
#1 /home/app/public_html/belleza/system/Database/BaseConnection.php(691): CodeIgniter\Database\MySQLi\Connection->execute('SELECT *\nFROM `...')
#2 /home/app/public_html/belleza/system/Database/BaseConnection.php(605): CodeIgniter\Database\BaseConnection->simpleQuery('SELECT *\nFROM `...')
#3 /home/app/public_html/belleza/system/Database/BaseBuilder.php(1616): CodeIgniter\Database\BaseConnection->query('SELECT *\nFROM `...', Array, false)
#4 /home/app/public_html/belleza/system/Model.php(241): CodeIgniter\Database\BaseBuilder->get()
#5 /home/app/public_html/belleza/system/BaseModel.php(618): CodeIgniter\Model->doFindAll(0, 0)
#6 /home/app/public_html/belleza/app/Controllers/Proveedores.php(19): CodeIgniter\BaseModel->findAll()
#7 /home/app/public_html/belleza/system/CodeIgniter.php(934): App\Controllers\Proveedores->index()
#8 /home/app/public_html/belleza/system/CodeIgniter.php(499): CodeIgniter\CodeIgniter->runController(Object(App\Controllers\Proveedores))
#9 /home/app/public_html/belleza/system/CodeIgniter.php(368): CodeIgniter\CodeIgniter->handleRequest(NULL, Object(Config\Cache), false)
#10 /home/app/public_html/belleza/index.php(67): CodeIgniter\CodeIgniter->run()
#11 {main}
CRITICAL - 2024-05-26 03:25:39 --> Table 'app_belleza.proveedores' doesn't exist
in SYSTEMPATH/Database/MySQLi/Connection.php on line 295.
 1 SYSTEMPATH/Database/MySQLi/Connection.php(295): mysqli->query('SELECT *
FROM `proveedores`
WHERE `estado` = 1', 0)
 2 SYSTEMPATH/Database/BaseConnection.php(691): CodeIgniter\Database\MySQLi\Connection->execute('SELECT *
FROM `proveedores`
WHERE `estado` = 1')
 3 SYSTEMPATH/Database/BaseConnection.php(605): CodeIgniter\Database\BaseConnection->simpleQuery('SELECT *
FROM `proveedores`
WHERE `estado` = 1')
 4 SYSTEMPATH/Database/BaseBuilder.php(1616): CodeIgniter\Database\BaseConnection->query('SELECT *
FROM `proveedores`
WHERE `estado` = :estado:', [...], false)
 5 SYSTEMPATH/Model.php(241): CodeIgniter\Database\BaseBuilder->get()
 6 SYSTEMPATH/BaseModel.php(618): CodeIgniter\Model->doFindAll(0, 0)
 7 APPPATH/Controllers/Proveedores.php(19): CodeIgniter\BaseModel->findAll()
 8 SYSTEMPATH/CodeIgniter.php(934): App\Controllers\Proveedores->index()
 9 SYSTEMPATH/CodeIgniter.php(499): CodeIgniter\CodeIgniter->runController(Object(App\Controllers\Proveedores))
10 SYSTEMPATH/CodeIgniter.php(368): CodeIgniter\CodeIgniter->handleRequest(null, Object(Config\Cache), false)
11 FCPATH/index.php(67): CodeIgniter\CodeIgniter->run()
