ERROR - 2023-06-24 06:24:06 --> mysqli_sql_exception: Table 'app_belleza.Productos' doesn't exist in /home/app/public_html/belleza/system/Database/MySQLi/Connection.php:295
Stack trace:
#0 /home/app/public_html/belleza/system/Database/MySQLi/Connection.php(295): mysqli->query('SELECT *\nFROM `...', 0)
#1 /home/app/public_html/belleza/system/Database/BaseConnection.php(691): CodeIgniter\Database\MySQLi\Connection->execute('SELECT *\nFROM `...')
#2 /home/app/public_html/belleza/system/Database/BaseConnection.php(605): CodeIgniter\Database\BaseConnection->simpleQuery('SELECT *\nFROM `...')
#3 /home/app/public_html/belleza/system/Database/BaseBuilder.php(1616): CodeIgniter\Database\BaseConnection->query('SELECT *\nFROM `...', Array, false)
#4 /home/app/public_html/belleza/app/Models/ProductosModel.php(19): CodeIgniter\Database\BaseBuilder->get()
#5 /home/app/public_html/belleza/app/Controllers/Productos.php(18): App\Models\ProductosModel->getProductos()
#6 /home/app/public_html/belleza/system/CodeIgniter.php(934): App\Controllers\Productos->index()
#7 /home/app/public_html/belleza/system/CodeIgniter.php(499): CodeIgniter\CodeIgniter->runController(Object(App\Controllers\Productos))
#8 /home/app/public_html/belleza/system/CodeIgniter.php(368): CodeIgniter\CodeIgniter->handleRequest(NULL, Object(Config\Cache), false)
#9 /home/app/public_html/belleza/index.php(67): CodeIgniter\CodeIgniter->run()
#10 {main}
CRITICAL - 2023-06-24 06:24:06 --> Table 'app_belleza.Productos' doesn't exist
in SYSTEMPATH/Database/MySQLi/Connection.php on line 295.
 1 SYSTEMPATH/Database/MySQLi/Connection.php(295): mysqli->query('SELECT *
FROM `Productos` `c`
JOIN `categorias` `cc` ON `c`.`idcategoria` = `cc`.`idcategoria`
WHERE `c`.`estado` = 1', 0)
 2 SYSTEMPATH/Database/BaseConnection.php(691): CodeIgniter\Database\MySQLi\Connection->execute('SELECT *
FROM `Productos` `c`
JOIN `categorias` `cc` ON `c`.`idcategoria` = `cc`.`idcategoria`
WHERE `c`.`estado` = 1')
 3 SYSTEMPATH/Database/BaseConnection.php(605): CodeIgniter\Database\BaseConnection->simpleQuery('SELECT *
FROM `Productos` `c`
JOIN `categorias` `cc` ON `c`.`idcategoria` = `cc`.`idcategoria`
WHERE `c`.`estado` = 1')
 4 SYSTEMPATH/Database/BaseBuilder.php(1616): CodeIgniter\Database\BaseConnection->query('SELECT *
FROM `Productos` `c`
JOIN `categorias` `cc` ON `c`.`idcategoria` = `cc`.`idcategoria`
WHERE `c`.`estado` = :c.estado:', [...], false)
 5 APPPATH/Models/ProductosModel.php(19): CodeIgniter\Database\BaseBuilder->get()
 6 APPPATH/Controllers/Productos.php(18): App\Models\ProductosModel->getProductos()
 7 SYSTEMPATH/CodeIgniter.php(934): App\Controllers\Productos->index()
 8 SYSTEMPATH/CodeIgniter.php(499): CodeIgniter\CodeIgniter->runController(Object(App\Controllers\Productos))
 9 SYSTEMPATH/CodeIgniter.php(368): CodeIgniter\CodeIgniter->handleRequest(null, Object(Config\Cache), false)
10 FCPATH/index.php(67): CodeIgniter\CodeIgniter->run()
ERROR - 2023-06-24 06:24:23 --> mysqli_sql_exception: Table 'app_belleza.Productos' doesn't exist in /home/app/public_html/belleza/system/Database/MySQLi/Connection.php:295
Stack trace:
#0 /home/app/public_html/belleza/system/Database/MySQLi/Connection.php(295): mysqli->query('SELECT *\nFROM `...', 0)
#1 /home/app/public_html/belleza/system/Database/BaseConnection.php(691): CodeIgniter\Database\MySQLi\Connection->execute('SELECT *\nFROM `...')
#2 /home/app/public_html/belleza/system/Database/BaseConnection.php(605): CodeIgniter\Database\BaseConnection->simpleQuery('SELECT *\nFROM `...')
#3 /home/app/public_html/belleza/system/Database/BaseBuilder.php(1616): CodeIgniter\Database\BaseConnection->query('SELECT *\nFROM `...', Array, false)
#4 /home/app/public_html/belleza/app/Models/ProductosModel.php(19): CodeIgniter\Database\BaseBuilder->get()
#5 /home/app/public_html/belleza/app/Controllers/Productos.php(18): App\Models\ProductosModel->getProductos()
#6 /home/app/public_html/belleza/system/CodeIgniter.php(934): App\Controllers\Productos->index()
#7 /home/app/public_html/belleza/system/CodeIgniter.php(499): CodeIgniter\CodeIgniter->runController(Object(App\Controllers\Productos))
#8 /home/app/public_html/belleza/system/CodeIgniter.php(368): CodeIgniter\CodeIgniter->handleRequest(NULL, Object(Config\Cache), false)
#9 /home/app/public_html/belleza/index.php(67): CodeIgniter\CodeIgniter->run()
#10 {main}
CRITICAL - 2023-06-24 06:24:23 --> Table 'app_belleza.Productos' doesn't exist
in SYSTEMPATH/Database/MySQLi/Connection.php on line 295.
 1 SYSTEMPATH/Database/MySQLi/Connection.php(295): mysqli->query('SELECT *
FROM `Productos` `c`
JOIN `categorias` `cc` ON `c`.`idcategoria` = `cc`.`idcategoria`
WHERE `c`.`estado` = 1', 0)
 2 SYSTEMPATH/Database/BaseConnection.php(691): CodeIgniter\Database\MySQLi\Connection->execute('SELECT *
FROM `Productos` `c`
JOIN `categorias` `cc` ON `c`.`idcategoria` = `cc`.`idcategoria`
WHERE `c`.`estado` = 1')
 3 SYSTEMPATH/Database/BaseConnection.php(605): CodeIgniter\Database\BaseConnection->simpleQuery('SELECT *
FROM `Productos` `c`
JOIN `categorias` `cc` ON `c`.`idcategoria` = `cc`.`idcategoria`
WHERE `c`.`estado` = 1')
 4 SYSTEMPATH/Database/BaseBuilder.php(1616): CodeIgniter\Database\BaseConnection->query('SELECT *
FROM `Productos` `c`
JOIN `categorias` `cc` ON `c`.`idcategoria` = `cc`.`idcategoria`
WHERE `c`.`estado` = :c.estado:', [...], false)
 5 APPPATH/Models/ProductosModel.php(19): CodeIgniter\Database\BaseBuilder->get()
 6 APPPATH/Controllers/Productos.php(18): App\Models\ProductosModel->getProductos()
 7 SYSTEMPATH/CodeIgniter.php(934): App\Controllers\Productos->index()
 8 SYSTEMPATH/CodeIgniter.php(499): CodeIgniter\CodeIgniter->runController(Object(App\Controllers\Productos))
 9 SYSTEMPATH/CodeIgniter.php(368): CodeIgniter\CodeIgniter->handleRequest(null, Object(Config\Cache), false)
10 FCPATH/index.php(67): CodeIgniter\CodeIgniter->run()
ERROR - 2023-06-24 06:25:17 --> mysqli_sql_exception: Table 'app_belleza.Productos' doesn't exist in /home/app/public_html/belleza/system/Database/MySQLi/Connection.php:295
Stack trace:
#0 /home/app/public_html/belleza/system/Database/MySQLi/Connection.php(295): mysqli->query('SELECT *\nFROM `...', 0)
#1 /home/app/public_html/belleza/system/Database/BaseConnection.php(691): CodeIgniter\Database\MySQLi\Connection->execute('SELECT *\nFROM `...')
#2 /home/app/public_html/belleza/system/Database/BaseConnection.php(605): CodeIgniter\Database\BaseConnection->simpleQuery('SELECT *\nFROM `...')
#3 /home/app/public_html/belleza/system/Database/BaseBuilder.php(1616): CodeIgniter\Database\BaseConnection->query('SELECT *\nFROM `...', Array, false)
#4 /home/app/public_html/belleza/app/Models/ProductosModel.php(19): CodeIgniter\Database\BaseBuilder->get()
#5 /home/app/public_html/belleza/app/Controllers/Productos.php(18): App\Models\ProductosModel->getProductos()
#6 /home/app/public_html/belleza/system/CodeIgniter.php(934): App\Controllers\Productos->index()
#7 /home/app/public_html/belleza/system/CodeIgniter.php(499): CodeIgniter\CodeIgniter->runController(Object(App\Controllers\Productos))
#8 /home/app/public_html/belleza/system/CodeIgniter.php(368): CodeIgniter\CodeIgniter->handleRequest(NULL, Object(Config\Cache), false)
#9 /home/app/public_html/belleza/index.php(67): CodeIgniter\CodeIgniter->run()
#10 {main}
CRITICAL - 2023-06-24 06:25:17 --> Table 'app_belleza.Productos' doesn't exist
in SYSTEMPATH/Database/MySQLi/Connection.php on line 295.
 1 SYSTEMPATH/Database/MySQLi/Connection.php(295): mysqli->query('SELECT *
FROM `Productos` `c`
JOIN `categorias` `cc` ON `c`.`idcategoria` = `cc`.`idcategoria`
WHERE `c`.`estado` = 1', 0)
 2 SYSTEMPATH/Database/BaseConnection.php(691): CodeIgniter\Database\MySQLi\Connection->execute('SELECT *
FROM `Productos` `c`
JOIN `categorias` `cc` ON `c`.`idcategoria` = `cc`.`idcategoria`
WHERE `c`.`estado` = 1')
 3 SYSTEMPATH/Database/BaseConnection.php(605): CodeIgniter\Database\BaseConnection->simpleQuery('SELECT *
FROM `Productos` `c`
JOIN `categorias` `cc` ON `c`.`idcategoria` = `cc`.`idcategoria`
WHERE `c`.`estado` = 1')
 4 SYSTEMPATH/Database/BaseBuilder.php(1616): CodeIgniter\Database\BaseConnection->query('SELECT *
FROM `Productos` `c`
JOIN `categorias` `cc` ON `c`.`idcategoria` = `cc`.`idcategoria`
WHERE `c`.`estado` = :c.estado:', [...], false)
 5 APPPATH/Models/ProductosModel.php(19): CodeIgniter\Database\BaseBuilder->get()
 6 APPPATH/Controllers/Productos.php(18): App\Models\ProductosModel->getProductos()
 7 SYSTEMPATH/CodeIgniter.php(934): App\Controllers\Productos->index()
 8 SYSTEMPATH/CodeIgniter.php(499): CodeIgniter\CodeIgniter->runController(Object(App\Controllers\Productos))
 9 SYSTEMPATH/CodeIgniter.php(368): CodeIgniter\CodeIgniter->handleRequest(null, Object(Config\Cache), false)
10 FCPATH/index.php(67): CodeIgniter\CodeIgniter->run()
ERROR - 2023-06-24 08:02:00 --> mysqli_sql_exception: Table 'app_belleza.tipopago' doesn't exist in /home/app/public_html/belleza/system/Database/MySQLi/Connection.php:295
Stack trace:
#0 /home/app/public_html/belleza/system/Database/MySQLi/Connection.php(295): mysqli->query('SELECT *\nFROM `...', 0)
#1 /home/app/public_html/belleza/system/Database/BaseConnection.php(691): CodeIgniter\Database\MySQLi\Connection->execute('SELECT *\nFROM `...')
#2 /home/app/public_html/belleza/system/Database/BaseConnection.php(605): CodeIgniter\Database\BaseConnection->simpleQuery('SELECT *\nFROM `...')
#3 /home/app/public_html/belleza/system/Database/BaseBuilder.php(1616): CodeIgniter\Database\BaseConnection->query('SELECT *\nFROM `...', Array, false)
#4 /home/app/public_html/belleza/app/Models/VentasModel.php(21): CodeIgniter\Database\BaseBuilder->get()
#5 /home/app/public_html/belleza/app/Controllers/Ventas.php(18): App\Models\VentasModel->getVentas()
#6 /home/app/public_html/belleza/system/CodeIgniter.php(934): App\Controllers\Ventas->index()
#7 /home/app/public_html/belleza/system/CodeIgniter.php(499): CodeIgniter\CodeIgniter->runController(Object(App\Controllers\Ventas))
#8 /home/app/public_html/belleza/system/CodeIgniter.php(368): CodeIgniter\CodeIgniter->handleRequest(NULL, Object(Config\Cache), false)
#9 /home/app/public_html/belleza/index.php(67): CodeIgniter\CodeIgniter->run()
#10 {main}
CRITICAL - 2023-06-24 08:02:00 --> Table 'app_belleza.tipopago' doesn't exist
in SYSTEMPATH/Database/MySQLi/Connection.php on line 295.
 1 SYSTEMPATH/Database/MySQLi/Connection.php(295): mysqli->query('SELECT *
FROM `ventas` `c`
JOIN `clientes` `tc` ON `c`.`id_cliente` = `tc`.`id`
JOIN `tipopago` `cc` ON `c`.`id_tipopago` = `cc`.`idtipopago`
JOIN `almacen` `nc` ON `c`.`id_almacen` = `nc`.`idalmacen`
WHERE `c`.`estado` = 1', 0)
 2 SYSTEMPATH/Database/BaseConnection.php(691): CodeIgniter\Database\MySQLi\Connection->execute('SELECT *
FROM `ventas` `c`
JOIN `clientes` `tc` ON `c`.`id_cliente` = `tc`.`id`
JOIN `tipopago` `cc` ON `c`.`id_tipopago` = `cc`.`idtipopago`
JOIN `almacen` `nc` ON `c`.`id_almacen` = `nc`.`idalmacen`
WHERE `c`.`estado` = 1')
 3 SYSTEMPATH/Database/BaseConnection.php(605): CodeIgniter\Database\BaseConnection->simpleQuery('SELECT *
FROM `ventas` `c`
JOIN `clientes` `tc` ON `c`.`id_cliente` = `tc`.`id`
JOIN `tipopago` `cc` ON `c`.`id_tipopago` = `cc`.`idtipopago`
JOIN `almacen` `nc` ON `c`.`id_almacen` = `nc`.`idalmacen`
WHERE `c`.`estado` = 1')
 4 SYSTEMPATH/Database/BaseBuilder.php(1616): CodeIgniter\Database\BaseConnection->query('SELECT *
FROM `ventas` `c`
JOIN `clientes` `tc` ON `c`.`id_cliente` = `tc`.`id`
JOIN `tipopago` `cc` ON `c`.`id_tipopago` = `cc`.`idtipopago`
JOIN `almacen` `nc` ON `c`.`id_almacen` = `nc`.`idalmacen`
WHERE `c`.`estado` = :c.estado:', [...], false)
 5 APPPATH/Models/VentasModel.php(21): CodeIgniter\Database\BaseBuilder->get()
 6 APPPATH/Controllers/Ventas.php(18): App\Models\VentasModel->getVentas()
 7 SYSTEMPATH/CodeIgniter.php(934): App\Controllers\Ventas->index()
 8 SYSTEMPATH/CodeIgniter.php(499): CodeIgniter\CodeIgniter->runController(Object(App\Controllers\Ventas))
 9 SYSTEMPATH/CodeIgniter.php(368): CodeIgniter\CodeIgniter->handleRequest(null, Object(Config\Cache), false)
10 FCPATH/index.php(67): CodeIgniter\CodeIgniter->run()
