CRITICAL - 2023-04-26 00:55:08 --> "required " is not a valid rule.
in SYSTEMPATH\Validation\Validation.php on line 320.
 1 SYSTEMPATH\Validation\Validation.php(320): CodeIgniter\Validation\Exceptions\ValidationException::forRuleNotFound('required ')
 2 SYSTEMPATH\Validation\Validation.php(170): CodeIgniter\Validation\Validation->processRules('nombres', 'nombres', 'Caleb', [...], [...])
 3 APPPATH\Controllers\Registros.php(47): CodeIgniter\Validation\Validation->run()
 4 SYSTEMPATH\CodeIgniter.php(934): App\Controllers\Registros->create()
 5 SYSTEMPATH\CodeIgniter.php(499): CodeIgniter\CodeIgniter->runController(Object(App\Controllers\Registros))
 6 SYSTEMPATH\CodeIgniter.php(368): CodeIgniter\CodeIgniter->handleRequest(null, Object(Config\Cache), false)
 7 FCPATH\index.php(67): CodeIgniter\CodeIgniter->run()
CRITICAL - 2023-04-26 00:56:11 --> "required " is not a valid rule.
in SYSTEMPATH\Validation\Validation.php on line 320.
 1 SYSTEMPATH\Validation\Validation.php(320): CodeIgniter\Validation\Exceptions\ValidationException::forRuleNotFound('required ')
 2 SYSTEMPATH\Validation\Validation.php(170): CodeIgniter\Validation\Validation->processRules('nombres', 'nombres', 'Caleb', [...], [...])
 3 APPPATH\Controllers\Registros.php(47): CodeIgniter\Validation\Validation->run()
 4 SYSTEMPATH\CodeIgniter.php(934): App\Controllers\Registros->create()
 5 SYSTEMPATH\CodeIgniter.php(499): CodeIgniter\CodeIgniter->runController(Object(App\Controllers\Registros))
 6 SYSTEMPATH\CodeIgniter.php(368): CodeIgniter\CodeIgniter->handleRequest(null, Object(Config\Cache), false)
 7 FCPATH\index.php(67): CodeIgniter\CodeIgniter->run()
CRITICAL - 2023-04-26 00:59:28 --> "required " is not a valid rule.
in SYSTEMPATH\Validation\Validation.php on line 320.
 1 SYSTEMPATH\Validation\Validation.php(320): CodeIgniter\Validation\Exceptions\ValidationException::forRuleNotFound('required ')
 2 SYSTEMPATH\Validation\Validation.php(170): CodeIgniter\Validation\Validation->processRules('nombres', 'nombres', 'Caleb', [...], [...])
 3 APPPATH\Controllers\Registros.php(47): CodeIgniter\Validation\Validation->run()
 4 SYSTEMPATH\CodeIgniter.php(934): App\Controllers\Registros->create()
 5 SYSTEMPATH\CodeIgniter.php(499): CodeIgniter\CodeIgniter->runController(Object(App\Controllers\Registros))
 6 SYSTEMPATH\CodeIgniter.php(368): CodeIgniter\CodeIgniter->handleRequest(null, Object(Config\Cache), false)
 7 FCPATH\index.php(67): CodeIgniter\CodeIgniter->run()
CRITICAL - 2023-04-26 00:59:39 --> "required " is not a valid rule.
in SYSTEMPATH\Validation\Validation.php on line 320.
 1 SYSTEMPATH\Validation\Validation.php(320): CodeIgniter\Validation\Exceptions\ValidationException::forRuleNotFound('required ')
 2 SYSTEMPATH\Validation\Validation.php(170): CodeIgniter\Validation\Validation->processRules('nombres', 'nombres', 'Caleb', [...], [...])
 3 APPPATH\Controllers\Registros.php(47): CodeIgniter\Validation\Validation->run()
 4 SYSTEMPATH\CodeIgniter.php(934): App\Controllers\Registros->create()
 5 SYSTEMPATH\CodeIgniter.php(499): CodeIgniter\CodeIgniter->runController(Object(App\Controllers\Registros))
 6 SYSTEMPATH\CodeIgniter.php(368): CodeIgniter\CodeIgniter->handleRequest(null, Object(Config\Cache), false)
 7 FCPATH\index.php(67): CodeIgniter\CodeIgniter->run()
CRITICAL - 2023-04-26 01:00:34 --> "required " is not a valid rule.
in SYSTEMPATH\Validation\Validation.php on line 320.
 1 SYSTEMPATH\Validation\Validation.php(320): CodeIgniter\Validation\Exceptions\ValidationException::forRuleNotFound('required ')
 2 SYSTEMPATH\Validation\Validation.php(170): CodeIgniter\Validation\Validation->processRules('nombres', 'nombres', 'Caleb', [...], [...])
 3 APPPATH\Controllers\Registros.php(47): CodeIgniter\Validation\Validation->run()
 4 SYSTEMPATH\CodeIgniter.php(934): App\Controllers\Registros->create()
 5 SYSTEMPATH\CodeIgniter.php(499): CodeIgniter\CodeIgniter->runController(Object(App\Controllers\Registros))
 6 SYSTEMPATH\CodeIgniter.php(368): CodeIgniter\CodeIgniter->handleRequest(null, Object(Config\Cache), false)
 7 FCPATH\index.php(67): CodeIgniter\CodeIgniter->run()
CRITICAL - 2023-04-26 01:00:40 --> "required " is not a valid rule.
in SYSTEMPATH\Validation\Validation.php on line 320.
 1 SYSTEMPATH\Validation\Validation.php(320): CodeIgniter\Validation\Exceptions\ValidationException::forRuleNotFound('required ')
 2 SYSTEMPATH\Validation\Validation.php(170): CodeIgniter\Validation\Validation->processRules('nombres', 'nombres', 'Caleb', [...], [...])
 3 APPPATH\Controllers\Registros.php(47): CodeIgniter\Validation\Validation->run()
 4 SYSTEMPATH\CodeIgniter.php(934): App\Controllers\Registros->create()
 5 SYSTEMPATH\CodeIgniter.php(499): CodeIgniter\CodeIgniter->runController(Object(App\Controllers\Registros))
 6 SYSTEMPATH\CodeIgniter.php(368): CodeIgniter\CodeIgniter->handleRequest(null, Object(Config\Cache), false)
 7 FCPATH\index.php(67): CodeIgniter\CodeIgniter->run()
CRITICAL - 2023-04-26 01:01:00 --> "required " is not a valid rule.
in SYSTEMPATH\Validation\Validation.php on line 320.
 1 SYSTEMPATH\Validation\Validation.php(320): CodeIgniter\Validation\Exceptions\ValidationException::forRuleNotFound('required ')
 2 SYSTEMPATH\Validation\Validation.php(170): CodeIgniter\Validation\Validation->processRules('nombres', 'nombres', 'Caleb', [...], [...])
 3 APPPATH\Controllers\Registros.php(47): CodeIgniter\Validation\Validation->run()
 4 SYSTEMPATH\CodeIgniter.php(934): App\Controllers\Registros->create()
 5 SYSTEMPATH\CodeIgniter.php(499): CodeIgniter\CodeIgniter->runController(Object(App\Controllers\Registros))
 6 SYSTEMPATH\CodeIgniter.php(368): CodeIgniter\CodeIgniter->handleRequest(null, Object(Config\Cache), false)
 7 FCPATH\index.php(67): CodeIgniter\CodeIgniter->run()
CRITICAL - 2023-04-26 02:16:25 --> syntax error, unexpected 'if' (T_IF)
in APPPATH\Config\Routes.php on line 48.
 1 SYSTEMPATH\CodeIgniter.php(802): CodeIgniter\Router\RouteCollection->loadRoutes()
 2 SYSTEMPATH\CodeIgniter.php(449): CodeIgniter\CodeIgniter->tryToRouteIt(null)
 3 SYSTEMPATH\CodeIgniter.php(368): CodeIgniter\CodeIgniter->handleRequest(null, Object(Config\Cache), false)
 4 FCPATH\index.php(67): CodeIgniter\CodeIgniter->run()
CRITICAL - 2023-04-26 03:18:28 --> Undefined index: cliente_id
in APPPATH\Controllers\Clientes.php on line 37.
 1 APPPATH\Controllers\Clientes.php(37): CodeIgniter\Debug\Exceptions->errorHandler(8, 'Undefined index: cliente_id', 'C:\\xamp\\htdocs\\restful\\app\\Controllers\\Clientes.php', 37, [...])
 2 SYSTEMPATH\CodeIgniter.php(934): App\Controllers\Clientes->create()
 3 SYSTEMPATH\CodeIgniter.php(499): CodeIgniter\CodeIgniter->runController(Object(App\Controllers\Clientes))
 4 SYSTEMPATH\CodeIgniter.php(368): CodeIgniter\CodeIgniter->handleRequest(null, Object(Config\Cache), false)
 5 FCPATH\index.php(67): CodeIgniter\CodeIgniter->run()
CRITICAL - 2023-04-26 03:19:24 --> Undefined index: cliente_id
in APPPATH\Controllers\Clientes.php on line 37.
 1 APPPATH\Controllers\Clientes.php(37): CodeIgniter\Debug\Exceptions->errorHandler(8, 'Undefined index: cliente_id', 'C:\\xamp\\htdocs\\restful\\app\\Controllers\\Clientes.php', 37, [...])
 2 SYSTEMPATH\CodeIgniter.php(934): App\Controllers\Clientes->create()
 3 SYSTEMPATH\CodeIgniter.php(499): CodeIgniter\CodeIgniter->runController(Object(App\Controllers\Clientes))
 4 SYSTEMPATH\CodeIgniter.php(368): CodeIgniter\CodeIgniter->handleRequest(null, Object(Config\Cache), false)
 5 FCPATH\index.php(67): CodeIgniter\CodeIgniter->run()
CRITICAL - 2023-04-26 03:20:40 --> Undefined index: cliente_id
in APPPATH\Controllers\Clientes.php on line 37.
 1 APPPATH\Controllers\Clientes.php(37): CodeIgniter\Debug\Exceptions->errorHandler(8, 'Undefined index: cliente_id', 'C:\\xamp\\htdocs\\restful\\app\\Controllers\\Clientes.php', 37, [...])
 2 SYSTEMPATH\CodeIgniter.php(934): App\Controllers\Clientes->create()
 3 SYSTEMPATH\CodeIgniter.php(499): CodeIgniter\CodeIgniter->runController(Object(App\Controllers\Clientes))
 4 SYSTEMPATH\CodeIgniter.php(368): CodeIgniter\CodeIgniter->handleRequest(null, Object(Config\Cache), false)
 5 FCPATH\index.php(67): CodeIgniter\CodeIgniter->run()
CRITICAL - 2023-04-26 03:21:02 --> Undefined index: cliente_id
in APPPATH\Controllers\Clientes.php on line 37.
 1 APPPATH\Controllers\Clientes.php(37): CodeIgniter\Debug\Exceptions->errorHandler(8, 'Undefined index: cliente_id', 'C:\\xamp\\htdocs\\restful\\app\\Controllers\\Clientes.php', 37, [...])
 2 SYSTEMPATH\CodeIgniter.php(934): App\Controllers\Clientes->create()
 3 SYSTEMPATH\CodeIgniter.php(499): CodeIgniter\CodeIgniter->runController(Object(App\Controllers\Clientes))
 4 SYSTEMPATH\CodeIgniter.php(368): CodeIgniter\CodeIgniter->handleRequest(null, Object(Config\Cache), false)
 5 FCPATH\index.php(67): CodeIgniter\CodeIgniter->run()
CRITICAL - 2023-04-26 03:22:32 --> Undefined index: cliente_id
in APPPATH\Controllers\Clientes.php on line 37.
 1 APPPATH\Controllers\Clientes.php(37): CodeIgniter\Debug\Exceptions->errorHandler(8, 'Undefined index: cliente_id', 'C:\\xamp\\htdocs\\restful\\app\\Controllers\\Clientes.php', 37, [...])
 2 SYSTEMPATH\CodeIgniter.php(934): App\Controllers\Clientes->create()
 3 SYSTEMPATH\CodeIgniter.php(499): CodeIgniter\CodeIgniter->runController(Object(App\Controllers\Clientes))
 4 SYSTEMPATH\CodeIgniter.php(368): CodeIgniter\CodeIgniter->handleRequest(null, Object(Config\Cache), false)
 5 FCPATH\index.php(67): CodeIgniter\CodeIgniter->run()
CRITICAL - 2023-04-26 17:42:05 --> Undefined index: cliente_id
in APPPATH\Controllers\Clientes.php on line 37.
 1 APPPATH\Controllers\Clientes.php(37): CodeIgniter\Debug\Exceptions->errorHandler(8, 'Undefined index: cliente_id', 'C:\\xamp\\htdocs\\restful\\app\\Controllers\\Clientes.php', 37, [...])
 2 SYSTEMPATH\CodeIgniter.php(934): App\Controllers\Clientes->create()
 3 SYSTEMPATH\CodeIgniter.php(499): CodeIgniter\CodeIgniter->runController(Object(App\Controllers\Clientes))
 4 SYSTEMPATH\CodeIgniter.php(368): CodeIgniter\CodeIgniter->handleRequest(null, Object(Config\Cache), false)
 5 FCPATH\index.php(67): CodeIgniter\CodeIgniter->run()
CRITICAL - 2023-04-26 17:42:55 --> Undefined index: cliente_id
in APPPATH\Controllers\Clientes.php on line 37.
 1 APPPATH\Controllers\Clientes.php(37): CodeIgniter\Debug\Exceptions->errorHandler(8, 'Undefined index: cliente_id', 'C:\\xamp\\htdocs\\restful\\app\\Controllers\\Clientes.php', 37, [...])
 2 SYSTEMPATH\CodeIgniter.php(934): App\Controllers\Clientes->create()
 3 SYSTEMPATH\CodeIgniter.php(499): CodeIgniter\CodeIgniter->runController(Object(App\Controllers\Clientes))
 4 SYSTEMPATH\CodeIgniter.php(368): CodeIgniter\CodeIgniter->handleRequest(null, Object(Config\Cache), false)
 5 FCPATH\index.php(67): CodeIgniter\CodeIgniter->run()
CRITICAL - 2023-04-26 17:51:21 --> Undefined index: cliente_id
in APPPATH\Controllers\Clientes.php on line 37.
 1 APPPATH\Controllers\Clientes.php(37): CodeIgniter\Debug\Exceptions->errorHandler(8, 'Undefined index: cliente_id', 'C:\\xamp\\htdocs\\restful\\app\\Controllers\\Clientes.php', 37, [...])
 2 SYSTEMPATH\CodeIgniter.php(934): App\Controllers\Clientes->create()
 3 SYSTEMPATH\CodeIgniter.php(499): CodeIgniter\CodeIgniter->runController(Object(App\Controllers\Clientes))
 4 SYSTEMPATH\CodeIgniter.php(368): CodeIgniter\CodeIgniter->handleRequest(null, Object(Config\Cache), false)
 5 FCPATH\index.php(67): CodeIgniter\CodeIgniter->run()
