ERROR - 2023-06-17 07:50:08 --> mysqli_sql_exception: Table 'app_belleza.Clientes' doesn't exist in /home/app/public_html/belleza/system/Database/MySQLi/Connection.php:295
Stack trace:
#0 /home/app/public_html/belleza/system/Database/MySQLi/Connection.php(295): mysqli->query('SELECT *\nFROM `...', 0)
#1 /home/app/public_html/belleza/system/Database/BaseConnection.php(691): CodeIgniter\Database\MySQLi\Connection->execute('SELECT *\nFROM `...')
#2 /home/app/public_html/belleza/system/Database/BaseConnection.php(605): CodeIgniter\Database\BaseConnection->simpleQuery('SELECT *\nFROM `...')
#3 /home/app/public_html/belleza/system/Database/BaseBuilder.php(1616): CodeIgniter\Database\BaseConnection->query('SELECT *\nFROM `...', Array, false)
#4 /home/app/public_html/belleza/system/Model.php(241): CodeIgniter\Database\BaseBuilder->get()
#5 /home/app/public_html/belleza/system/BaseModel.php(618): CodeIgniter\Model->doFindAll(0, 0)
#6 /home/app/public_html/belleza/app/Controllers/Clientes.php(21): CodeIgniter\BaseModel->findAll()
#7 /home/app/public_html/belleza/system/CodeIgniter.php(934): App\Controllers\Clientes->index()
#8 /home/app/public_html/belleza/system/CodeIgniter.php(499): CodeIgniter\CodeIgniter->runController(Object(App\Controllers\Clientes))
#9 /home/app/public_html/belleza/system/CodeIgniter.php(368): CodeIgniter\CodeIgniter->handleRequest(NULL, Object(Config\Cache), false)
#10 /home/app/public_html/belleza/index.php(67): CodeIgniter\CodeIgniter->run()
#11 {main}
CRITICAL - 2023-06-17 07:50:08 --> Table 'app_belleza.Clientes' doesn't exist
in SYSTEMPATH/Database/MySQLi/Connection.php on line 295.
 1 SYSTEMPATH/Database/MySQLi/Connection.php(295): mysqli->query('SELECT *
FROM `Clientes`
WHERE `estado` = 1', 0)
 2 SYSTEMPATH/Database/BaseConnection.php(691): CodeIgniter\Database\MySQLi\Connection->execute('SELECT *
FROM `Clientes`
WHERE `estado` = 1')
 3 SYSTEMPATH/Database/BaseConnection.php(605): CodeIgniter\Database\BaseConnection->simpleQuery('SELECT *
FROM `Clientes`
WHERE `estado` = 1')
 4 SYSTEMPATH/Database/BaseBuilder.php(1616): CodeIgniter\Database\BaseConnection->query('SELECT *
FROM `Clientes`
WHERE `estado` = :estado:', [...], false)
 5 SYSTEMPATH/Model.php(241): CodeIgniter\Database\BaseBuilder->get()
 6 SYSTEMPATH/BaseModel.php(618): CodeIgniter\Model->doFindAll(0, 0)
 7 APPPATH/Controllers/Clientes.php(21): CodeIgniter\BaseModel->findAll()
 8 SYSTEMPATH/CodeIgniter.php(934): App\Controllers\Clientes->index()
 9 SYSTEMPATH/CodeIgniter.php(499): CodeIgniter\CodeIgniter->runController(Object(App\Controllers\Clientes))
10 SYSTEMPATH/CodeIgniter.php(368): CodeIgniter\CodeIgniter->handleRequest(null, Object(Config\Cache), false)
11 FCPATH/index.php(67): CodeIgniter\CodeIgniter->run()
ERROR - 2023-06-17 07:51:10 --> mysqli_sql_exception: Table 'app_belleza.Clientes' doesn't exist in /home/app/public_html/belleza/system/Database/MySQLi/Connection.php:295
Stack trace:
#0 /home/app/public_html/belleza/system/Database/MySQLi/Connection.php(295): mysqli->query('SELECT *\nFROM `...', 0)
#1 /home/app/public_html/belleza/system/Database/BaseConnection.php(691): CodeIgniter\Database\MySQLi\Connection->execute('SELECT *\nFROM `...')
#2 /home/app/public_html/belleza/system/Database/BaseConnection.php(605): CodeIgniter\Database\BaseConnection->simpleQuery('SELECT *\nFROM `...')
#3 /home/app/public_html/belleza/system/Database/BaseBuilder.php(1616): CodeIgniter\Database\BaseConnection->query('SELECT *\nFROM `...', Array, false)
#4 /home/app/public_html/belleza/system/Model.php(241): CodeIgniter\Database\BaseBuilder->get()
#5 /home/app/public_html/belleza/system/BaseModel.php(618): CodeIgniter\Model->doFindAll(0, 0)
#6 /home/app/public_html/belleza/app/Controllers/Clientes.php(21): CodeIgniter\BaseModel->findAll()
#7 /home/app/public_html/belleza/system/CodeIgniter.php(934): App\Controllers\Clientes->index()
#8 /home/app/public_html/belleza/system/CodeIgniter.php(499): CodeIgniter\CodeIgniter->runController(Object(App\Controllers\Clientes))
#9 /home/app/public_html/belleza/system/CodeIgniter.php(368): CodeIgniter\CodeIgniter->handleRequest(NULL, Object(Config\Cache), false)
#10 /home/app/public_html/belleza/index.php(67): CodeIgniter\CodeIgniter->run()
#11 {main}
CRITICAL - 2023-06-17 07:51:10 --> Table 'app_belleza.Clientes' doesn't exist
in SYSTEMPATH/Database/MySQLi/Connection.php on line 295.
 1 SYSTEMPATH/Database/MySQLi/Connection.php(295): mysqli->query('SELECT *
FROM `Clientes`
WHERE `estado` = 1', 0)
 2 SYSTEMPATH/Database/BaseConnection.php(691): CodeIgniter\Database\MySQLi\Connection->execute('SELECT *
FROM `Clientes`
WHERE `estado` = 1')
 3 SYSTEMPATH/Database/BaseConnection.php(605): CodeIgniter\Database\BaseConnection->simpleQuery('SELECT *
FROM `Clientes`
WHERE `estado` = 1')
 4 SYSTEMPATH/Database/BaseBuilder.php(1616): CodeIgniter\Database\BaseConnection->query('SELECT *
FROM `Clientes`
WHERE `estado` = :estado:', [...], false)
 5 SYSTEMPATH/Model.php(241): CodeIgniter\Database\BaseBuilder->get()
 6 SYSTEMPATH/BaseModel.php(618): CodeIgniter\Model->doFindAll(0, 0)
 7 APPPATH/Controllers/Clientes.php(21): CodeIgniter\BaseModel->findAll()
 8 SYSTEMPATH/CodeIgniter.php(934): App\Controllers\Clientes->index()
 9 SYSTEMPATH/CodeIgniter.php(499): CodeIgniter\CodeIgniter->runController(Object(App\Controllers\Clientes))
10 SYSTEMPATH/CodeIgniter.php(368): CodeIgniter\CodeIgniter->handleRequest(null, Object(Config\Cache), false)
11 FCPATH/index.php(67): CodeIgniter\CodeIgniter->run()
ERROR - 2023-06-17 07:51:38 --> mysqli_sql_exception: Table 'app_belleza.Clientes' doesn't exist in /home/app/public_html/belleza/system/Database/MySQLi/Connection.php:295
Stack trace:
#0 /home/app/public_html/belleza/system/Database/MySQLi/Connection.php(295): mysqli->query('SELECT *\nFROM `...', 0)
#1 /home/app/public_html/belleza/system/Database/BaseConnection.php(691): CodeIgniter\Database\MySQLi\Connection->execute('SELECT *\nFROM `...')
#2 /home/app/public_html/belleza/system/Database/BaseConnection.php(605): CodeIgniter\Database\BaseConnection->simpleQuery('SELECT *\nFROM `...')
#3 /home/app/public_html/belleza/system/Database/BaseBuilder.php(1616): CodeIgniter\Database\BaseConnection->query('SELECT *\nFROM `...', Array, false)
#4 /home/app/public_html/belleza/system/Model.php(241): CodeIgniter\Database\BaseBuilder->get()
#5 /home/app/public_html/belleza/system/BaseModel.php(618): CodeIgniter\Model->doFindAll(0, 0)
#6 /home/app/public_html/belleza/app/Controllers/Clientes.php(21): CodeIgniter\BaseModel->findAll()
#7 /home/app/public_html/belleza/system/CodeIgniter.php(934): App\Controllers\Clientes->index()
#8 /home/app/public_html/belleza/system/CodeIgniter.php(499): CodeIgniter\CodeIgniter->runController(Object(App\Controllers\Clientes))
#9 /home/app/public_html/belleza/system/CodeIgniter.php(368): CodeIgniter\CodeIgniter->handleRequest(NULL, Object(Config\Cache), false)
#10 /home/app/public_html/belleza/index.php(67): CodeIgniter\CodeIgniter->run()
#11 {main}
CRITICAL - 2023-06-17 07:51:38 --> Table 'app_belleza.Clientes' doesn't exist
in SYSTEMPATH/Database/MySQLi/Connection.php on line 295.
 1 SYSTEMPATH/Database/MySQLi/Connection.php(295): mysqli->query('SELECT *
FROM `Clientes`
WHERE `estado` = 1', 0)
 2 SYSTEMPATH/Database/BaseConnection.php(691): CodeIgniter\Database\MySQLi\Connection->execute('SELECT *
FROM `Clientes`
WHERE `estado` = 1')
 3 SYSTEMPATH/Database/BaseConnection.php(605): CodeIgniter\Database\BaseConnection->simpleQuery('SELECT *
FROM `Clientes`
WHERE `estado` = 1')
 4 SYSTEMPATH/Database/BaseBuilder.php(1616): CodeIgniter\Database\BaseConnection->query('SELECT *
FROM `Clientes`
WHERE `estado` = :estado:', [...], false)
 5 SYSTEMPATH/Model.php(241): CodeIgniter\Database\BaseBuilder->get()
 6 SYSTEMPATH/BaseModel.php(618): CodeIgniter\Model->doFindAll(0, 0)
 7 APPPATH/Controllers/Clientes.php(21): CodeIgniter\BaseModel->findAll()
 8 SYSTEMPATH/CodeIgniter.php(934): App\Controllers\Clientes->index()
 9 SYSTEMPATH/CodeIgniter.php(499): CodeIgniter\CodeIgniter->runController(Object(App\Controllers\Clientes))
10 SYSTEMPATH/CodeIgniter.php(368): CodeIgniter\CodeIgniter->handleRequest(null, Object(Config\Cache), false)
11 FCPATH/index.php(67): CodeIgniter\CodeIgniter->run()
ERROR - 2023-06-17 07:58:46 --> mysqli_sql_exception: Unknown column 'nombre' in 'field list' in /home/app/public_html/belleza/system/Database/MySQLi/Connection.php:295
Stack trace:
#0 /home/app/public_html/belleza/system/Database/MySQLi/Connection.php(295): mysqli->query('INSERT INTO `cl...', 0)
#1 /home/app/public_html/belleza/system/Database/BaseConnection.php(691): CodeIgniter\Database\MySQLi\Connection->execute('INSERT INTO `cl...')
#2 /home/app/public_html/belleza/system/Database/BaseConnection.php(605): CodeIgniter\Database\BaseConnection->simpleQuery('INSERT INTO `cl...')
#3 /home/app/public_html/belleza/system/Database/BaseBuilder.php(2309): CodeIgniter\Database\BaseConnection->query('INSERT INTO `cl...', Array, false)
#4 /home/app/public_html/belleza/system/Model.php(330): CodeIgniter\Database\BaseBuilder->insert()
#5 /home/app/public_html/belleza/system/BaseModel.php(782): CodeIgniter\Model->doInsert(Array)
#6 /home/app/public_html/belleza/system/Model.php(730): CodeIgniter\BaseModel->insert(Array, true)
#7 /home/app/public_html/belleza/app/Controllers/Clientes.php(142): CodeIgniter\Model->insert(Array)
#8 /home/app/public_html/belleza/system/CodeIgniter.php(934): App\Controllers\Clientes->create()
#9 /home/app/public_html/belleza/system/CodeIgniter.php(499): CodeIgniter\CodeIgniter->runController(Object(App\Controllers\Clientes))
#10 /home/app/public_html/belleza/system/CodeIgniter.php(368): CodeIgniter\CodeIgniter->handleRequest(NULL, Object(Config\Cache), false)
#11 /home/app/public_html/belleza/index.php(67): CodeIgniter\CodeIgniter->run()
#12 {main}
CRITICAL - 2023-06-17 07:58:46 --> Unknown column 'nombre' in 'field list'
in SYSTEMPATH/Database/MySQLi/Connection.php on line 295.
 1 SYSTEMPATH/Database/MySQLi/Connection.php(295): mysqli->query('INSERT INTO `clientes` (`nombre`, `correo`, `zip`, `telefono1`, `telefono2`, `pais`, `direccion`) VALUES (\'Richi Valdivia\', \'richi@gmail.com\', \'22200\', \'987654321\', \'123456789\', \'Nwe Yourk\', \'Jr. Tarapoto\')', 0)
 2 SYSTEMPATH/Database/BaseConnection.php(691): CodeIgniter\Database\MySQLi\Connection->execute('INSERT INTO `clientes` (`nombre`, `correo`, `zip`, `telefono1`, `telefono2`, `pais`, `direccion`) VALUES (\'Richi Valdivia\', \'richi@gmail.com\', \'22200\', \'987654321\', \'123456789\', \'Nwe Yourk\', \'Jr. Tarapoto\')')
 3 SYSTEMPATH/Database/BaseConnection.php(605): CodeIgniter\Database\BaseConnection->simpleQuery('INSERT INTO `clientes` (`nombre`, `correo`, `zip`, `telefono1`, `telefono2`, `pais`, `direccion`) VALUES (\'Richi Valdivia\', \'richi@gmail.com\', \'22200\', \'987654321\', \'123456789\', \'Nwe Yourk\', \'Jr. Tarapoto\')')
 4 SYSTEMPATH/Database/BaseBuilder.php(2309): CodeIgniter\Database\BaseConnection->query('INSERT INTO `clientes` (`nombre`, `correo`, `zip`, `telefono1`, `telefono2`, `pais`, `direccion`) VALUES (:nombre:, :correo:, :zip:, :telefono1:, :telefono2:, :pais:, :direccion:)', [...], false)
 5 SYSTEMPATH/Model.php(330): CodeIgniter\Database\BaseBuilder->insert()
 6 SYSTEMPATH/BaseModel.php(782): CodeIgniter\Model->doInsert([...])
 7 SYSTEMPATH/Model.php(730): CodeIgniter\BaseModel->insert([...], true)
 8 APPPATH/Controllers/Clientes.php(142): CodeIgniter\Model->insert([...])
 9 SYSTEMPATH/CodeIgniter.php(934): App\Controllers\Clientes->create()
10 SYSTEMPATH/CodeIgniter.php(499): CodeIgniter\CodeIgniter->runController(Object(App\Controllers\Clientes))
11 SYSTEMPATH/CodeIgniter.php(368): CodeIgniter\CodeIgniter->handleRequest(null, Object(Config\Cache), false)
12 FCPATH/index.php(67): CodeIgniter\CodeIgniter->run()
ERROR - 2023-06-17 07:59:10 --> mysqli_sql_exception: Unknown column 'nombre' in 'field list' in /home/app/public_html/belleza/system/Database/MySQLi/Connection.php:295
Stack trace:
#0 /home/app/public_html/belleza/system/Database/MySQLi/Connection.php(295): mysqli->query('INSERT INTO `cl...', 0)
#1 /home/app/public_html/belleza/system/Database/BaseConnection.php(691): CodeIgniter\Database\MySQLi\Connection->execute('INSERT INTO `cl...')
#2 /home/app/public_html/belleza/system/Database/BaseConnection.php(605): CodeIgniter\Database\BaseConnection->simpleQuery('INSERT INTO `cl...')
#3 /home/app/public_html/belleza/system/Database/BaseBuilder.php(2309): CodeIgniter\Database\BaseConnection->query('INSERT INTO `cl...', Array, false)
#4 /home/app/public_html/belleza/system/Model.php(330): CodeIgniter\Database\BaseBuilder->insert()
#5 /home/app/public_html/belleza/system/BaseModel.php(782): CodeIgniter\Model->doInsert(Array)
#6 /home/app/public_html/belleza/system/Model.php(730): CodeIgniter\BaseModel->insert(Array, true)
#7 /home/app/public_html/belleza/app/Controllers/Clientes.php(142): CodeIgniter\Model->insert(Array)
#8 /home/app/public_html/belleza/system/CodeIgniter.php(934): App\Controllers\Clientes->create()
#9 /home/app/public_html/belleza/system/CodeIgniter.php(499): CodeIgniter\CodeIgniter->runController(Object(App\Controllers\Clientes))
#10 /home/app/public_html/belleza/system/CodeIgniter.php(368): CodeIgniter\CodeIgniter->handleRequest(NULL, Object(Config\Cache), false)
#11 /home/app/public_html/belleza/index.php(67): CodeIgniter\CodeIgniter->run()
#12 {main}
CRITICAL - 2023-06-17 07:59:10 --> Unknown column 'nombre' in 'field list'
in SYSTEMPATH/Database/MySQLi/Connection.php on line 295.
 1 SYSTEMPATH/Database/MySQLi/Connection.php(295): mysqli->query('INSERT INTO `clientes` (`nombre`, `correo`, `zip`, `telefono1`, `telefono2`, `pais`, `direccion`) VALUES (\'Richi Valdivia\', \'richi@gmail.com\', \'22200\', \'987654321\', \'123456789\', \'Nwe Yourk\', \'Jr. Tarapoto\')', 0)
 2 SYSTEMPATH/Database/BaseConnection.php(691): CodeIgniter\Database\MySQLi\Connection->execute('INSERT INTO `clientes` (`nombre`, `correo`, `zip`, `telefono1`, `telefono2`, `pais`, `direccion`) VALUES (\'Richi Valdivia\', \'richi@gmail.com\', \'22200\', \'987654321\', \'123456789\', \'Nwe Yourk\', \'Jr. Tarapoto\')')
 3 SYSTEMPATH/Database/BaseConnection.php(605): CodeIgniter\Database\BaseConnection->simpleQuery('INSERT INTO `clientes` (`nombre`, `correo`, `zip`, `telefono1`, `telefono2`, `pais`, `direccion`) VALUES (\'Richi Valdivia\', \'richi@gmail.com\', \'22200\', \'987654321\', \'123456789\', \'Nwe Yourk\', \'Jr. Tarapoto\')')
 4 SYSTEMPATH/Database/BaseBuilder.php(2309): CodeIgniter\Database\BaseConnection->query('INSERT INTO `clientes` (`nombre`, `correo`, `zip`, `telefono1`, `telefono2`, `pais`, `direccion`) VALUES (:nombre:, :correo:, :zip:, :telefono1:, :telefono2:, :pais:, :direccion:)', [...], false)
 5 SYSTEMPATH/Model.php(330): CodeIgniter\Database\BaseBuilder->insert()
 6 SYSTEMPATH/BaseModel.php(782): CodeIgniter\Model->doInsert([...])
 7 SYSTEMPATH/Model.php(730): CodeIgniter\BaseModel->insert([...], true)
 8 APPPATH/Controllers/Clientes.php(142): CodeIgniter\Model->insert([...])
 9 SYSTEMPATH/CodeIgniter.php(934): App\Controllers\Clientes->create()
10 SYSTEMPATH/CodeIgniter.php(499): CodeIgniter\CodeIgniter->runController(Object(App\Controllers\Clientes))
11 SYSTEMPATH/CodeIgniter.php(368): CodeIgniter\CodeIgniter->handleRequest(null, Object(Config\Cache), false)
12 FCPATH/index.php(67): CodeIgniter\CodeIgniter->run()
ERROR - 2023-06-17 08:01:03 --> mysqli_sql_exception: Unknown column 'nombre' in 'field list' in /home/app/public_html/belleza/system/Database/MySQLi/Connection.php:295
Stack trace:
#0 /home/app/public_html/belleza/system/Database/MySQLi/Connection.php(295): mysqli->query('INSERT INTO `cl...', 0)
#1 /home/app/public_html/belleza/system/Database/BaseConnection.php(691): CodeIgniter\Database\MySQLi\Connection->execute('INSERT INTO `cl...')
#2 /home/app/public_html/belleza/system/Database/BaseConnection.php(605): CodeIgniter\Database\BaseConnection->simpleQuery('INSERT INTO `cl...')
#3 /home/app/public_html/belleza/system/Database/BaseBuilder.php(2309): CodeIgniter\Database\BaseConnection->query('INSERT INTO `cl...', Array, false)
#4 /home/app/public_html/belleza/system/Model.php(330): CodeIgniter\Database\BaseBuilder->insert()
#5 /home/app/public_html/belleza/system/BaseModel.php(782): CodeIgniter\Model->doInsert(Array)
#6 /home/app/public_html/belleza/system/Model.php(730): CodeIgniter\BaseModel->insert(Array, true)
#7 /home/app/public_html/belleza/app/Controllers/Clientes.php(142): CodeIgniter\Model->insert(Array)
#8 /home/app/public_html/belleza/system/CodeIgniter.php(934): App\Controllers\Clientes->create()
#9 /home/app/public_html/belleza/system/CodeIgniter.php(499): CodeIgniter\CodeIgniter->runController(Object(App\Controllers\Clientes))
#10 /home/app/public_html/belleza/system/CodeIgniter.php(368): CodeIgniter\CodeIgniter->handleRequest(NULL, Object(Config\Cache), false)
#11 /home/app/public_html/belleza/index.php(67): CodeIgniter\CodeIgniter->run()
#12 {main}
CRITICAL - 2023-06-17 08:01:03 --> Unknown column 'nombre' in 'field list'
in SYSTEMPATH/Database/MySQLi/Connection.php on line 295.
 1 SYSTEMPATH/Database/MySQLi/Connection.php(295): mysqli->query('INSERT INTO `clientes` (`nombre`, `correo`, `zip`, `telefono1`, `telefono2`, `pais`, `direccion`) VALUES (\'Richi Valdivia\', \'richi@gmail.com\', \'22200\', \'987654321\', \'123456789\', \'Nwe Yourk\', \'Jr. Tarapoto\')', 0)
 2 SYSTEMPATH/Database/BaseConnection.php(691): CodeIgniter\Database\MySQLi\Connection->execute('INSERT INTO `clientes` (`nombre`, `correo`, `zip`, `telefono1`, `telefono2`, `pais`, `direccion`) VALUES (\'Richi Valdivia\', \'richi@gmail.com\', \'22200\', \'987654321\', \'123456789\', \'Nwe Yourk\', \'Jr. Tarapoto\')')
 3 SYSTEMPATH/Database/BaseConnection.php(605): CodeIgniter\Database\BaseConnection->simpleQuery('INSERT INTO `clientes` (`nombre`, `correo`, `zip`, `telefono1`, `telefono2`, `pais`, `direccion`) VALUES (\'Richi Valdivia\', \'richi@gmail.com\', \'22200\', \'987654321\', \'123456789\', \'Nwe Yourk\', \'Jr. Tarapoto\')')
 4 SYSTEMPATH/Database/BaseBuilder.php(2309): CodeIgniter\Database\BaseConnection->query('INSERT INTO `clientes` (`nombre`, `correo`, `zip`, `telefono1`, `telefono2`, `pais`, `direccion`) VALUES (:nombre:, :correo:, :zip:, :telefono1:, :telefono2:, :pais:, :direccion:)', [...], false)
 5 SYSTEMPATH/Model.php(330): CodeIgniter\Database\BaseBuilder->insert()
 6 SYSTEMPATH/BaseModel.php(782): CodeIgniter\Model->doInsert([...])
 7 SYSTEMPATH/Model.php(730): CodeIgniter\BaseModel->insert([...], true)
 8 APPPATH/Controllers/Clientes.php(142): CodeIgniter\Model->insert([...])
 9 SYSTEMPATH/CodeIgniter.php(934): App\Controllers\Clientes->create()
10 SYSTEMPATH/CodeIgniter.php(499): CodeIgniter\CodeIgniter->runController(Object(App\Controllers\Clientes))
11 SYSTEMPATH/CodeIgniter.php(368): CodeIgniter\CodeIgniter->handleRequest(null, Object(Config\Cache), false)
12 FCPATH/index.php(67): CodeIgniter\CodeIgniter->run()
ERROR - 2023-06-17 08:01:41 --> mysqli_sql_exception: Unknown column 'nombre' in 'field list' in /home/app/public_html/belleza/system/Database/MySQLi/Connection.php:295
Stack trace:
#0 /home/app/public_html/belleza/system/Database/MySQLi/Connection.php(295): mysqli->query('INSERT INTO `cl...', 0)
#1 /home/app/public_html/belleza/system/Database/BaseConnection.php(691): CodeIgniter\Database\MySQLi\Connection->execute('INSERT INTO `cl...')
#2 /home/app/public_html/belleza/system/Database/BaseConnection.php(605): CodeIgniter\Database\BaseConnection->simpleQuery('INSERT INTO `cl...')
#3 /home/app/public_html/belleza/system/Database/BaseBuilder.php(2309): CodeIgniter\Database\BaseConnection->query('INSERT INTO `cl...', Array, false)
#4 /home/app/public_html/belleza/system/Model.php(330): CodeIgniter\Database\BaseBuilder->insert()
#5 /home/app/public_html/belleza/system/BaseModel.php(782): CodeIgniter\Model->doInsert(Array)
#6 /home/app/public_html/belleza/system/Model.php(730): CodeIgniter\BaseModel->insert(Array, true)
#7 /home/app/public_html/belleza/app/Controllers/Clientes.php(142): CodeIgniter\Model->insert(Array)
#8 /home/app/public_html/belleza/system/CodeIgniter.php(934): App\Controllers\Clientes->create()
#9 /home/app/public_html/belleza/system/CodeIgniter.php(499): CodeIgniter\CodeIgniter->runController(Object(App\Controllers\Clientes))
#10 /home/app/public_html/belleza/system/CodeIgniter.php(368): CodeIgniter\CodeIgniter->handleRequest(NULL, Object(Config\Cache), false)
#11 /home/app/public_html/belleza/index.php(67): CodeIgniter\CodeIgniter->run()
#12 {main}
CRITICAL - 2023-06-17 08:01:41 --> Unknown column 'nombre' in 'field list'
in SYSTEMPATH/Database/MySQLi/Connection.php on line 295.
 1 SYSTEMPATH/Database/MySQLi/Connection.php(295): mysqli->query('INSERT INTO `clientes` (`nombre`, `correo`, `zip`, `telefono1`, `telefono2`, `pais`, `direccion`) VALUES (\'Richi Valdivia\', \'richi@gmail.com\', \'22200\', \'987654321\', \'123456789\', \'Nwe Yourk\', \'Jr. Tarapoto\')', 0)
 2 SYSTEMPATH/Database/BaseConnection.php(691): CodeIgniter\Database\MySQLi\Connection->execute('INSERT INTO `clientes` (`nombre`, `correo`, `zip`, `telefono1`, `telefono2`, `pais`, `direccion`) VALUES (\'Richi Valdivia\', \'richi@gmail.com\', \'22200\', \'987654321\', \'123456789\', \'Nwe Yourk\', \'Jr. Tarapoto\')')
 3 SYSTEMPATH/Database/BaseConnection.php(605): CodeIgniter\Database\BaseConnection->simpleQuery('INSERT INTO `clientes` (`nombre`, `correo`, `zip`, `telefono1`, `telefono2`, `pais`, `direccion`) VALUES (\'Richi Valdivia\', \'richi@gmail.com\', \'22200\', \'987654321\', \'123456789\', \'Nwe Yourk\', \'Jr. Tarapoto\')')
 4 SYSTEMPATH/Database/BaseBuilder.php(2309): CodeIgniter\Database\BaseConnection->query('INSERT INTO `clientes` (`nombre`, `correo`, `zip`, `telefono1`, `telefono2`, `pais`, `direccion`) VALUES (:nombre:, :correo:, :zip:, :telefono1:, :telefono2:, :pais:, :direccion:)', [...], false)
 5 SYSTEMPATH/Model.php(330): CodeIgniter\Database\BaseBuilder->insert()
 6 SYSTEMPATH/BaseModel.php(782): CodeIgniter\Model->doInsert([...])
 7 SYSTEMPATH/Model.php(730): CodeIgniter\BaseModel->insert([...], true)
 8 APPPATH/Controllers/Clientes.php(142): CodeIgniter\Model->insert([...])
 9 SYSTEMPATH/CodeIgniter.php(934): App\Controllers\Clientes->create()
10 SYSTEMPATH/CodeIgniter.php(499): CodeIgniter\CodeIgniter->runController(Object(App\Controllers\Clientes))
11 SYSTEMPATH/CodeIgniter.php(368): CodeIgniter\CodeIgniter->handleRequest(null, Object(Config\Cache), false)
12 FCPATH/index.php(67): CodeIgniter\CodeIgniter->run()
ERROR - 2023-06-17 08:02:30 --> mysqli_sql_exception: Unknown column 'nombre' in 'field list' in /home/app/public_html/belleza/system/Database/MySQLi/Connection.php:295
Stack trace:
#0 /home/app/public_html/belleza/system/Database/MySQLi/Connection.php(295): mysqli->query('INSERT INTO `cl...', 0)
#1 /home/app/public_html/belleza/system/Database/BaseConnection.php(691): CodeIgniter\Database\MySQLi\Connection->execute('INSERT INTO `cl...')
#2 /home/app/public_html/belleza/system/Database/BaseConnection.php(605): CodeIgniter\Database\BaseConnection->simpleQuery('INSERT INTO `cl...')
#3 /home/app/public_html/belleza/system/Database/BaseBuilder.php(2309): CodeIgniter\Database\BaseConnection->query('INSERT INTO `cl...', Array, false)
#4 /home/app/public_html/belleza/system/Model.php(330): CodeIgniter\Database\BaseBuilder->insert()
#5 /home/app/public_html/belleza/system/BaseModel.php(782): CodeIgniter\Model->doInsert(Array)
#6 /home/app/public_html/belleza/system/Model.php(730): CodeIgniter\BaseModel->insert(Array, true)
#7 /home/app/public_html/belleza/app/Controllers/Clientes.php(142): CodeIgniter\Model->insert(Array)
#8 /home/app/public_html/belleza/system/CodeIgniter.php(934): App\Controllers\Clientes->create()
#9 /home/app/public_html/belleza/system/CodeIgniter.php(499): CodeIgniter\CodeIgniter->runController(Object(App\Controllers\Clientes))
#10 /home/app/public_html/belleza/system/CodeIgniter.php(368): CodeIgniter\CodeIgniter->handleRequest(NULL, Object(Config\Cache), false)
#11 /home/app/public_html/belleza/index.php(67): CodeIgniter\CodeIgniter->run()
#12 {main}
CRITICAL - 2023-06-17 08:02:30 --> Unknown column 'nombre' in 'field list'
in SYSTEMPATH/Database/MySQLi/Connection.php on line 295.
 1 SYSTEMPATH/Database/MySQLi/Connection.php(295): mysqli->query('INSERT INTO `clientes` (`nombre`, `correo`, `zip`, `telefono1`, `telefono2`, `pais`, `direccion`) VALUES (\'Richi Valdivia\', \'richi@gmail.com\', \'22200\', \'987654321\', \'123456789\', \'Nwe Yourk\', \'Jr. Tarapoto\')', 0)
 2 SYSTEMPATH/Database/BaseConnection.php(691): CodeIgniter\Database\MySQLi\Connection->execute('INSERT INTO `clientes` (`nombre`, `correo`, `zip`, `telefono1`, `telefono2`, `pais`, `direccion`) VALUES (\'Richi Valdivia\', \'richi@gmail.com\', \'22200\', \'987654321\', \'123456789\', \'Nwe Yourk\', \'Jr. Tarapoto\')')
 3 SYSTEMPATH/Database/BaseConnection.php(605): CodeIgniter\Database\BaseConnection->simpleQuery('INSERT INTO `clientes` (`nombre`, `correo`, `zip`, `telefono1`, `telefono2`, `pais`, `direccion`) VALUES (\'Richi Valdivia\', \'richi@gmail.com\', \'22200\', \'987654321\', \'123456789\', \'Nwe Yourk\', \'Jr. Tarapoto\')')
 4 SYSTEMPATH/Database/BaseBuilder.php(2309): CodeIgniter\Database\BaseConnection->query('INSERT INTO `clientes` (`nombre`, `correo`, `zip`, `telefono1`, `telefono2`, `pais`, `direccion`) VALUES (:nombre:, :correo:, :zip:, :telefono1:, :telefono2:, :pais:, :direccion:)', [...], false)
 5 SYSTEMPATH/Model.php(330): CodeIgniter\Database\BaseBuilder->insert()
 6 SYSTEMPATH/BaseModel.php(782): CodeIgniter\Model->doInsert([...])
 7 SYSTEMPATH/Model.php(730): CodeIgniter\BaseModel->insert([...], true)
 8 APPPATH/Controllers/Clientes.php(142): CodeIgniter\Model->insert([...])
 9 SYSTEMPATH/CodeIgniter.php(934): App\Controllers\Clientes->create()
10 SYSTEMPATH/CodeIgniter.php(499): CodeIgniter\CodeIgniter->runController(Object(App\Controllers\Clientes))
11 SYSTEMPATH/CodeIgniter.php(368): CodeIgniter\CodeIgniter->handleRequest(null, Object(Config\Cache), false)
12 FCPATH/index.php(67): CodeIgniter\CodeIgniter->run()
ERROR - 2023-06-17 08:04:08 --> mysqli_sql_exception: Unknown column 'nombre' in 'field list' in /home/app/public_html/belleza/system/Database/MySQLi/Connection.php:295
Stack trace:
#0 /home/app/public_html/belleza/system/Database/MySQLi/Connection.php(295): mysqli->query('INSERT INTO `cl...', 0)
#1 /home/app/public_html/belleza/system/Database/BaseConnection.php(691): CodeIgniter\Database\MySQLi\Connection->execute('INSERT INTO `cl...')
#2 /home/app/public_html/belleza/system/Database/BaseConnection.php(605): CodeIgniter\Database\BaseConnection->simpleQuery('INSERT INTO `cl...')
#3 /home/app/public_html/belleza/system/Database/BaseBuilder.php(2309): CodeIgniter\Database\BaseConnection->query('INSERT INTO `cl...', Array, false)
#4 /home/app/public_html/belleza/system/Model.php(330): CodeIgniter\Database\BaseBuilder->insert()
#5 /home/app/public_html/belleza/system/BaseModel.php(782): CodeIgniter\Model->doInsert(Array)
#6 /home/app/public_html/belleza/system/Model.php(730): CodeIgniter\BaseModel->insert(Array, true)
#7 /home/app/public_html/belleza/app/Controllers/Clientes.php(142): CodeIgniter\Model->insert(Array)
#8 /home/app/public_html/belleza/system/CodeIgniter.php(934): App\Controllers\Clientes->create()
#9 /home/app/public_html/belleza/system/CodeIgniter.php(499): CodeIgniter\CodeIgniter->runController(Object(App\Controllers\Clientes))
#10 /home/app/public_html/belleza/system/CodeIgniter.php(368): CodeIgniter\CodeIgniter->handleRequest(NULL, Object(Config\Cache), false)
#11 /home/app/public_html/belleza/index.php(67): CodeIgniter\CodeIgniter->run()
#12 {main}
CRITICAL - 2023-06-17 08:04:08 --> Unknown column 'nombre' in 'field list'
in SYSTEMPATH/Database/MySQLi/Connection.php on line 295.
 1 SYSTEMPATH/Database/MySQLi/Connection.php(295): mysqli->query('INSERT INTO `clientes` (`nombre`, `correo`, `zip`, `telefono1`, `telefono2`, `pais`, `direccion`) VALUES (\'Richi Valdivia\', \'richi@gmail.com\', \'22200\', \'987654321\', \'123456789\', \'Nwe Yourk\', \'Jr. Tarapoto\')', 0)
 2 SYSTEMPATH/Database/BaseConnection.php(691): CodeIgniter\Database\MySQLi\Connection->execute('INSERT INTO `clientes` (`nombre`, `correo`, `zip`, `telefono1`, `telefono2`, `pais`, `direccion`) VALUES (\'Richi Valdivia\', \'richi@gmail.com\', \'22200\', \'987654321\', \'123456789\', \'Nwe Yourk\', \'Jr. Tarapoto\')')
 3 SYSTEMPATH/Database/BaseConnection.php(605): CodeIgniter\Database\BaseConnection->simpleQuery('INSERT INTO `clientes` (`nombre`, `correo`, `zip`, `telefono1`, `telefono2`, `pais`, `direccion`) VALUES (\'Richi Valdivia\', \'richi@gmail.com\', \'22200\', \'987654321\', \'123456789\', \'Nwe Yourk\', \'Jr. Tarapoto\')')
 4 SYSTEMPATH/Database/BaseBuilder.php(2309): CodeIgniter\Database\BaseConnection->query('INSERT INTO `clientes` (`nombre`, `correo`, `zip`, `telefono1`, `telefono2`, `pais`, `direccion`) VALUES (:nombre:, :correo:, :zip:, :telefono1:, :telefono2:, :pais:, :direccion:)', [...], false)
 5 SYSTEMPATH/Model.php(330): CodeIgniter\Database\BaseBuilder->insert()
 6 SYSTEMPATH/BaseModel.php(782): CodeIgniter\Model->doInsert([...])
 7 SYSTEMPATH/Model.php(730): CodeIgniter\BaseModel->insert([...], true)
 8 APPPATH/Controllers/Clientes.php(142): CodeIgniter\Model->insert([...])
 9 SYSTEMPATH/CodeIgniter.php(934): App\Controllers\Clientes->create()
10 SYSTEMPATH/CodeIgniter.php(499): CodeIgniter\CodeIgniter->runController(Object(App\Controllers\Clientes))
11 SYSTEMPATH/CodeIgniter.php(368): CodeIgniter\CodeIgniter->handleRequest(null, Object(Config\Cache), false)
12 FCPATH/index.php(67): CodeIgniter\CodeIgniter->run()
ERROR - 2023-06-17 08:04:55 --> mysqli_sql_exception: Unknown column 'nombre' in 'field list' in /home/app/public_html/belleza/system/Database/MySQLi/Connection.php:295
Stack trace:
#0 /home/app/public_html/belleza/system/Database/MySQLi/Connection.php(295): mysqli->query('INSERT INTO `cl...', 0)
#1 /home/app/public_html/belleza/system/Database/BaseConnection.php(691): CodeIgniter\Database\MySQLi\Connection->execute('INSERT INTO `cl...')
#2 /home/app/public_html/belleza/system/Database/BaseConnection.php(605): CodeIgniter\Database\BaseConnection->simpleQuery('INSERT INTO `cl...')
#3 /home/app/public_html/belleza/system/Database/BaseBuilder.php(2309): CodeIgniter\Database\BaseConnection->query('INSERT INTO `cl...', Array, false)
#4 /home/app/public_html/belleza/system/Model.php(330): CodeIgniter\Database\BaseBuilder->insert()
#5 /home/app/public_html/belleza/system/BaseModel.php(782): CodeIgniter\Model->doInsert(Array)
#6 /home/app/public_html/belleza/system/Model.php(730): CodeIgniter\BaseModel->insert(Array, true)
#7 /home/app/public_html/belleza/app/Controllers/Clientes.php(142): CodeIgniter\Model->insert(Array)
#8 /home/app/public_html/belleza/system/CodeIgniter.php(934): App\Controllers\Clientes->create()
#9 /home/app/public_html/belleza/system/CodeIgniter.php(499): CodeIgniter\CodeIgniter->runController(Object(App\Controllers\Clientes))
#10 /home/app/public_html/belleza/system/CodeIgniter.php(368): CodeIgniter\CodeIgniter->handleRequest(NULL, Object(Config\Cache), false)
#11 /home/app/public_html/belleza/index.php(67): CodeIgniter\CodeIgniter->run()
#12 {main}
CRITICAL - 2023-06-17 08:04:55 --> Unknown column 'nombre' in 'field list'
in SYSTEMPATH/Database/MySQLi/Connection.php on line 295.
 1 SYSTEMPATH/Database/MySQLi/Connection.php(295): mysqli->query('INSERT INTO `clientes` (`nombre`, `correo`, `zip`, `telefono1`, `telefono2`, `pais`, `direccion`) VALUES (\'Richi Valdivia\', \'richi@gmail.com\', \'22200\', \'987654321\', \'123456789\', \'Nwe Yourk\', \'Jr. Tarapoto\')', 0)
 2 SYSTEMPATH/Database/BaseConnection.php(691): CodeIgniter\Database\MySQLi\Connection->execute('INSERT INTO `clientes` (`nombre`, `correo`, `zip`, `telefono1`, `telefono2`, `pais`, `direccion`) VALUES (\'Richi Valdivia\', \'richi@gmail.com\', \'22200\', \'987654321\', \'123456789\', \'Nwe Yourk\', \'Jr. Tarapoto\')')
 3 SYSTEMPATH/Database/BaseConnection.php(605): CodeIgniter\Database\BaseConnection->simpleQuery('INSERT INTO `clientes` (`nombre`, `correo`, `zip`, `telefono1`, `telefono2`, `pais`, `direccion`) VALUES (\'Richi Valdivia\', \'richi@gmail.com\', \'22200\', \'987654321\', \'123456789\', \'Nwe Yourk\', \'Jr. Tarapoto\')')
 4 SYSTEMPATH/Database/BaseBuilder.php(2309): CodeIgniter\Database\BaseConnection->query('INSERT INTO `clientes` (`nombre`, `correo`, `zip`, `telefono1`, `telefono2`, `pais`, `direccion`) VALUES (:nombre:, :correo:, :zip:, :telefono1:, :telefono2:, :pais:, :direccion:)', [...], false)
 5 SYSTEMPATH/Model.php(330): CodeIgniter\Database\BaseBuilder->insert()
 6 SYSTEMPATH/BaseModel.php(782): CodeIgniter\Model->doInsert([...])
 7 SYSTEMPATH/Model.php(730): CodeIgniter\BaseModel->insert([...], true)
 8 APPPATH/Controllers/Clientes.php(142): CodeIgniter\Model->insert([...])
 9 SYSTEMPATH/CodeIgniter.php(934): App\Controllers\Clientes->create()
10 SYSTEMPATH/CodeIgniter.php(499): CodeIgniter\CodeIgniter->runController(Object(App\Controllers\Clientes))
11 SYSTEMPATH/CodeIgniter.php(368): CodeIgniter\CodeIgniter->handleRequest(null, Object(Config\Cache), false)
12 FCPATH/index.php(67): CodeIgniter\CodeIgniter->run()
ERROR - 2023-06-17 08:06:01 --> mysqli_sql_exception: Unknown column 'nombre' in 'field list' in /home/app/public_html/belleza/system/Database/MySQLi/Connection.php:295
Stack trace:
#0 /home/app/public_html/belleza/system/Database/MySQLi/Connection.php(295): mysqli->query('INSERT INTO `cl...', 0)
#1 /home/app/public_html/belleza/system/Database/BaseConnection.php(691): CodeIgniter\Database\MySQLi\Connection->execute('INSERT INTO `cl...')
#2 /home/app/public_html/belleza/system/Database/BaseConnection.php(605): CodeIgniter\Database\BaseConnection->simpleQuery('INSERT INTO `cl...')
#3 /home/app/public_html/belleza/system/Database/BaseBuilder.php(2309): CodeIgniter\Database\BaseConnection->query('INSERT INTO `cl...', Array, false)
#4 /home/app/public_html/belleza/system/Model.php(330): CodeIgniter\Database\BaseBuilder->insert()
#5 /home/app/public_html/belleza/system/BaseModel.php(782): CodeIgniter\Model->doInsert(Array)
#6 /home/app/public_html/belleza/system/Model.php(730): CodeIgniter\BaseModel->insert(Array, true)
#7 /home/app/public_html/belleza/app/Controllers/Clientes.php(142): CodeIgniter\Model->insert(Array)
#8 /home/app/public_html/belleza/system/CodeIgniter.php(934): App\Controllers\Clientes->create()
#9 /home/app/public_html/belleza/system/CodeIgniter.php(499): CodeIgniter\CodeIgniter->runController(Object(App\Controllers\Clientes))
#10 /home/app/public_html/belleza/system/CodeIgniter.php(368): CodeIgniter\CodeIgniter->handleRequest(NULL, Object(Config\Cache), false)
#11 /home/app/public_html/belleza/index.php(67): CodeIgniter\CodeIgniter->run()
#12 {main}
CRITICAL - 2023-06-17 08:06:01 --> Unknown column 'nombre' in 'field list'
in SYSTEMPATH/Database/MySQLi/Connection.php on line 295.
 1 SYSTEMPATH/Database/MySQLi/Connection.php(295): mysqli->query('INSERT INTO `clientes` (`nombre`, `correo`, `zip`, `telefono1`, `telefono2`, `pais`, `direccion`) VALUES (\'Richi Valdivia\', \'richi@gmail.com\', \'22200\', \'987654321\', \'123456789\', \'Nwe Yourk\', \'Jr. Tarapoto\')', 0)
 2 SYSTEMPATH/Database/BaseConnection.php(691): CodeIgniter\Database\MySQLi\Connection->execute('INSERT INTO `clientes` (`nombre`, `correo`, `zip`, `telefono1`, `telefono2`, `pais`, `direccion`) VALUES (\'Richi Valdivia\', \'richi@gmail.com\', \'22200\', \'987654321\', \'123456789\', \'Nwe Yourk\', \'Jr. Tarapoto\')')
 3 SYSTEMPATH/Database/BaseConnection.php(605): CodeIgniter\Database\BaseConnection->simpleQuery('INSERT INTO `clientes` (`nombre`, `correo`, `zip`, `telefono1`, `telefono2`, `pais`, `direccion`) VALUES (\'Richi Valdivia\', \'richi@gmail.com\', \'22200\', \'987654321\', \'123456789\', \'Nwe Yourk\', \'Jr. Tarapoto\')')
 4 SYSTEMPATH/Database/BaseBuilder.php(2309): CodeIgniter\Database\BaseConnection->query('INSERT INTO `clientes` (`nombre`, `correo`, `zip`, `telefono1`, `telefono2`, `pais`, `direccion`) VALUES (:nombre:, :correo:, :zip:, :telefono1:, :telefono2:, :pais:, :direccion:)', [...], false)
 5 SYSTEMPATH/Model.php(330): CodeIgniter\Database\BaseBuilder->insert()
 6 SYSTEMPATH/BaseModel.php(782): CodeIgniter\Model->doInsert([...])
 7 SYSTEMPATH/Model.php(730): CodeIgniter\BaseModel->insert([...], true)
 8 APPPATH/Controllers/Clientes.php(142): CodeIgniter\Model->insert([...])
 9 SYSTEMPATH/CodeIgniter.php(934): App\Controllers\Clientes->create()
10 SYSTEMPATH/CodeIgniter.php(499): CodeIgniter\CodeIgniter->runController(Object(App\Controllers\Clientes))
11 SYSTEMPATH/CodeIgniter.php(368): CodeIgniter\CodeIgniter->handleRequest(null, Object(Config\Cache), false)
12 FCPATH/index.php(67): CodeIgniter\CodeIgniter->run()
ERROR - 2023-06-17 08:07:30 --> mysqli_sql_exception: Table 'app_belleza.Clientes' doesn't exist in /home/app/public_html/belleza/system/Database/MySQLi/Connection.php:295
Stack trace:
#0 /home/app/public_html/belleza/system/Database/MySQLi/Connection.php(295): mysqli->query('INSERT INTO `Cl...', 0)
#1 /home/app/public_html/belleza/system/Database/BaseConnection.php(691): CodeIgniter\Database\MySQLi\Connection->execute('INSERT INTO `Cl...')
#2 /home/app/public_html/belleza/system/Database/BaseConnection.php(605): CodeIgniter\Database\BaseConnection->simpleQuery('INSERT INTO `Cl...')
#3 /home/app/public_html/belleza/system/Database/BaseBuilder.php(2309): CodeIgniter\Database\BaseConnection->query('INSERT INTO `Cl...', Array, false)
#4 /home/app/public_html/belleza/system/Model.php(330): CodeIgniter\Database\BaseBuilder->insert()
#5 /home/app/public_html/belleza/system/BaseModel.php(782): CodeIgniter\Model->doInsert(Array)
#6 /home/app/public_html/belleza/system/Model.php(730): CodeIgniter\BaseModel->insert(Array, true)
#7 /home/app/public_html/belleza/app/Controllers/Clientes.php(140): CodeIgniter\Model->insert(Array)
#8 /home/app/public_html/belleza/system/CodeIgniter.php(934): App\Controllers\Clientes->create()
#9 /home/app/public_html/belleza/system/CodeIgniter.php(499): CodeIgniter\CodeIgniter->runController(Object(App\Controllers\Clientes))
#10 /home/app/public_html/belleza/system/CodeIgniter.php(368): CodeIgniter\CodeIgniter->handleRequest(NULL, Object(Config\Cache), false)
#11 /home/app/public_html/belleza/index.php(67): CodeIgniter\CodeIgniter->run()
#12 {main}
CRITICAL - 2023-06-17 08:07:30 --> Table 'app_belleza.Clientes' doesn't exist
in SYSTEMPATH/Database/MySQLi/Connection.php on line 295.
 1 SYSTEMPATH/Database/MySQLi/Connection.php(295): mysqli->query('INSERT INTO `Clientes` (`correoClient`, `numberClient`, `genero`, `detalles`, `fechaCreacion`) VALUES (\'bryan@hotmail.com\', \'918912182\', \'hombre\', \'hola\', \'15 07 2003\')', 0)
 2 SYSTEMPATH/Database/BaseConnection.php(691): CodeIgniter\Database\MySQLi\Connection->execute('INSERT INTO `Clientes` (`correoClient`, `numberClient`, `genero`, `detalles`, `fechaCreacion`) VALUES (\'bryan@hotmail.com\', \'918912182\', \'hombre\', \'hola\', \'15 07 2003\')')
 3 SYSTEMPATH/Database/BaseConnection.php(605): CodeIgniter\Database\BaseConnection->simpleQuery('INSERT INTO `Clientes` (`correoClient`, `numberClient`, `genero`, `detalles`, `fechaCreacion`) VALUES (\'bryan@hotmail.com\', \'918912182\', \'hombre\', \'hola\', \'15 07 2003\')')
 4 SYSTEMPATH/Database/BaseBuilder.php(2309): CodeIgniter\Database\BaseConnection->query('INSERT INTO `Clientes` (`correoClient`, `numberClient`, `genero`, `detalles`, `fechaCreacion`) VALUES (:correoClient:, :numberClient:, :genero:, :detalles:, :fechaCreacion:)', [...], false)
 5 SYSTEMPATH/Model.php(330): CodeIgniter\Database\BaseBuilder->insert()
 6 SYSTEMPATH/BaseModel.php(782): CodeIgniter\Model->doInsert([...])
 7 SYSTEMPATH/Model.php(730): CodeIgniter\BaseModel->insert([...], true)
 8 APPPATH/Controllers/Clientes.php(140): CodeIgniter\Model->insert([...])
 9 SYSTEMPATH/CodeIgniter.php(934): App\Controllers\Clientes->create()
10 SYSTEMPATH/CodeIgniter.php(499): CodeIgniter\CodeIgniter->runController(Object(App\Controllers\Clientes))
11 SYSTEMPATH/CodeIgniter.php(368): CodeIgniter\CodeIgniter->handleRequest(null, Object(Config\Cache), false)
12 FCPATH/index.php(67): CodeIgniter\CodeIgniter->run()
ERROR - 2023-06-17 08:09:37 --> mysqli_sql_exception: Table 'app_belleza.Clientes' doesn't exist in /home/app/public_html/belleza/system/Database/MySQLi/Connection.php:295
Stack trace:
#0 /home/app/public_html/belleza/system/Database/MySQLi/Connection.php(295): mysqli->query('INSERT INTO `Cl...', 0)
#1 /home/app/public_html/belleza/system/Database/BaseConnection.php(691): CodeIgniter\Database\MySQLi\Connection->execute('INSERT INTO `Cl...')
#2 /home/app/public_html/belleza/system/Database/BaseConnection.php(605): CodeIgniter\Database\BaseConnection->simpleQuery('INSERT INTO `Cl...')
#3 /home/app/public_html/belleza/system/Database/BaseBuilder.php(2309): CodeIgniter\Database\BaseConnection->query('INSERT INTO `Cl...', Array, false)
#4 /home/app/public_html/belleza/system/Model.php(330): CodeIgniter\Database\BaseBuilder->insert()
#5 /home/app/public_html/belleza/system/BaseModel.php(782): CodeIgniter\Model->doInsert(Array)
#6 /home/app/public_html/belleza/system/Model.php(730): CodeIgniter\BaseModel->insert(Array, true)
#7 /home/app/public_html/belleza/app/Controllers/Clientes.php(140): CodeIgniter\Model->insert(Array)
#8 /home/app/public_html/belleza/system/CodeIgniter.php(934): App\Controllers\Clientes->create()
#9 /home/app/public_html/belleza/system/CodeIgniter.php(499): CodeIgniter\CodeIgniter->runController(Object(App\Controllers\Clientes))
#10 /home/app/public_html/belleza/system/CodeIgniter.php(368): CodeIgniter\CodeIgniter->handleRequest(NULL, Object(Config\Cache), false)
#11 /home/app/public_html/belleza/index.php(67): CodeIgniter\CodeIgniter->run()
#12 {main}
CRITICAL - 2023-06-17 08:09:37 --> Table 'app_belleza.Clientes' doesn't exist
in SYSTEMPATH/Database/MySQLi/Connection.php on line 295.
 1 SYSTEMPATH/Database/MySQLi/Connection.php(295): mysqli->query('INSERT INTO `Clientes` (`correoClient`, `numberClient`, `genero`, `detalles`, `fechaCreacion`) VALUES (\'bryan@hotmail.com\', \'918912182\', \'hombre\', \'hola\', \'15 07 2003\')', 0)
 2 SYSTEMPATH/Database/BaseConnection.php(691): CodeIgniter\Database\MySQLi\Connection->execute('INSERT INTO `Clientes` (`correoClient`, `numberClient`, `genero`, `detalles`, `fechaCreacion`) VALUES (\'bryan@hotmail.com\', \'918912182\', \'hombre\', \'hola\', \'15 07 2003\')')
 3 SYSTEMPATH/Database/BaseConnection.php(605): CodeIgniter\Database\BaseConnection->simpleQuery('INSERT INTO `Clientes` (`correoClient`, `numberClient`, `genero`, `detalles`, `fechaCreacion`) VALUES (\'bryan@hotmail.com\', \'918912182\', \'hombre\', \'hola\', \'15 07 2003\')')
 4 SYSTEMPATH/Database/BaseBuilder.php(2309): CodeIgniter\Database\BaseConnection->query('INSERT INTO `Clientes` (`correoClient`, `numberClient`, `genero`, `detalles`, `fechaCreacion`) VALUES (:correoClient:, :numberClient:, :genero:, :detalles:, :fechaCreacion:)', [...], false)
 5 SYSTEMPATH/Model.php(330): CodeIgniter\Database\BaseBuilder->insert()
 6 SYSTEMPATH/BaseModel.php(782): CodeIgniter\Model->doInsert([...])
 7 SYSTEMPATH/Model.php(730): CodeIgniter\BaseModel->insert([...], true)
 8 APPPATH/Controllers/Clientes.php(140): CodeIgniter\Model->insert([...])
 9 SYSTEMPATH/CodeIgniter.php(934): App\Controllers\Clientes->create()
10 SYSTEMPATH/CodeIgniter.php(499): CodeIgniter\CodeIgniter->runController(Object(App\Controllers\Clientes))
11 SYSTEMPATH/CodeIgniter.php(368): CodeIgniter\CodeIgniter->handleRequest(null, Object(Config\Cache), false)
12 FCPATH/index.php(67): CodeIgniter\CodeIgniter->run()
ERROR - 2023-06-17 08:10:32 --> mysqli_sql_exception: Table 'app_belleza.Clientes' doesn't exist in /home/app/public_html/belleza/system/Database/MySQLi/Connection.php:295
Stack trace:
#0 /home/app/public_html/belleza/system/Database/MySQLi/Connection.php(295): mysqli->query('INSERT INTO `Cl...', 0)
#1 /home/app/public_html/belleza/system/Database/BaseConnection.php(691): CodeIgniter\Database\MySQLi\Connection->execute('INSERT INTO `Cl...')
#2 /home/app/public_html/belleza/system/Database/BaseConnection.php(605): CodeIgniter\Database\BaseConnection->simpleQuery('INSERT INTO `Cl...')
#3 /home/app/public_html/belleza/system/Database/BaseBuilder.php(2309): CodeIgniter\Database\BaseConnection->query('INSERT INTO `Cl...', Array, false)
#4 /home/app/public_html/belleza/system/Model.php(330): CodeIgniter\Database\BaseBuilder->insert()
#5 /home/app/public_html/belleza/system/BaseModel.php(782): CodeIgniter\Model->doInsert(Array)
#6 /home/app/public_html/belleza/system/Model.php(730): CodeIgniter\BaseModel->insert(Array, true)
#7 /home/app/public_html/belleza/app/Controllers/Clientes.php(140): CodeIgniter\Model->insert(Array)
#8 /home/app/public_html/belleza/system/CodeIgniter.php(934): App\Controllers\Clientes->create()
#9 /home/app/public_html/belleza/system/CodeIgniter.php(499): CodeIgniter\CodeIgniter->runController(Object(App\Controllers\Clientes))
#10 /home/app/public_html/belleza/system/CodeIgniter.php(368): CodeIgniter\CodeIgniter->handleRequest(NULL, Object(Config\Cache), false)
#11 /home/app/public_html/belleza/index.php(67): CodeIgniter\CodeIgniter->run()
#12 {main}
CRITICAL - 2023-06-17 08:10:32 --> Table 'app_belleza.Clientes' doesn't exist
in SYSTEMPATH/Database/MySQLi/Connection.php on line 295.
 1 SYSTEMPATH/Database/MySQLi/Connection.php(295): mysqli->query('INSERT INTO `Clientes` (`correoClient`, `numberClient`, `genero`, `detalles`, `fechaCreacion`) VALUES (\'bryan@hotmail.com\', \'918912182\', \'hombre\', \'hola\', \'15 07 2003\')', 0)
 2 SYSTEMPATH/Database/BaseConnection.php(691): CodeIgniter\Database\MySQLi\Connection->execute('INSERT INTO `Clientes` (`correoClient`, `numberClient`, `genero`, `detalles`, `fechaCreacion`) VALUES (\'bryan@hotmail.com\', \'918912182\', \'hombre\', \'hola\', \'15 07 2003\')')
 3 SYSTEMPATH/Database/BaseConnection.php(605): CodeIgniter\Database\BaseConnection->simpleQuery('INSERT INTO `Clientes` (`correoClient`, `numberClient`, `genero`, `detalles`, `fechaCreacion`) VALUES (\'bryan@hotmail.com\', \'918912182\', \'hombre\', \'hola\', \'15 07 2003\')')
 4 SYSTEMPATH/Database/BaseBuilder.php(2309): CodeIgniter\Database\BaseConnection->query('INSERT INTO `Clientes` (`correoClient`, `numberClient`, `genero`, `detalles`, `fechaCreacion`) VALUES (:correoClient:, :numberClient:, :genero:, :detalles:, :fechaCreacion:)', [...], false)
 5 SYSTEMPATH/Model.php(330): CodeIgniter\Database\BaseBuilder->insert()
 6 SYSTEMPATH/BaseModel.php(782): CodeIgniter\Model->doInsert([...])
 7 SYSTEMPATH/Model.php(730): CodeIgniter\BaseModel->insert([...], true)
 8 APPPATH/Controllers/Clientes.php(140): CodeIgniter\Model->insert([...])
 9 SYSTEMPATH/CodeIgniter.php(934): App\Controllers\Clientes->create()
10 SYSTEMPATH/CodeIgniter.php(499): CodeIgniter\CodeIgniter->runController(Object(App\Controllers\Clientes))
11 SYSTEMPATH/CodeIgniter.php(368): CodeIgniter\CodeIgniter->handleRequest(null, Object(Config\Cache), false)
12 FCPATH/index.php(67): CodeIgniter\CodeIgniter->run()
ERROR - 2023-06-17 08:10:39 --> mysqli_sql_exception: Table 'app_belleza.Clientes' doesn't exist in /home/app/public_html/belleza/system/Database/MySQLi/Connection.php:295
Stack trace:
#0 /home/app/public_html/belleza/system/Database/MySQLi/Connection.php(295): mysqli->query('SELECT *\nFROM `...', 0)
#1 /home/app/public_html/belleza/system/Database/BaseConnection.php(691): CodeIgniter\Database\MySQLi\Connection->execute('SELECT *\nFROM `...')
#2 /home/app/public_html/belleza/system/Database/BaseConnection.php(605): CodeIgniter\Database\BaseConnection->simpleQuery('SELECT *\nFROM `...')
#3 /home/app/public_html/belleza/system/Database/BaseBuilder.php(1616): CodeIgniter\Database\BaseConnection->query('SELECT *\nFROM `...', Array, false)
#4 /home/app/public_html/belleza/system/Model.php(241): CodeIgniter\Database\BaseBuilder->get()
#5 /home/app/public_html/belleza/system/BaseModel.php(618): CodeIgniter\Model->doFindAll(0, 0)
#6 /home/app/public_html/belleza/app/Controllers/Clientes.php(21): CodeIgniter\BaseModel->findAll()
#7 /home/app/public_html/belleza/system/CodeIgniter.php(934): App\Controllers\Clientes->index()
#8 /home/app/public_html/belleza/system/CodeIgniter.php(499): CodeIgniter\CodeIgniter->runController(Object(App\Controllers\Clientes))
#9 /home/app/public_html/belleza/system/CodeIgniter.php(368): CodeIgniter\CodeIgniter->handleRequest(NULL, Object(Config\Cache), false)
#10 /home/app/public_html/belleza/index.php(67): CodeIgniter\CodeIgniter->run()
#11 {main}
CRITICAL - 2023-06-17 08:10:39 --> Table 'app_belleza.Clientes' doesn't exist
in SYSTEMPATH/Database/MySQLi/Connection.php on line 295.
 1 SYSTEMPATH/Database/MySQLi/Connection.php(295): mysqli->query('SELECT *
FROM `Clientes`
WHERE `estado` = 1', 0)
 2 SYSTEMPATH/Database/BaseConnection.php(691): CodeIgniter\Database\MySQLi\Connection->execute('SELECT *
FROM `Clientes`
WHERE `estado` = 1')
 3 SYSTEMPATH/Database/BaseConnection.php(605): CodeIgniter\Database\BaseConnection->simpleQuery('SELECT *
FROM `Clientes`
WHERE `estado` = 1')
 4 SYSTEMPATH/Database/BaseBuilder.php(1616): CodeIgniter\Database\BaseConnection->query('SELECT *
FROM `Clientes`
WHERE `estado` = :estado:', [...], false)
 5 SYSTEMPATH/Model.php(241): CodeIgniter\Database\BaseBuilder->get()
 6 SYSTEMPATH/BaseModel.php(618): CodeIgniter\Model->doFindAll(0, 0)
 7 APPPATH/Controllers/Clientes.php(21): CodeIgniter\BaseModel->findAll()
 8 SYSTEMPATH/CodeIgniter.php(934): App\Controllers\Clientes->index()
 9 SYSTEMPATH/CodeIgniter.php(499): CodeIgniter\CodeIgniter->runController(Object(App\Controllers\Clientes))
10 SYSTEMPATH/CodeIgniter.php(368): CodeIgniter\CodeIgniter->handleRequest(null, Object(Config\Cache), false)
11 FCPATH/index.php(67): CodeIgniter\CodeIgniter->run()
ERROR - 2023-06-17 08:12:52 --> mysqli_sql_exception: Table 'app_belleza.Clientes' doesn't exist in /home/app/public_html/belleza/system/Database/MySQLi/Connection.php:295
Stack trace:
#0 /home/app/public_html/belleza/system/Database/MySQLi/Connection.php(295): mysqli->query('SELECT *\nFROM `...', 0)
#1 /home/app/public_html/belleza/system/Database/BaseConnection.php(691): CodeIgniter\Database\MySQLi\Connection->execute('SELECT *\nFROM `...')
#2 /home/app/public_html/belleza/system/Database/BaseConnection.php(605): CodeIgniter\Database\BaseConnection->simpleQuery('SELECT *\nFROM `...')
#3 /home/app/public_html/belleza/system/Database/BaseBuilder.php(1616): CodeIgniter\Database\BaseConnection->query('SELECT *\nFROM `...', Array, false)
#4 /home/app/public_html/belleza/system/Model.php(241): CodeIgniter\Database\BaseBuilder->get()
#5 /home/app/public_html/belleza/system/BaseModel.php(618): CodeIgniter\Model->doFindAll(0, 0)
#6 /home/app/public_html/belleza/app/Controllers/Clientes.php(21): CodeIgniter\BaseModel->findAll()
#7 /home/app/public_html/belleza/system/CodeIgniter.php(934): App\Controllers\Clientes->index()
#8 /home/app/public_html/belleza/system/CodeIgniter.php(499): CodeIgniter\CodeIgniter->runController(Object(App\Controllers\Clientes))
#9 /home/app/public_html/belleza/system/CodeIgniter.php(368): CodeIgniter\CodeIgniter->handleRequest(NULL, Object(Config\Cache), false)
#10 /home/app/public_html/belleza/index.php(67): CodeIgniter\CodeIgniter->run()
#11 {main}
CRITICAL - 2023-06-17 08:12:52 --> Table 'app_belleza.Clientes' doesn't exist
in SYSTEMPATH/Database/MySQLi/Connection.php on line 295.
 1 SYSTEMPATH/Database/MySQLi/Connection.php(295): mysqli->query('SELECT *
FROM `Clientes`
WHERE `estado` = 1', 0)
 2 SYSTEMPATH/Database/BaseConnection.php(691): CodeIgniter\Database\MySQLi\Connection->execute('SELECT *
FROM `Clientes`
WHERE `estado` = 1')
 3 SYSTEMPATH/Database/BaseConnection.php(605): CodeIgniter\Database\BaseConnection->simpleQuery('SELECT *
FROM `Clientes`
WHERE `estado` = 1')
 4 SYSTEMPATH/Database/BaseBuilder.php(1616): CodeIgniter\Database\BaseConnection->query('SELECT *
FROM `Clientes`
WHERE `estado` = :estado:', [...], false)
 5 SYSTEMPATH/Model.php(241): CodeIgniter\Database\BaseBuilder->get()
 6 SYSTEMPATH/BaseModel.php(618): CodeIgniter\Model->doFindAll(0, 0)
 7 APPPATH/Controllers/Clientes.php(21): CodeIgniter\BaseModel->findAll()
 8 SYSTEMPATH/CodeIgniter.php(934): App\Controllers\Clientes->index()
 9 SYSTEMPATH/CodeIgniter.php(499): CodeIgniter\CodeIgniter->runController(Object(App\Controllers\Clientes))
10 SYSTEMPATH/CodeIgniter.php(368): CodeIgniter\CodeIgniter->handleRequest(null, Object(Config\Cache), false)
11 FCPATH/index.php(67): CodeIgniter\CodeIgniter->run()
ERROR - 2023-06-17 08:13:45 --> mysqli_sql_exception: Table 'app_belleza.Clientes' doesn't exist in /home/app/public_html/belleza/system/Database/MySQLi/Connection.php:295
Stack trace:
#0 /home/app/public_html/belleza/system/Database/MySQLi/Connection.php(295): mysqli->query('INSERT INTO `Cl...', 0)
#1 /home/app/public_html/belleza/system/Database/BaseConnection.php(691): CodeIgniter\Database\MySQLi\Connection->execute('INSERT INTO `Cl...')
#2 /home/app/public_html/belleza/system/Database/BaseConnection.php(605): CodeIgniter\Database\BaseConnection->simpleQuery('INSERT INTO `Cl...')
#3 /home/app/public_html/belleza/system/Database/BaseBuilder.php(2309): CodeIgniter\Database\BaseConnection->query('INSERT INTO `Cl...', Array, false)
#4 /home/app/public_html/belleza/system/Model.php(330): CodeIgniter\Database\BaseBuilder->insert()
#5 /home/app/public_html/belleza/system/BaseModel.php(782): CodeIgniter\Model->doInsert(Array)
#6 /home/app/public_html/belleza/system/Model.php(730): CodeIgniter\BaseModel->insert(Array, true)
#7 /home/app/public_html/belleza/app/Controllers/Clientes.php(140): CodeIgniter\Model->insert(Array)
#8 /home/app/public_html/belleza/system/CodeIgniter.php(934): App\Controllers\Clientes->create()
#9 /home/app/public_html/belleza/system/CodeIgniter.php(499): CodeIgniter\CodeIgniter->runController(Object(App\Controllers\Clientes))
#10 /home/app/public_html/belleza/system/CodeIgniter.php(368): CodeIgniter\CodeIgniter->handleRequest(NULL, Object(Config\Cache), false)
#11 /home/app/public_html/belleza/index.php(67): CodeIgniter\CodeIgniter->run()
#12 {main}
CRITICAL - 2023-06-17 08:13:45 --> Table 'app_belleza.Clientes' doesn't exist
in SYSTEMPATH/Database/MySQLi/Connection.php on line 295.
 1 SYSTEMPATH/Database/MySQLi/Connection.php(295): mysqli->query('INSERT INTO `Clientes` (`correoClient`, `numberClient`, `genero`, `detalles`, `fechaCreacion`) VALUES (\'bryan@hotmail.com\', \'918912182\', \'hombre\', \'hola\', \'15 07 2003\')', 0)
 2 SYSTEMPATH/Database/BaseConnection.php(691): CodeIgniter\Database\MySQLi\Connection->execute('INSERT INTO `Clientes` (`correoClient`, `numberClient`, `genero`, `detalles`, `fechaCreacion`) VALUES (\'bryan@hotmail.com\', \'918912182\', \'hombre\', \'hola\', \'15 07 2003\')')
 3 SYSTEMPATH/Database/BaseConnection.php(605): CodeIgniter\Database\BaseConnection->simpleQuery('INSERT INTO `Clientes` (`correoClient`, `numberClient`, `genero`, `detalles`, `fechaCreacion`) VALUES (\'bryan@hotmail.com\', \'918912182\', \'hombre\', \'hola\', \'15 07 2003\')')
 4 SYSTEMPATH/Database/BaseBuilder.php(2309): CodeIgniter\Database\BaseConnection->query('INSERT INTO `Clientes` (`correoClient`, `numberClient`, `genero`, `detalles`, `fechaCreacion`) VALUES (:correoClient:, :numberClient:, :genero:, :detalles:, :fechaCreacion:)', [...], false)
 5 SYSTEMPATH/Model.php(330): CodeIgniter\Database\BaseBuilder->insert()
 6 SYSTEMPATH/BaseModel.php(782): CodeIgniter\Model->doInsert([...])
 7 SYSTEMPATH/Model.php(730): CodeIgniter\BaseModel->insert([...], true)
 8 APPPATH/Controllers/Clientes.php(140): CodeIgniter\Model->insert([...])
 9 SYSTEMPATH/CodeIgniter.php(934): App\Controllers\Clientes->create()
10 SYSTEMPATH/CodeIgniter.php(499): CodeIgniter\CodeIgniter->runController(Object(App\Controllers\Clientes))
11 SYSTEMPATH/CodeIgniter.php(368): CodeIgniter\CodeIgniter->handleRequest(null, Object(Config\Cache), false)
12 FCPATH/index.php(67): CodeIgniter\CodeIgniter->run()
ERROR - 2023-06-17 08:14:15 --> mysqli_sql_exception: Table 'app_belleza.Clientes' doesn't exist in /home/app/public_html/belleza/system/Database/MySQLi/Connection.php:295
Stack trace:
#0 /home/app/public_html/belleza/system/Database/MySQLi/Connection.php(295): mysqli->query('SELECT *\nFROM `...', 0)
#1 /home/app/public_html/belleza/system/Database/BaseConnection.php(691): CodeIgniter\Database\MySQLi\Connection->execute('SELECT *\nFROM `...')
#2 /home/app/public_html/belleza/system/Database/BaseConnection.php(605): CodeIgniter\Database\BaseConnection->simpleQuery('SELECT *\nFROM `...')
#3 /home/app/public_html/belleza/system/Database/BaseBuilder.php(1616): CodeIgniter\Database\BaseConnection->query('SELECT *\nFROM `...', Array, false)
#4 /home/app/public_html/belleza/system/Model.php(241): CodeIgniter\Database\BaseBuilder->get()
#5 /home/app/public_html/belleza/system/BaseModel.php(618): CodeIgniter\Model->doFindAll(0, 0)
#6 /home/app/public_html/belleza/app/Controllers/Clientes.php(21): CodeIgniter\BaseModel->findAll()
#7 /home/app/public_html/belleza/system/CodeIgniter.php(934): App\Controllers\Clientes->index()
#8 /home/app/public_html/belleza/system/CodeIgniter.php(499): CodeIgniter\CodeIgniter->runController(Object(App\Controllers\Clientes))
#9 /home/app/public_html/belleza/system/CodeIgniter.php(368): CodeIgniter\CodeIgniter->handleRequest(NULL, Object(Config\Cache), false)
#10 /home/app/public_html/belleza/index.php(67): CodeIgniter\CodeIgniter->run()
#11 {main}
CRITICAL - 2023-06-17 08:14:15 --> Table 'app_belleza.Clientes' doesn't exist
in SYSTEMPATH/Database/MySQLi/Connection.php on line 295.
 1 SYSTEMPATH/Database/MySQLi/Connection.php(295): mysqli->query('SELECT *
FROM `Clientes`
WHERE `estado` = 1', 0)
 2 SYSTEMPATH/Database/BaseConnection.php(691): CodeIgniter\Database\MySQLi\Connection->execute('SELECT *
FROM `Clientes`
WHERE `estado` = 1')
 3 SYSTEMPATH/Database/BaseConnection.php(605): CodeIgniter\Database\BaseConnection->simpleQuery('SELECT *
FROM `Clientes`
WHERE `estado` = 1')
 4 SYSTEMPATH/Database/BaseBuilder.php(1616): CodeIgniter\Database\BaseConnection->query('SELECT *
FROM `Clientes`
WHERE `estado` = :estado:', [...], false)
 5 SYSTEMPATH/Model.php(241): CodeIgniter\Database\BaseBuilder->get()
 6 SYSTEMPATH/BaseModel.php(618): CodeIgniter\Model->doFindAll(0, 0)
 7 APPPATH/Controllers/Clientes.php(21): CodeIgniter\BaseModel->findAll()
 8 SYSTEMPATH/CodeIgniter.php(934): App\Controllers\Clientes->index()
 9 SYSTEMPATH/CodeIgniter.php(499): CodeIgniter\CodeIgniter->runController(Object(App\Controllers\Clientes))
10 SYSTEMPATH/CodeIgniter.php(368): CodeIgniter\CodeIgniter->handleRequest(null, Object(Config\Cache), false)
11 FCPATH/index.php(67): CodeIgniter\CodeIgniter->run()
ERROR - 2023-06-17 08:36:43 --> mysqli_sql_exception: Table 'app_belleza.Clientes' doesn't exist in /home/app/public_html/belleza/system/Database/MySQLi/Connection.php:295
Stack trace:
#0 /home/app/public_html/belleza/system/Database/MySQLi/Connection.php(295): mysqli->query('SELECT *\nFROM `...', 0)
#1 /home/app/public_html/belleza/system/Database/BaseConnection.php(691): CodeIgniter\Database\MySQLi\Connection->execute('SELECT *\nFROM `...')
#2 /home/app/public_html/belleza/system/Database/BaseConnection.php(605): CodeIgniter\Database\BaseConnection->simpleQuery('SELECT *\nFROM `...')
#3 /home/app/public_html/belleza/system/Database/BaseBuilder.php(1616): CodeIgniter\Database\BaseConnection->query('SELECT *\nFROM `...', Array, false)
#4 /home/app/public_html/belleza/system/Model.php(241): CodeIgniter\Database\BaseBuilder->get()
#5 /home/app/public_html/belleza/system/BaseModel.php(618): CodeIgniter\Model->doFindAll(0, 0)
#6 /home/app/public_html/belleza/app/Controllers/Clientes.php(21): CodeIgniter\BaseModel->findAll()
#7 /home/app/public_html/belleza/system/CodeIgniter.php(934): App\Controllers\Clientes->index()
#8 /home/app/public_html/belleza/system/CodeIgniter.php(499): CodeIgniter\CodeIgniter->runController(Object(App\Controllers\Clientes))
#9 /home/app/public_html/belleza/system/CodeIgniter.php(368): CodeIgniter\CodeIgniter->handleRequest(NULL, Object(Config\Cache), false)
#10 /home/app/public_html/belleza/index.php(67): CodeIgniter\CodeIgniter->run()
#11 {main}
CRITICAL - 2023-06-17 08:36:43 --> Table 'app_belleza.Clientes' doesn't exist
in SYSTEMPATH/Database/MySQLi/Connection.php on line 295.
 1 SYSTEMPATH/Database/MySQLi/Connection.php(295): mysqli->query('SELECT *
FROM `Clientes`
WHERE `estado` = 1', 0)
 2 SYSTEMPATH/Database/BaseConnection.php(691): CodeIgniter\Database\MySQLi\Connection->execute('SELECT *
FROM `Clientes`
WHERE `estado` = 1')
 3 SYSTEMPATH/Database/BaseConnection.php(605): CodeIgniter\Database\BaseConnection->simpleQuery('SELECT *
FROM `Clientes`
WHERE `estado` = 1')
 4 SYSTEMPATH/Database/BaseBuilder.php(1616): CodeIgniter\Database\BaseConnection->query('SELECT *
FROM `Clientes`
WHERE `estado` = :estado:', [...], false)
 5 SYSTEMPATH/Model.php(241): CodeIgniter\Database\BaseBuilder->get()
 6 SYSTEMPATH/BaseModel.php(618): CodeIgniter\Model->doFindAll(0, 0)
 7 APPPATH/Controllers/Clientes.php(21): CodeIgniter\BaseModel->findAll()
 8 SYSTEMPATH/CodeIgniter.php(934): App\Controllers\Clientes->index()
 9 SYSTEMPATH/CodeIgniter.php(499): CodeIgniter\CodeIgniter->runController(Object(App\Controllers\Clientes))
10 SYSTEMPATH/CodeIgniter.php(368): CodeIgniter\CodeIgniter->handleRequest(null, Object(Config\Cache), false)
11 FCPATH/index.php(67): CodeIgniter\CodeIgniter->run()
