ERROR - 2023-07-02 02:16:37 --> mysqli_sql_exception: Unknown column 'cc.idproducto' in 'on clause' in /home/app/public_html/belleza/system/Database/MySQLi/Connection.php:295
Stack trace:
#0 /home/app/public_html/belleza/system/Database/MySQLi/Connection.php(295): mysqli->query('SELECT *\nFROM `...', 0)
#1 /home/app/public_html/belleza/system/Database/BaseConnection.php(691): CodeIgniter\Database\MySQLi\Connection->execute('SELECT *\nFROM `...')
#2 /home/app/public_html/belleza/system/Database/BaseConnection.php(605): CodeIgniter\Database\BaseConnection->simpleQuery('SELECT *\nFROM `...')
#3 /home/app/public_html/belleza/system/Database/BaseBuilder.php(1616): CodeIgniter\Database\BaseConnection->query('SELECT *\nFROM `...', Array, false)
#4 /home/app/public_html/belleza/app/Models/IngresosModel.php(20): CodeIgniter\Database\BaseBuilder->get()
#5 /home/app/public_html/belleza/app/Controllers/Ingresos.php(18): App\Models\IngresosModel->getIngresos()
#6 /home/app/public_html/belleza/system/CodeIgniter.php(934): App\Controllers\Ingresos->index()
#7 /home/app/public_html/belleza/system/CodeIgniter.php(499): CodeIgniter\CodeIgniter->runController(Object(App\Controllers\Ingresos))
#8 /home/app/public_html/belleza/system/CodeIgniter.php(368): CodeIgniter\CodeIgniter->handleRequest(NULL, Object(Config\Cache), false)
#9 /home/app/public_html/belleza/index.php(67): CodeIgniter\CodeIgniter->run()
#10 {main}
CRITICAL - 2023-07-02 02:16:37 --> Unknown column 'cc.idproducto' in 'on clause'
in SYSTEMPATH/Database/MySQLi/Connection.php on line 295.
 1 SYSTEMPATH/Database/MySQLi/Connection.php(295): mysqli->query('SELECT *
FROM `ingresos` `i`
JOIN `proveedores` `tc` ON `i`.`proveedorId` = `tc`.`provid`
JOIN `productos` `cc` ON `i`.`productosId` = `cc`.`idproducto`
WHERE `i`.`estado` = 1', 0)
 2 SYSTEMPATH/Database/BaseConnection.php(691): CodeIgniter\Database\MySQLi\Connection->execute('SELECT *
FROM `ingresos` `i`
JOIN `proveedores` `tc` ON `i`.`proveedorId` = `tc`.`provid`
JOIN `productos` `cc` ON `i`.`productosId` = `cc`.`idproducto`
WHERE `i`.`estado` = 1')
 3 SYSTEMPATH/Database/BaseConnection.php(605): CodeIgniter\Database\BaseConnection->simpleQuery('SELECT *
FROM `ingresos` `i`
JOIN `proveedores` `tc` ON `i`.`proveedorId` = `tc`.`provid`
JOIN `productos` `cc` ON `i`.`productosId` = `cc`.`idproducto`
WHERE `i`.`estado` = 1')
 4 SYSTEMPATH/Database/BaseBuilder.php(1616): CodeIgniter\Database\BaseConnection->query('SELECT *
FROM `ingresos` `i`
JOIN `proveedores` `tc` ON `i`.`proveedorId` = `tc`.`provid`
JOIN `productos` `cc` ON `i`.`productosId` = `cc`.`idproducto`
WHERE `i`.`estado` = :i.estado:', [...], false)
 5 APPPATH/Models/IngresosModel.php(20): CodeIgniter\Database\BaseBuilder->get()
 6 APPPATH/Controllers/Ingresos.php(18): App\Models\IngresosModel->getIngresos()
 7 SYSTEMPATH/CodeIgniter.php(934): App\Controllers\Ingresos->index()
 8 SYSTEMPATH/CodeIgniter.php(499): CodeIgniter\CodeIgniter->runController(Object(App\Controllers\Ingresos))
 9 SYSTEMPATH/CodeIgniter.php(368): CodeIgniter\CodeIgniter->handleRequest(null, Object(Config\Cache), false)
10 FCPATH/index.php(67): CodeIgniter\CodeIgniter->run()
ERROR - 2023-07-02 02:23:48 --> mysqli_sql_exception: Unknown column 'cc.idproducto' in 'on clause' in /home/app/public_html/belleza/system/Database/MySQLi/Connection.php:295
Stack trace:
#0 /home/app/public_html/belleza/system/Database/MySQLi/Connection.php(295): mysqli->query('SELECT *\nFROM `...', 0)
#1 /home/app/public_html/belleza/system/Database/BaseConnection.php(691): CodeIgniter\Database\MySQLi\Connection->execute('SELECT *\nFROM `...')
#2 /home/app/public_html/belleza/system/Database/BaseConnection.php(605): CodeIgniter\Database\BaseConnection->simpleQuery('SELECT *\nFROM `...')
#3 /home/app/public_html/belleza/system/Database/BaseBuilder.php(1616): CodeIgniter\Database\BaseConnection->query('SELECT *\nFROM `...', Array, false)
#4 /home/app/public_html/belleza/app/Models/IngresosModel.php(20): CodeIgniter\Database\BaseBuilder->get()
#5 /home/app/public_html/belleza/app/Controllers/Ingresos.php(18): App\Models\IngresosModel->getIngresos()
#6 /home/app/public_html/belleza/system/CodeIgniter.php(934): App\Controllers\Ingresos->index()
#7 /home/app/public_html/belleza/system/CodeIgniter.php(499): CodeIgniter\CodeIgniter->runController(Object(App\Controllers\Ingresos))
#8 /home/app/public_html/belleza/system/CodeIgniter.php(368): CodeIgniter\CodeIgniter->handleRequest(NULL, Object(Config\Cache), false)
#9 /home/app/public_html/belleza/index.php(67): CodeIgniter\CodeIgniter->run()
#10 {main}
CRITICAL - 2023-07-02 02:23:48 --> Unknown column 'cc.idproducto' in 'on clause'
in SYSTEMPATH/Database/MySQLi/Connection.php on line 295.
 1 SYSTEMPATH/Database/MySQLi/Connection.php(295): mysqli->query('SELECT *
FROM `ingresos` `i`
JOIN `proveedores` `tc` ON `i`.`proveedorId` = `tc`.`provid`
JOIN `productos` `cc` ON `i`.`productosId` = `cc`.`idproducto`
WHERE `i`.`estado` = 1', 0)
 2 SYSTEMPATH/Database/BaseConnection.php(691): CodeIgniter\Database\MySQLi\Connection->execute('SELECT *
FROM `ingresos` `i`
JOIN `proveedores` `tc` ON `i`.`proveedorId` = `tc`.`provid`
JOIN `productos` `cc` ON `i`.`productosId` = `cc`.`idproducto`
WHERE `i`.`estado` = 1')
 3 SYSTEMPATH/Database/BaseConnection.php(605): CodeIgniter\Database\BaseConnection->simpleQuery('SELECT *
FROM `ingresos` `i`
JOIN `proveedores` `tc` ON `i`.`proveedorId` = `tc`.`provid`
JOIN `productos` `cc` ON `i`.`productosId` = `cc`.`idproducto`
WHERE `i`.`estado` = 1')
 4 SYSTEMPATH/Database/BaseBuilder.php(1616): CodeIgniter\Database\BaseConnection->query('SELECT *
FROM `ingresos` `i`
JOIN `proveedores` `tc` ON `i`.`proveedorId` = `tc`.`provid`
JOIN `productos` `cc` ON `i`.`productosId` = `cc`.`idproducto`
WHERE `i`.`estado` = :i.estado:', [...], false)
 5 APPPATH/Models/IngresosModel.php(20): CodeIgniter\Database\BaseBuilder->get()
 6 APPPATH/Controllers/Ingresos.php(18): App\Models\IngresosModel->getIngresos()
 7 SYSTEMPATH/CodeIgniter.php(934): App\Controllers\Ingresos->index()
 8 SYSTEMPATH/CodeIgniter.php(499): CodeIgniter\CodeIgniter->runController(Object(App\Controllers\Ingresos))
 9 SYSTEMPATH/CodeIgniter.php(368): CodeIgniter\CodeIgniter->handleRequest(null, Object(Config\Cache), false)
10 FCPATH/index.php(67): CodeIgniter\CodeIgniter->run()
ERROR - 2023-07-02 02:25:00 --> mysqli_sql_exception: Unknown column 'cc.idproducto' in 'on clause' in /home/app/public_html/belleza/system/Database/MySQLi/Connection.php:295
Stack trace:
#0 /home/app/public_html/belleza/system/Database/MySQLi/Connection.php(295): mysqli->query('SELECT *\nFROM `...', 0)
#1 /home/app/public_html/belleza/system/Database/BaseConnection.php(691): CodeIgniter\Database\MySQLi\Connection->execute('SELECT *\nFROM `...')
#2 /home/app/public_html/belleza/system/Database/BaseConnection.php(605): CodeIgniter\Database\BaseConnection->simpleQuery('SELECT *\nFROM `...')
#3 /home/app/public_html/belleza/system/Database/BaseBuilder.php(1616): CodeIgniter\Database\BaseConnection->query('SELECT *\nFROM `...', Array, false)
#4 /home/app/public_html/belleza/app/Models/IngresosModel.php(20): CodeIgniter\Database\BaseBuilder->get()
#5 /home/app/public_html/belleza/app/Controllers/Ingresos.php(18): App\Models\IngresosModel->getIngresos()
#6 /home/app/public_html/belleza/system/CodeIgniter.php(934): App\Controllers\Ingresos->index()
#7 /home/app/public_html/belleza/system/CodeIgniter.php(499): CodeIgniter\CodeIgniter->runController(Object(App\Controllers\Ingresos))
#8 /home/app/public_html/belleza/system/CodeIgniter.php(368): CodeIgniter\CodeIgniter->handleRequest(NULL, Object(Config\Cache), false)
#9 /home/app/public_html/belleza/index.php(67): CodeIgniter\CodeIgniter->run()
#10 {main}
CRITICAL - 2023-07-02 02:25:00 --> Unknown column 'cc.idproducto' in 'on clause'
in SYSTEMPATH/Database/MySQLi/Connection.php on line 295.
 1 SYSTEMPATH/Database/MySQLi/Connection.php(295): mysqli->query('SELECT *
FROM `ingresos` `i`
JOIN `proveedores` `tc` ON `i`.`proveedorId` = `tc`.`provid`
JOIN `productos` `cc` ON `i`.`productosId` = `cc`.`idproducto`
WHERE `i`.`estado` = 1', 0)
 2 SYSTEMPATH/Database/BaseConnection.php(691): CodeIgniter\Database\MySQLi\Connection->execute('SELECT *
FROM `ingresos` `i`
JOIN `proveedores` `tc` ON `i`.`proveedorId` = `tc`.`provid`
JOIN `productos` `cc` ON `i`.`productosId` = `cc`.`idproducto`
WHERE `i`.`estado` = 1')
 3 SYSTEMPATH/Database/BaseConnection.php(605): CodeIgniter\Database\BaseConnection->simpleQuery('SELECT *
FROM `ingresos` `i`
JOIN `proveedores` `tc` ON `i`.`proveedorId` = `tc`.`provid`
JOIN `productos` `cc` ON `i`.`productosId` = `cc`.`idproducto`
WHERE `i`.`estado` = 1')
 4 SYSTEMPATH/Database/BaseBuilder.php(1616): CodeIgniter\Database\BaseConnection->query('SELECT *
FROM `ingresos` `i`
JOIN `proveedores` `tc` ON `i`.`proveedorId` = `tc`.`provid`
JOIN `productos` `cc` ON `i`.`productosId` = `cc`.`idproducto`
WHERE `i`.`estado` = :i.estado:', [...], false)
 5 APPPATH/Models/IngresosModel.php(20): CodeIgniter\Database\BaseBuilder->get()
 6 APPPATH/Controllers/Ingresos.php(18): App\Models\IngresosModel->getIngresos()
 7 SYSTEMPATH/CodeIgniter.php(934): App\Controllers\Ingresos->index()
 8 SYSTEMPATH/CodeIgniter.php(499): CodeIgniter\CodeIgniter->runController(Object(App\Controllers\Ingresos))
 9 SYSTEMPATH/CodeIgniter.php(368): CodeIgniter\CodeIgniter->handleRequest(null, Object(Config\Cache), false)
10 FCPATH/index.php(67): CodeIgniter\CodeIgniter->run()
ERROR - 2023-07-02 02:25:19 --> mysqli_sql_exception: Unknown column 'cc.idproducto' in 'on clause' in /home/app/public_html/belleza/system/Database/MySQLi/Connection.php:295
Stack trace:
#0 /home/app/public_html/belleza/system/Database/MySQLi/Connection.php(295): mysqli->query('SELECT *\nFROM `...', 0)
#1 /home/app/public_html/belleza/system/Database/BaseConnection.php(691): CodeIgniter\Database\MySQLi\Connection->execute('SELECT *\nFROM `...')
#2 /home/app/public_html/belleza/system/Database/BaseConnection.php(605): CodeIgniter\Database\BaseConnection->simpleQuery('SELECT *\nFROM `...')
#3 /home/app/public_html/belleza/system/Database/BaseBuilder.php(1616): CodeIgniter\Database\BaseConnection->query('SELECT *\nFROM `...', Array, false)
#4 /home/app/public_html/belleza/app/Models/IngresosModel.php(20): CodeIgniter\Database\BaseBuilder->get()
#5 /home/app/public_html/belleza/app/Controllers/Ingresos.php(18): App\Models\IngresosModel->getIngresos()
#6 /home/app/public_html/belleza/system/CodeIgniter.php(934): App\Controllers\Ingresos->index()
#7 /home/app/public_html/belleza/system/CodeIgniter.php(499): CodeIgniter\CodeIgniter->runController(Object(App\Controllers\Ingresos))
#8 /home/app/public_html/belleza/system/CodeIgniter.php(368): CodeIgniter\CodeIgniter->handleRequest(NULL, Object(Config\Cache), false)
#9 /home/app/public_html/belleza/index.php(67): CodeIgniter\CodeIgniter->run()
#10 {main}
CRITICAL - 2023-07-02 02:25:19 --> Unknown column 'cc.idproducto' in 'on clause'
in SYSTEMPATH/Database/MySQLi/Connection.php on line 295.
 1 SYSTEMPATH/Database/MySQLi/Connection.php(295): mysqli->query('SELECT *
FROM `ingresos` `i`
JOIN `proveedores` `tc` ON `i`.`proveedorId` = `tc`.`provid`
JOIN `productos` `cc` ON `i`.`productosId` = `cc`.`idproducto`
WHERE `i`.`estado` = 1', 0)
 2 SYSTEMPATH/Database/BaseConnection.php(691): CodeIgniter\Database\MySQLi\Connection->execute('SELECT *
FROM `ingresos` `i`
JOIN `proveedores` `tc` ON `i`.`proveedorId` = `tc`.`provid`
JOIN `productos` `cc` ON `i`.`productosId` = `cc`.`idproducto`
WHERE `i`.`estado` = 1')
 3 SYSTEMPATH/Database/BaseConnection.php(605): CodeIgniter\Database\BaseConnection->simpleQuery('SELECT *
FROM `ingresos` `i`
JOIN `proveedores` `tc` ON `i`.`proveedorId` = `tc`.`provid`
JOIN `productos` `cc` ON `i`.`productosId` = `cc`.`idproducto`
WHERE `i`.`estado` = 1')
 4 SYSTEMPATH/Database/BaseBuilder.php(1616): CodeIgniter\Database\BaseConnection->query('SELECT *
FROM `ingresos` `i`
JOIN `proveedores` `tc` ON `i`.`proveedorId` = `tc`.`provid`
JOIN `productos` `cc` ON `i`.`productosId` = `cc`.`idproducto`
WHERE `i`.`estado` = :i.estado:', [...], false)
 5 APPPATH/Models/IngresosModel.php(20): CodeIgniter\Database\BaseBuilder->get()
 6 APPPATH/Controllers/Ingresos.php(18): App\Models\IngresosModel->getIngresos()
 7 SYSTEMPATH/CodeIgniter.php(934): App\Controllers\Ingresos->index()
 8 SYSTEMPATH/CodeIgniter.php(499): CodeIgniter\CodeIgniter->runController(Object(App\Controllers\Ingresos))
 9 SYSTEMPATH/CodeIgniter.php(368): CodeIgniter\CodeIgniter->handleRequest(null, Object(Config\Cache), false)
10 FCPATH/index.php(67): CodeIgniter\CodeIgniter->run()
ERROR - 2023-07-02 02:25:44 --> mysqli_sql_exception: Unknown column 'cc.idproducto' in 'on clause' in /home/app/public_html/belleza/system/Database/MySQLi/Connection.php:295
Stack trace:
#0 /home/app/public_html/belleza/system/Database/MySQLi/Connection.php(295): mysqli->query('SELECT *\nFROM `...', 0)
#1 /home/app/public_html/belleza/system/Database/BaseConnection.php(691): CodeIgniter\Database\MySQLi\Connection->execute('SELECT *\nFROM `...')
#2 /home/app/public_html/belleza/system/Database/BaseConnection.php(605): CodeIgniter\Database\BaseConnection->simpleQuery('SELECT *\nFROM `...')
#3 /home/app/public_html/belleza/system/Database/BaseBuilder.php(1616): CodeIgniter\Database\BaseConnection->query('SELECT *\nFROM `...', Array, false)
#4 /home/app/public_html/belleza/app/Models/IngresosModel.php(20): CodeIgniter\Database\BaseBuilder->get()
#5 /home/app/public_html/belleza/app/Controllers/Ingresos.php(18): App\Models\IngresosModel->getIngresos()
#6 /home/app/public_html/belleza/system/CodeIgniter.php(934): App\Controllers\Ingresos->index()
#7 /home/app/public_html/belleza/system/CodeIgniter.php(499): CodeIgniter\CodeIgniter->runController(Object(App\Controllers\Ingresos))
#8 /home/app/public_html/belleza/system/CodeIgniter.php(368): CodeIgniter\CodeIgniter->handleRequest(NULL, Object(Config\Cache), false)
#9 /home/app/public_html/belleza/index.php(67): CodeIgniter\CodeIgniter->run()
#10 {main}
CRITICAL - 2023-07-02 02:25:44 --> Unknown column 'cc.idproducto' in 'on clause'
in SYSTEMPATH/Database/MySQLi/Connection.php on line 295.
 1 SYSTEMPATH/Database/MySQLi/Connection.php(295): mysqli->query('SELECT *
FROM `ingresos` `i`
JOIN `proveedores` `tc` ON `i`.`proveedorId` = `tc`.`provid`
JOIN `productos` `cc` ON `i`.`productosId` = `cc`.`idproducto`
WHERE `i`.`estado` = 1', 0)
 2 SYSTEMPATH/Database/BaseConnection.php(691): CodeIgniter\Database\MySQLi\Connection->execute('SELECT *
FROM `ingresos` `i`
JOIN `proveedores` `tc` ON `i`.`proveedorId` = `tc`.`provid`
JOIN `productos` `cc` ON `i`.`productosId` = `cc`.`idproducto`
WHERE `i`.`estado` = 1')
 3 SYSTEMPATH/Database/BaseConnection.php(605): CodeIgniter\Database\BaseConnection->simpleQuery('SELECT *
FROM `ingresos` `i`
JOIN `proveedores` `tc` ON `i`.`proveedorId` = `tc`.`provid`
JOIN `productos` `cc` ON `i`.`productosId` = `cc`.`idproducto`
WHERE `i`.`estado` = 1')
 4 SYSTEMPATH/Database/BaseBuilder.php(1616): CodeIgniter\Database\BaseConnection->query('SELECT *
FROM `ingresos` `i`
JOIN `proveedores` `tc` ON `i`.`proveedorId` = `tc`.`provid`
JOIN `productos` `cc` ON `i`.`productosId` = `cc`.`idproducto`
WHERE `i`.`estado` = :i.estado:', [...], false)
 5 APPPATH/Models/IngresosModel.php(20): CodeIgniter\Database\BaseBuilder->get()
 6 APPPATH/Controllers/Ingresos.php(18): App\Models\IngresosModel->getIngresos()
 7 SYSTEMPATH/CodeIgniter.php(934): App\Controllers\Ingresos->index()
 8 SYSTEMPATH/CodeIgniter.php(499): CodeIgniter\CodeIgniter->runController(Object(App\Controllers\Ingresos))
 9 SYSTEMPATH/CodeIgniter.php(368): CodeIgniter\CodeIgniter->handleRequest(null, Object(Config\Cache), false)
10 FCPATH/index.php(67): CodeIgniter\CodeIgniter->run()
ERROR - 2023-07-02 02:26:04 --> mysqli_sql_exception: Unknown column 'cc.idproducto' in 'on clause' in /home/app/public_html/belleza/system/Database/MySQLi/Connection.php:295
Stack trace:
#0 /home/app/public_html/belleza/system/Database/MySQLi/Connection.php(295): mysqli->query('SELECT *\nFROM `...', 0)
#1 /home/app/public_html/belleza/system/Database/BaseConnection.php(691): CodeIgniter\Database\MySQLi\Connection->execute('SELECT *\nFROM `...')
#2 /home/app/public_html/belleza/system/Database/BaseConnection.php(605): CodeIgniter\Database\BaseConnection->simpleQuery('SELECT *\nFROM `...')
#3 /home/app/public_html/belleza/system/Database/BaseBuilder.php(1616): CodeIgniter\Database\BaseConnection->query('SELECT *\nFROM `...', Array, false)
#4 /home/app/public_html/belleza/app/Models/IngresosModel.php(20): CodeIgniter\Database\BaseBuilder->get()
#5 /home/app/public_html/belleza/app/Controllers/Ingresos.php(18): App\Models\IngresosModel->getIngresos()
#6 /home/app/public_html/belleza/system/CodeIgniter.php(934): App\Controllers\Ingresos->index()
#7 /home/app/public_html/belleza/system/CodeIgniter.php(499): CodeIgniter\CodeIgniter->runController(Object(App\Controllers\Ingresos))
#8 /home/app/public_html/belleza/system/CodeIgniter.php(368): CodeIgniter\CodeIgniter->handleRequest(NULL, Object(Config\Cache), false)
#9 /home/app/public_html/belleza/index.php(67): CodeIgniter\CodeIgniter->run()
#10 {main}
CRITICAL - 2023-07-02 02:26:04 --> Unknown column 'cc.idproducto' in 'on clause'
in SYSTEMPATH/Database/MySQLi/Connection.php on line 295.
 1 SYSTEMPATH/Database/MySQLi/Connection.php(295): mysqli->query('SELECT *
FROM `ingresos` `i`
JOIN `proveedores` `tc` ON `i`.`proveedorId` = `tc`.`provid`
JOIN `productos` `cc` ON `i`.`productosId` = `cc`.`idproducto`
WHERE `i`.`estado` = 1', 0)
 2 SYSTEMPATH/Database/BaseConnection.php(691): CodeIgniter\Database\MySQLi\Connection->execute('SELECT *
FROM `ingresos` `i`
JOIN `proveedores` `tc` ON `i`.`proveedorId` = `tc`.`provid`
JOIN `productos` `cc` ON `i`.`productosId` = `cc`.`idproducto`
WHERE `i`.`estado` = 1')
 3 SYSTEMPATH/Database/BaseConnection.php(605): CodeIgniter\Database\BaseConnection->simpleQuery('SELECT *
FROM `ingresos` `i`
JOIN `proveedores` `tc` ON `i`.`proveedorId` = `tc`.`provid`
JOIN `productos` `cc` ON `i`.`productosId` = `cc`.`idproducto`
WHERE `i`.`estado` = 1')
 4 SYSTEMPATH/Database/BaseBuilder.php(1616): CodeIgniter\Database\BaseConnection->query('SELECT *
FROM `ingresos` `i`
JOIN `proveedores` `tc` ON `i`.`proveedorId` = `tc`.`provid`
JOIN `productos` `cc` ON `i`.`productosId` = `cc`.`idproducto`
WHERE `i`.`estado` = :i.estado:', [...], false)
 5 APPPATH/Models/IngresosModel.php(20): CodeIgniter\Database\BaseBuilder->get()
 6 APPPATH/Controllers/Ingresos.php(18): App\Models\IngresosModel->getIngresos()
 7 SYSTEMPATH/CodeIgniter.php(934): App\Controllers\Ingresos->index()
 8 SYSTEMPATH/CodeIgniter.php(499): CodeIgniter\CodeIgniter->runController(Object(App\Controllers\Ingresos))
 9 SYSTEMPATH/CodeIgniter.php(368): CodeIgniter\CodeIgniter->handleRequest(null, Object(Config\Cache), false)
10 FCPATH/index.php(67): CodeIgniter\CodeIgniter->run()
ERROR - 2023-07-02 02:26:15 --> mysqli_sql_exception: Unknown column 'cc.idproducto' in 'on clause' in /home/app/public_html/belleza/system/Database/MySQLi/Connection.php:295
Stack trace:
#0 /home/app/public_html/belleza/system/Database/MySQLi/Connection.php(295): mysqli->query('SELECT *\nFROM `...', 0)
#1 /home/app/public_html/belleza/system/Database/BaseConnection.php(691): CodeIgniter\Database\MySQLi\Connection->execute('SELECT *\nFROM `...')
#2 /home/app/public_html/belleza/system/Database/BaseConnection.php(605): CodeIgniter\Database\BaseConnection->simpleQuery('SELECT *\nFROM `...')
#3 /home/app/public_html/belleza/system/Database/BaseBuilder.php(1616): CodeIgniter\Database\BaseConnection->query('SELECT *\nFROM `...', Array, false)
#4 /home/app/public_html/belleza/app/Models/IngresosModel.php(20): CodeIgniter\Database\BaseBuilder->get()
#5 /home/app/public_html/belleza/app/Controllers/Ingresos.php(18): App\Models\IngresosModel->getIngresos()
#6 /home/app/public_html/belleza/system/CodeIgniter.php(934): App\Controllers\Ingresos->index()
#7 /home/app/public_html/belleza/system/CodeIgniter.php(499): CodeIgniter\CodeIgniter->runController(Object(App\Controllers\Ingresos))
#8 /home/app/public_html/belleza/system/CodeIgniter.php(368): CodeIgniter\CodeIgniter->handleRequest(NULL, Object(Config\Cache), false)
#9 /home/app/public_html/belleza/index.php(67): CodeIgniter\CodeIgniter->run()
#10 {main}
CRITICAL - 2023-07-02 02:26:15 --> Unknown column 'cc.idproducto' in 'on clause'
in SYSTEMPATH/Database/MySQLi/Connection.php on line 295.
 1 SYSTEMPATH/Database/MySQLi/Connection.php(295): mysqli->query('SELECT *
FROM `ingresos` `i`
JOIN `proveedores` `tc` ON `i`.`proveedorId` = `tc`.`provid`
JOIN `productos` `cc` ON `i`.`productosId` = `cc`.`idproducto`
WHERE `i`.`estado` = 1', 0)
 2 SYSTEMPATH/Database/BaseConnection.php(691): CodeIgniter\Database\MySQLi\Connection->execute('SELECT *
FROM `ingresos` `i`
JOIN `proveedores` `tc` ON `i`.`proveedorId` = `tc`.`provid`
JOIN `productos` `cc` ON `i`.`productosId` = `cc`.`idproducto`
WHERE `i`.`estado` = 1')
 3 SYSTEMPATH/Database/BaseConnection.php(605): CodeIgniter\Database\BaseConnection->simpleQuery('SELECT *
FROM `ingresos` `i`
JOIN `proveedores` `tc` ON `i`.`proveedorId` = `tc`.`provid`
JOIN `productos` `cc` ON `i`.`productosId` = `cc`.`idproducto`
WHERE `i`.`estado` = 1')
 4 SYSTEMPATH/Database/BaseBuilder.php(1616): CodeIgniter\Database\BaseConnection->query('SELECT *
FROM `ingresos` `i`
JOIN `proveedores` `tc` ON `i`.`proveedorId` = `tc`.`provid`
JOIN `productos` `cc` ON `i`.`productosId` = `cc`.`idproducto`
WHERE `i`.`estado` = :i.estado:', [...], false)
 5 APPPATH/Models/IngresosModel.php(20): CodeIgniter\Database\BaseBuilder->get()
 6 APPPATH/Controllers/Ingresos.php(18): App\Models\IngresosModel->getIngresos()
 7 SYSTEMPATH/CodeIgniter.php(934): App\Controllers\Ingresos->index()
 8 SYSTEMPATH/CodeIgniter.php(499): CodeIgniter\CodeIgniter->runController(Object(App\Controllers\Ingresos))
 9 SYSTEMPATH/CodeIgniter.php(368): CodeIgniter\CodeIgniter->handleRequest(null, Object(Config\Cache), false)
10 FCPATH/index.php(67): CodeIgniter\CodeIgniter->run()
ERROR - 2023-07-02 02:27:18 --> mysqli_sql_exception: Unknown column 'cc.idproducto' in 'on clause' in /home/app/public_html/belleza/system/Database/MySQLi/Connection.php:295
Stack trace:
#0 /home/app/public_html/belleza/system/Database/MySQLi/Connection.php(295): mysqli->query('SELECT *\nFROM `...', 0)
#1 /home/app/public_html/belleza/system/Database/BaseConnection.php(691): CodeIgniter\Database\MySQLi\Connection->execute('SELECT *\nFROM `...')
#2 /home/app/public_html/belleza/system/Database/BaseConnection.php(605): CodeIgniter\Database\BaseConnection->simpleQuery('SELECT *\nFROM `...')
#3 /home/app/public_html/belleza/system/Database/BaseBuilder.php(1616): CodeIgniter\Database\BaseConnection->query('SELECT *\nFROM `...', Array, false)
#4 /home/app/public_html/belleza/app/Models/IngresosModel.php(20): CodeIgniter\Database\BaseBuilder->get()
#5 /home/app/public_html/belleza/app/Controllers/Ingresos.php(18): App\Models\IngresosModel->getIngresos()
#6 /home/app/public_html/belleza/system/CodeIgniter.php(934): App\Controllers\Ingresos->index()
#7 /home/app/public_html/belleza/system/CodeIgniter.php(499): CodeIgniter\CodeIgniter->runController(Object(App\Controllers\Ingresos))
#8 /home/app/public_html/belleza/system/CodeIgniter.php(368): CodeIgniter\CodeIgniter->handleRequest(NULL, Object(Config\Cache), false)
#9 /home/app/public_html/belleza/index.php(67): CodeIgniter\CodeIgniter->run()
#10 {main}
CRITICAL - 2023-07-02 02:27:18 --> Unknown column 'cc.idproducto' in 'on clause'
in SYSTEMPATH/Database/MySQLi/Connection.php on line 295.
 1 SYSTEMPATH/Database/MySQLi/Connection.php(295): mysqli->query('SELECT *
FROM `ingresos` `i`
JOIN `proveedores` `tc` ON `i`.`proveedorId` = `tc`.`provid`
JOIN `productos` `cc` ON `i`.`productosId` = `cc`.`idproducto`
WHERE `i`.`estado` = 1', 0)
 2 SYSTEMPATH/Database/BaseConnection.php(691): CodeIgniter\Database\MySQLi\Connection->execute('SELECT *
FROM `ingresos` `i`
JOIN `proveedores` `tc` ON `i`.`proveedorId` = `tc`.`provid`
JOIN `productos` `cc` ON `i`.`productosId` = `cc`.`idproducto`
WHERE `i`.`estado` = 1')
 3 SYSTEMPATH/Database/BaseConnection.php(605): CodeIgniter\Database\BaseConnection->simpleQuery('SELECT *
FROM `ingresos` `i`
JOIN `proveedores` `tc` ON `i`.`proveedorId` = `tc`.`provid`
JOIN `productos` `cc` ON `i`.`productosId` = `cc`.`idproducto`
WHERE `i`.`estado` = 1')
 4 SYSTEMPATH/Database/BaseBuilder.php(1616): CodeIgniter\Database\BaseConnection->query('SELECT *
FROM `ingresos` `i`
JOIN `proveedores` `tc` ON `i`.`proveedorId` = `tc`.`provid`
JOIN `productos` `cc` ON `i`.`productosId` = `cc`.`idproducto`
WHERE `i`.`estado` = :i.estado:', [...], false)
 5 APPPATH/Models/IngresosModel.php(20): CodeIgniter\Database\BaseBuilder->get()
 6 APPPATH/Controllers/Ingresos.php(18): App\Models\IngresosModel->getIngresos()
 7 SYSTEMPATH/CodeIgniter.php(934): App\Controllers\Ingresos->index()
 8 SYSTEMPATH/CodeIgniter.php(499): CodeIgniter\CodeIgniter->runController(Object(App\Controllers\Ingresos))
 9 SYSTEMPATH/CodeIgniter.php(368): CodeIgniter\CodeIgniter->handleRequest(null, Object(Config\Cache), false)
10 FCPATH/index.php(67): CodeIgniter\CodeIgniter->run()
ERROR - 2023-07-02 02:27:40 --> mysqli_sql_exception: Unknown column 'cc.idproducto' in 'on clause' in /home/app/public_html/belleza/system/Database/MySQLi/Connection.php:295
Stack trace:
#0 /home/app/public_html/belleza/system/Database/MySQLi/Connection.php(295): mysqli->query('SELECT *\nFROM `...', 0)
#1 /home/app/public_html/belleza/system/Database/BaseConnection.php(691): CodeIgniter\Database\MySQLi\Connection->execute('SELECT *\nFROM `...')
#2 /home/app/public_html/belleza/system/Database/BaseConnection.php(605): CodeIgniter\Database\BaseConnection->simpleQuery('SELECT *\nFROM `...')
#3 /home/app/public_html/belleza/system/Database/BaseBuilder.php(1616): CodeIgniter\Database\BaseConnection->query('SELECT *\nFROM `...', Array, false)
#4 /home/app/public_html/belleza/app/Models/IngresosModel.php(20): CodeIgniter\Database\BaseBuilder->get()
#5 /home/app/public_html/belleza/app/Controllers/Ingresos.php(18): App\Models\IngresosModel->getIngresos()
#6 /home/app/public_html/belleza/system/CodeIgniter.php(934): App\Controllers\Ingresos->index()
#7 /home/app/public_html/belleza/system/CodeIgniter.php(499): CodeIgniter\CodeIgniter->runController(Object(App\Controllers\Ingresos))
#8 /home/app/public_html/belleza/system/CodeIgniter.php(368): CodeIgniter\CodeIgniter->handleRequest(NULL, Object(Config\Cache), false)
#9 /home/app/public_html/belleza/index.php(67): CodeIgniter\CodeIgniter->run()
#10 {main}
CRITICAL - 2023-07-02 02:27:40 --> Unknown column 'cc.idproducto' in 'on clause'
in SYSTEMPATH/Database/MySQLi/Connection.php on line 295.
 1 SYSTEMPATH/Database/MySQLi/Connection.php(295): mysqli->query('SELECT *
FROM `ingresos` `i`
JOIN `proveedores` `tc` ON `i`.`proveedorId` = `tc`.`provid`
JOIN `productos` `cc` ON `i`.`productosId` = `cc`.`idproducto`
WHERE `i`.`estado` = 1', 0)
 2 SYSTEMPATH/Database/BaseConnection.php(691): CodeIgniter\Database\MySQLi\Connection->execute('SELECT *
FROM `ingresos` `i`
JOIN `proveedores` `tc` ON `i`.`proveedorId` = `tc`.`provid`
JOIN `productos` `cc` ON `i`.`productosId` = `cc`.`idproducto`
WHERE `i`.`estado` = 1')
 3 SYSTEMPATH/Database/BaseConnection.php(605): CodeIgniter\Database\BaseConnection->simpleQuery('SELECT *
FROM `ingresos` `i`
JOIN `proveedores` `tc` ON `i`.`proveedorId` = `tc`.`provid`
JOIN `productos` `cc` ON `i`.`productosId` = `cc`.`idproducto`
WHERE `i`.`estado` = 1')
 4 SYSTEMPATH/Database/BaseBuilder.php(1616): CodeIgniter\Database\BaseConnection->query('SELECT *
FROM `ingresos` `i`
JOIN `proveedores` `tc` ON `i`.`proveedorId` = `tc`.`provid`
JOIN `productos` `cc` ON `i`.`productosId` = `cc`.`idproducto`
WHERE `i`.`estado` = :i.estado:', [...], false)
 5 APPPATH/Models/IngresosModel.php(20): CodeIgniter\Database\BaseBuilder->get()
 6 APPPATH/Controllers/Ingresos.php(18): App\Models\IngresosModel->getIngresos()
 7 SYSTEMPATH/CodeIgniter.php(934): App\Controllers\Ingresos->index()
 8 SYSTEMPATH/CodeIgniter.php(499): CodeIgniter\CodeIgniter->runController(Object(App\Controllers\Ingresos))
 9 SYSTEMPATH/CodeIgniter.php(368): CodeIgniter\CodeIgniter->handleRequest(null, Object(Config\Cache), false)
10 FCPATH/index.php(67): CodeIgniter\CodeIgniter->run()
ERROR - 2023-07-02 06:51:25 --> mysqli_sql_exception: Unknown column 'services' in 'field list' in /home/app/public_html/belleza/system/Database/MySQLi/Connection.php:295
Stack trace:
#0 /home/app/public_html/belleza/system/Database/MySQLi/Connection.php(295): mysqli->query('INSERT INTO `ci...', 0)
#1 /home/app/public_html/belleza/system/Database/BaseConnection.php(691): CodeIgniter\Database\MySQLi\Connection->execute('INSERT INTO `ci...')
#2 /home/app/public_html/belleza/system/Database/BaseConnection.php(605): CodeIgniter\Database\BaseConnection->simpleQuery('INSERT INTO `ci...')
#3 /home/app/public_html/belleza/system/Database/BaseBuilder.php(2309): CodeIgniter\Database\BaseConnection->query('INSERT INTO `ci...', Array, false)
#4 /home/app/public_html/belleza/system/Model.php(330): CodeIgniter\Database\BaseBuilder->insert()
#5 /home/app/public_html/belleza/system/BaseModel.php(782): CodeIgniter\Model->doInsert(Array)
#6 /home/app/public_html/belleza/system/Model.php(730): CodeIgniter\BaseModel->insert(Array, true)
#7 /home/app/public_html/belleza/app/Controllers/Citas.php(140): CodeIgniter\Model->insert(Array)
#8 /home/app/public_html/belleza/system/CodeIgniter.php(934): App\Controllers\Citas->create()
#9 /home/app/public_html/belleza/system/CodeIgniter.php(499): CodeIgniter\CodeIgniter->runController(Object(App\Controllers\Citas))
#10 /home/app/public_html/belleza/system/CodeIgniter.php(368): CodeIgniter\CodeIgniter->handleRequest(NULL, Object(Config\Cache), false)
#11 /home/app/public_html/belleza/index.php(67): CodeIgniter\CodeIgniter->run()
#12 {main}
CRITICAL - 2023-07-02 06:51:25 --> Unknown column 'services' in 'field list'
in SYSTEMPATH/Database/MySQLi/Connection.php on line 295.
 1 SYSTEMPATH/Database/MySQLi/Connection.php(295): mysqli->query('INSERT INTO `citas` (`nombreCita`, `correoCita`, `aptDate`, `aptTime`, `services`, `telefono`, `observacion`) VALUES (\'luchianaa\', \'bren@hotmail.com\', \'15-07-2003\', \'4:00\', \'4\', \'938195104\', \'hola\')', 0)
 2 SYSTEMPATH/Database/BaseConnection.php(691): CodeIgniter\Database\MySQLi\Connection->execute('INSERT INTO `citas` (`nombreCita`, `correoCita`, `aptDate`, `aptTime`, `services`, `telefono`, `observacion`) VALUES (\'luchianaa\', \'bren@hotmail.com\', \'15-07-2003\', \'4:00\', \'4\', \'938195104\', \'hola\')')
 3 SYSTEMPATH/Database/BaseConnection.php(605): CodeIgniter\Database\BaseConnection->simpleQuery('INSERT INTO `citas` (`nombreCita`, `correoCita`, `aptDate`, `aptTime`, `services`, `telefono`, `observacion`) VALUES (\'luchianaa\', \'bren@hotmail.com\', \'15-07-2003\', \'4:00\', \'4\', \'938195104\', \'hola\')')
 4 SYSTEMPATH/Database/BaseBuilder.php(2309): CodeIgniter\Database\BaseConnection->query('INSERT INTO `citas` (`nombreCita`, `correoCita`, `aptDate`, `aptTime`, `services`, `telefono`, `observacion`) VALUES (:nombreCita:, :correoCita:, :aptDate:, :aptTime:, :services:, :telefono:, :observacion:)', [...], false)
 5 SYSTEMPATH/Model.php(330): CodeIgniter\Database\BaseBuilder->insert()
 6 SYSTEMPATH/BaseModel.php(782): CodeIgniter\Model->doInsert([...])
 7 SYSTEMPATH/Model.php(730): CodeIgniter\BaseModel->insert([...], true)
 8 APPPATH/Controllers/Citas.php(140): CodeIgniter\Model->insert([...])
 9 SYSTEMPATH/CodeIgniter.php(934): App\Controllers\Citas->create()
10 SYSTEMPATH/CodeIgniter.php(499): CodeIgniter\CodeIgniter->runController(Object(App\Controllers\Citas))
11 SYSTEMPATH/CodeIgniter.php(368): CodeIgniter\CodeIgniter->handleRequest(null, Object(Config\Cache), false)
12 FCPATH/index.php(67): CodeIgniter\CodeIgniter->run()
