ERROR - 2023-07-01 23:13:31 --> mysqli_sql_exception: Unknown column 'cc.idproducto' in 'on clause' in /home/app/public_html/belleza/system/Database/MySQLi/Connection.php:295
Stack trace:
#0 /home/app/public_html/belleza/system/Database/MySQLi/Connection.php(295): mysqli->query('SELECT *\nFROM `...', 0)
#1 /home/app/public_html/belleza/system/Database/BaseConnection.php(691): CodeIgniter\Database\MySQLi\Connection->execute('SELECT *\nFROM `...')
#2 /home/app/public_html/belleza/system/Database/BaseConnection.php(605): CodeIgniter\Database\BaseConnection->simpleQuery('SELECT *\nFROM `...')
#3 /home/app/public_html/belleza/system/Database/BaseBuilder.php(1616): CodeIgniter\Database\BaseConnection->query('SELECT *\nFROM `...', Array, false)
#4 /home/app/public_html/belleza/app/Models/IngresosModel.php(20): CodeIgniter\Database\BaseBuilder->get()
#5 /home/app/public_html/belleza/app/Controllers/Ingresos.php(18): App\Models\IngresosModel->getIngresos()
#6 /home/app/public_html/belleza/system/CodeIgniter.php(934): App\Controllers\Ingresos->index()
#7 /home/app/public_html/belleza/system/CodeIgniter.php(499): CodeIgniter\CodeIgniter->runController(Object(App\Controllers\Ingresos))
#8 /home/app/public_html/belleza/system/CodeIgniter.php(368): CodeIgniter\CodeIgniter->handleRequest(NULL, Object(Config\Cache), false)
#9 /home/app/public_html/belleza/index.php(67): CodeIgniter\CodeIgniter->run()
#10 {main}
CRITICAL - 2023-07-01 23:13:31 --> Unknown column 'cc.idproducto' in 'on clause'
in SYSTEMPATH/Database/MySQLi/Connection.php on line 295.
 1 SYSTEMPATH/Database/MySQLi/Connection.php(295): mysqli->query('SELECT *
FROM `ingresos` `i`
JOIN `proveedores` `tc` ON `i`.`proveedorId` = `tc`.`provid`
JOIN `productos` `cc` ON `i`.`productosId` = `cc`.`idproducto`
WHERE `i`.`estado` = 1', 0)
 2 SYSTEMPATH/Database/BaseConnection.php(691): CodeIgniter\Database\MySQLi\Connection->execute('SELECT *
FROM `ingresos` `i`
JOIN `proveedores` `tc` ON `i`.`proveedorId` = `tc`.`provid`
JOIN `productos` `cc` ON `i`.`productosId` = `cc`.`idproducto`
WHERE `i`.`estado` = 1')
 3 SYSTEMPATH/Database/BaseConnection.php(605): CodeIgniter\Database\BaseConnection->simpleQuery('SELECT *
FROM `ingresos` `i`
JOIN `proveedores` `tc` ON `i`.`proveedorId` = `tc`.`provid`
JOIN `productos` `cc` ON `i`.`productosId` = `cc`.`idproducto`
WHERE `i`.`estado` = 1')
 4 SYSTEMPATH/Database/BaseBuilder.php(1616): CodeIgniter\Database\BaseConnection->query('SELECT *
FROM `ingresos` `i`
JOIN `proveedores` `tc` ON `i`.`proveedorId` = `tc`.`provid`
JOIN `productos` `cc` ON `i`.`productosId` = `cc`.`idproducto`
WHERE `i`.`estado` = :i.estado:', [...], false)
 5 APPPATH/Models/IngresosModel.php(20): CodeIgniter\Database\BaseBuilder->get()
 6 APPPATH/Controllers/Ingresos.php(18): App\Models\IngresosModel->getIngresos()
 7 SYSTEMPATH/CodeIgniter.php(934): App\Controllers\Ingresos->index()
 8 SYSTEMPATH/CodeIgniter.php(499): CodeIgniter\CodeIgniter->runController(Object(App\Controllers\Ingresos))
 9 SYSTEMPATH/CodeIgniter.php(368): CodeIgniter\CodeIgniter->handleRequest(null, Object(Config\Cache), false)
10 FCPATH/index.php(67): CodeIgniter\CodeIgniter->run()
ERROR - 2023-07-01 23:13:42 --> mysqli_sql_exception: Unknown column 'cc.idproducto' in 'on clause' in /home/app/public_html/belleza/system/Database/MySQLi/Connection.php:295
Stack trace:
#0 /home/app/public_html/belleza/system/Database/MySQLi/Connection.php(295): mysqli->query('SELECT *\nFROM `...', 0)
#1 /home/app/public_html/belleza/system/Database/BaseConnection.php(691): CodeIgniter\Database\MySQLi\Connection->execute('SELECT *\nFROM `...')
#2 /home/app/public_html/belleza/system/Database/BaseConnection.php(605): CodeIgniter\Database\BaseConnection->simpleQuery('SELECT *\nFROM `...')
#3 /home/app/public_html/belleza/system/Database/BaseBuilder.php(1616): CodeIgniter\Database\BaseConnection->query('SELECT *\nFROM `...', Array, false)
#4 /home/app/public_html/belleza/app/Models/IngresosModel.php(20): CodeIgniter\Database\BaseBuilder->get()
#5 /home/app/public_html/belleza/app/Controllers/Ingresos.php(18): App\Models\IngresosModel->getIngresos()
#6 /home/app/public_html/belleza/system/CodeIgniter.php(934): App\Controllers\Ingresos->index()
#7 /home/app/public_html/belleza/system/CodeIgniter.php(499): CodeIgniter\CodeIgniter->runController(Object(App\Controllers\Ingresos))
#8 /home/app/public_html/belleza/system/CodeIgniter.php(368): CodeIgniter\CodeIgniter->handleRequest(NULL, Object(Config\Cache), false)
#9 /home/app/public_html/belleza/index.php(67): CodeIgniter\CodeIgniter->run()
#10 {main}
CRITICAL - 2023-07-01 23:13:42 --> Unknown column 'cc.idproducto' in 'on clause'
in SYSTEMPATH/Database/MySQLi/Connection.php on line 295.
 1 SYSTEMPATH/Database/MySQLi/Connection.php(295): mysqli->query('SELECT *
FROM `ingresos` `i`
JOIN `proveedores` `tc` ON `i`.`proveedorId` = `tc`.`provid`
JOIN `productos` `cc` ON `i`.`productosId` = `cc`.`idproducto`
WHERE `i`.`estado` = 1', 0)
 2 SYSTEMPATH/Database/BaseConnection.php(691): CodeIgniter\Database\MySQLi\Connection->execute('SELECT *
FROM `ingresos` `i`
JOIN `proveedores` `tc` ON `i`.`proveedorId` = `tc`.`provid`
JOIN `productos` `cc` ON `i`.`productosId` = `cc`.`idproducto`
WHERE `i`.`estado` = 1')
 3 SYSTEMPATH/Database/BaseConnection.php(605): CodeIgniter\Database\BaseConnection->simpleQuery('SELECT *
FROM `ingresos` `i`
JOIN `proveedores` `tc` ON `i`.`proveedorId` = `tc`.`provid`
JOIN `productos` `cc` ON `i`.`productosId` = `cc`.`idproducto`
WHERE `i`.`estado` = 1')
 4 SYSTEMPATH/Database/BaseBuilder.php(1616): CodeIgniter\Database\BaseConnection->query('SELECT *
FROM `ingresos` `i`
JOIN `proveedores` `tc` ON `i`.`proveedorId` = `tc`.`provid`
JOIN `productos` `cc` ON `i`.`productosId` = `cc`.`idproducto`
WHERE `i`.`estado` = :i.estado:', [...], false)
 5 APPPATH/Models/IngresosModel.php(20): CodeIgniter\Database\BaseBuilder->get()
 6 APPPATH/Controllers/Ingresos.php(18): App\Models\IngresosModel->getIngresos()
 7 SYSTEMPATH/CodeIgniter.php(934): App\Controllers\Ingresos->index()
 8 SYSTEMPATH/CodeIgniter.php(499): CodeIgniter\CodeIgniter->runController(Object(App\Controllers\Ingresos))
 9 SYSTEMPATH/CodeIgniter.php(368): CodeIgniter\CodeIgniter->handleRequest(null, Object(Config\Cache), false)
10 FCPATH/index.php(67): CodeIgniter\CodeIgniter->run()
ERROR - 2023-07-01 23:15:06 --> mysqli_sql_exception: Unknown column 'cc.idproducto' in 'on clause' in /home/app/public_html/belleza/system/Database/MySQLi/Connection.php:295
Stack trace:
#0 /home/app/public_html/belleza/system/Database/MySQLi/Connection.php(295): mysqli->query('SELECT *\nFROM `...', 0)
#1 /home/app/public_html/belleza/system/Database/BaseConnection.php(691): CodeIgniter\Database\MySQLi\Connection->execute('SELECT *\nFROM `...')
#2 /home/app/public_html/belleza/system/Database/BaseConnection.php(605): CodeIgniter\Database\BaseConnection->simpleQuery('SELECT *\nFROM `...')
#3 /home/app/public_html/belleza/system/Database/BaseBuilder.php(1616): CodeIgniter\Database\BaseConnection->query('SELECT *\nFROM `...', Array, false)
#4 /home/app/public_html/belleza/app/Models/IngresosModel.php(20): CodeIgniter\Database\BaseBuilder->get()
#5 /home/app/public_html/belleza/app/Controllers/Ingresos.php(18): App\Models\IngresosModel->getIngresos()
#6 /home/app/public_html/belleza/system/CodeIgniter.php(934): App\Controllers\Ingresos->index()
#7 /home/app/public_html/belleza/system/CodeIgniter.php(499): CodeIgniter\CodeIgniter->runController(Object(App\Controllers\Ingresos))
#8 /home/app/public_html/belleza/system/CodeIgniter.php(368): CodeIgniter\CodeIgniter->handleRequest(NULL, Object(Config\Cache), false)
#9 /home/app/public_html/belleza/index.php(67): CodeIgniter\CodeIgniter->run()
#10 {main}
CRITICAL - 2023-07-01 23:15:06 --> Unknown column 'cc.idproducto' in 'on clause'
in SYSTEMPATH/Database/MySQLi/Connection.php on line 295.
 1 SYSTEMPATH/Database/MySQLi/Connection.php(295): mysqli->query('SELECT *
FROM `ingresos` `i`
JOIN `proveedores` `tc` ON `i`.`proveedorId` = `tc`.`provid`
JOIN `productos` `cc` ON `i`.`productosId` = `cc`.`idproducto`
WHERE `i`.`estado` = 1', 0)
 2 SYSTEMPATH/Database/BaseConnection.php(691): CodeIgniter\Database\MySQLi\Connection->execute('SELECT *
FROM `ingresos` `i`
JOIN `proveedores` `tc` ON `i`.`proveedorId` = `tc`.`provid`
JOIN `productos` `cc` ON `i`.`productosId` = `cc`.`idproducto`
WHERE `i`.`estado` = 1')
 3 SYSTEMPATH/Database/BaseConnection.php(605): CodeIgniter\Database\BaseConnection->simpleQuery('SELECT *
FROM `ingresos` `i`
JOIN `proveedores` `tc` ON `i`.`proveedorId` = `tc`.`provid`
JOIN `productos` `cc` ON `i`.`productosId` = `cc`.`idproducto`
WHERE `i`.`estado` = 1')
 4 SYSTEMPATH/Database/BaseBuilder.php(1616): CodeIgniter\Database\BaseConnection->query('SELECT *
FROM `ingresos` `i`
JOIN `proveedores` `tc` ON `i`.`proveedorId` = `tc`.`provid`
JOIN `productos` `cc` ON `i`.`productosId` = `cc`.`idproducto`
WHERE `i`.`estado` = :i.estado:', [...], false)
 5 APPPATH/Models/IngresosModel.php(20): CodeIgniter\Database\BaseBuilder->get()
 6 APPPATH/Controllers/Ingresos.php(18): App\Models\IngresosModel->getIngresos()
 7 SYSTEMPATH/CodeIgniter.php(934): App\Controllers\Ingresos->index()
 8 SYSTEMPATH/CodeIgniter.php(499): CodeIgniter\CodeIgniter->runController(Object(App\Controllers\Ingresos))
 9 SYSTEMPATH/CodeIgniter.php(368): CodeIgniter\CodeIgniter->handleRequest(null, Object(Config\Cache), false)
10 FCPATH/index.php(67): CodeIgniter\CodeIgniter->run()
ERROR - 2023-07-01 23:41:27 --> mysqli_sql_exception: Unknown column 'cc.idproducto' in 'on clause' in /home/app/public_html/belleza/system/Database/MySQLi/Connection.php:295
Stack trace:
#0 /home/app/public_html/belleza/system/Database/MySQLi/Connection.php(295): mysqli->query('SELECT *\nFROM `...', 0)
#1 /home/app/public_html/belleza/system/Database/BaseConnection.php(691): CodeIgniter\Database\MySQLi\Connection->execute('SELECT *\nFROM `...')
#2 /home/app/public_html/belleza/system/Database/BaseConnection.php(605): CodeIgniter\Database\BaseConnection->simpleQuery('SELECT *\nFROM `...')
#3 /home/app/public_html/belleza/system/Database/BaseBuilder.php(1616): CodeIgniter\Database\BaseConnection->query('SELECT *\nFROM `...', Array, false)
#4 /home/app/public_html/belleza/app/Models/IngresosModel.php(20): CodeIgniter\Database\BaseBuilder->get()
#5 /home/app/public_html/belleza/app/Controllers/Ingresos.php(18): App\Models\IngresosModel->getIngresos()
#6 /home/app/public_html/belleza/system/CodeIgniter.php(934): App\Controllers\Ingresos->index()
#7 /home/app/public_html/belleza/system/CodeIgniter.php(499): CodeIgniter\CodeIgniter->runController(Object(App\Controllers\Ingresos))
#8 /home/app/public_html/belleza/system/CodeIgniter.php(368): CodeIgniter\CodeIgniter->handleRequest(NULL, Object(Config\Cache), false)
#9 /home/app/public_html/belleza/index.php(67): CodeIgniter\CodeIgniter->run()
#10 {main}
CRITICAL - 2023-07-01 23:41:27 --> Unknown column 'cc.idproducto' in 'on clause'
in SYSTEMPATH/Database/MySQLi/Connection.php on line 295.
 1 SYSTEMPATH/Database/MySQLi/Connection.php(295): mysqli->query('SELECT *
FROM `ingresos` `i`
JOIN `proveedores` `tc` ON `i`.`proveedorId` = `tc`.`provid`
JOIN `productos` `cc` ON `i`.`productosId` = `cc`.`idproducto`
WHERE `i`.`estado` = 1', 0)
 2 SYSTEMPATH/Database/BaseConnection.php(691): CodeIgniter\Database\MySQLi\Connection->execute('SELECT *
FROM `ingresos` `i`
JOIN `proveedores` `tc` ON `i`.`proveedorId` = `tc`.`provid`
JOIN `productos` `cc` ON `i`.`productosId` = `cc`.`idproducto`
WHERE `i`.`estado` = 1')
 3 SYSTEMPATH/Database/BaseConnection.php(605): CodeIgniter\Database\BaseConnection->simpleQuery('SELECT *
FROM `ingresos` `i`
JOIN `proveedores` `tc` ON `i`.`proveedorId` = `tc`.`provid`
JOIN `productos` `cc` ON `i`.`productosId` = `cc`.`idproducto`
WHERE `i`.`estado` = 1')
 4 SYSTEMPATH/Database/BaseBuilder.php(1616): CodeIgniter\Database\BaseConnection->query('SELECT *
FROM `ingresos` `i`
JOIN `proveedores` `tc` ON `i`.`proveedorId` = `tc`.`provid`
JOIN `productos` `cc` ON `i`.`productosId` = `cc`.`idproducto`
WHERE `i`.`estado` = :i.estado:', [...], false)
 5 APPPATH/Models/IngresosModel.php(20): CodeIgniter\Database\BaseBuilder->get()
 6 APPPATH/Controllers/Ingresos.php(18): App\Models\IngresosModel->getIngresos()
 7 SYSTEMPATH/CodeIgniter.php(934): App\Controllers\Ingresos->index()
 8 SYSTEMPATH/CodeIgniter.php(499): CodeIgniter\CodeIgniter->runController(Object(App\Controllers\Ingresos))
 9 SYSTEMPATH/CodeIgniter.php(368): CodeIgniter\CodeIgniter->handleRequest(null, Object(Config\Cache), false)
10 FCPATH/index.php(67): CodeIgniter\CodeIgniter->run()
ERROR - 2023-07-01 23:59:40 --> mysqli_sql_exception: Unknown column 'cc.idproducto' in 'on clause' in /home/app/public_html/belleza/system/Database/MySQLi/Connection.php:295
Stack trace:
#0 /home/app/public_html/belleza/system/Database/MySQLi/Connection.php(295): mysqli->query('SELECT *\nFROM `...', 0)
#1 /home/app/public_html/belleza/system/Database/BaseConnection.php(691): CodeIgniter\Database\MySQLi\Connection->execute('SELECT *\nFROM `...')
#2 /home/app/public_html/belleza/system/Database/BaseConnection.php(605): CodeIgniter\Database\BaseConnection->simpleQuery('SELECT *\nFROM `...')
#3 /home/app/public_html/belleza/system/Database/BaseBuilder.php(1616): CodeIgniter\Database\BaseConnection->query('SELECT *\nFROM `...', Array, false)
#4 /home/app/public_html/belleza/app/Models/IngresosModel.php(20): CodeIgniter\Database\BaseBuilder->get()
#5 /home/app/public_html/belleza/app/Controllers/Ingresos.php(18): App\Models\IngresosModel->getIngresos()
#6 /home/app/public_html/belleza/system/CodeIgniter.php(934): App\Controllers\Ingresos->index()
#7 /home/app/public_html/belleza/system/CodeIgniter.php(499): CodeIgniter\CodeIgniter->runController(Object(App\Controllers\Ingresos))
#8 /home/app/public_html/belleza/system/CodeIgniter.php(368): CodeIgniter\CodeIgniter->handleRequest(NULL, Object(Config\Cache), false)
#9 /home/app/public_html/belleza/index.php(67): CodeIgniter\CodeIgniter->run()
#10 {main}
CRITICAL - 2023-07-01 23:59:40 --> Unknown column 'cc.idproducto' in 'on clause'
in SYSTEMPATH/Database/MySQLi/Connection.php on line 295.
 1 SYSTEMPATH/Database/MySQLi/Connection.php(295): mysqli->query('SELECT *
FROM `ingresos` `i`
JOIN `proveedores` `tc` ON `i`.`proveedorId` = `tc`.`provid`
JOIN `productos` `cc` ON `i`.`productosId` = `cc`.`idproducto`
WHERE `i`.`estado` = 1', 0)
 2 SYSTEMPATH/Database/BaseConnection.php(691): CodeIgniter\Database\MySQLi\Connection->execute('SELECT *
FROM `ingresos` `i`
JOIN `proveedores` `tc` ON `i`.`proveedorId` = `tc`.`provid`
JOIN `productos` `cc` ON `i`.`productosId` = `cc`.`idproducto`
WHERE `i`.`estado` = 1')
 3 SYSTEMPATH/Database/BaseConnection.php(605): CodeIgniter\Database\BaseConnection->simpleQuery('SELECT *
FROM `ingresos` `i`
JOIN `proveedores` `tc` ON `i`.`proveedorId` = `tc`.`provid`
JOIN `productos` `cc` ON `i`.`productosId` = `cc`.`idproducto`
WHERE `i`.`estado` = 1')
 4 SYSTEMPATH/Database/BaseBuilder.php(1616): CodeIgniter\Database\BaseConnection->query('SELECT *
FROM `ingresos` `i`
JOIN `proveedores` `tc` ON `i`.`proveedorId` = `tc`.`provid`
JOIN `productos` `cc` ON `i`.`productosId` = `cc`.`idproducto`
WHERE `i`.`estado` = :i.estado:', [...], false)
 5 APPPATH/Models/IngresosModel.php(20): CodeIgniter\Database\BaseBuilder->get()
 6 APPPATH/Controllers/Ingresos.php(18): App\Models\IngresosModel->getIngresos()
 7 SYSTEMPATH/CodeIgniter.php(934): App\Controllers\Ingresos->index()
 8 SYSTEMPATH/CodeIgniter.php(499): CodeIgniter\CodeIgniter->runController(Object(App\Controllers\Ingresos))
 9 SYSTEMPATH/CodeIgniter.php(368): CodeIgniter\CodeIgniter->handleRequest(null, Object(Config\Cache), false)
10 FCPATH/index.php(67): CodeIgniter\CodeIgniter->run()
ERROR - 2023-07-01 23:59:47 --> mysqli_sql_exception: Unknown column 'cc.idproducto' in 'on clause' in /home/app/public_html/belleza/system/Database/MySQLi/Connection.php:295
Stack trace:
#0 /home/app/public_html/belleza/system/Database/MySQLi/Connection.php(295): mysqli->query('SELECT *\nFROM `...', 0)
#1 /home/app/public_html/belleza/system/Database/BaseConnection.php(691): CodeIgniter\Database\MySQLi\Connection->execute('SELECT *\nFROM `...')
#2 /home/app/public_html/belleza/system/Database/BaseConnection.php(605): CodeIgniter\Database\BaseConnection->simpleQuery('SELECT *\nFROM `...')
#3 /home/app/public_html/belleza/system/Database/BaseBuilder.php(1616): CodeIgniter\Database\BaseConnection->query('SELECT *\nFROM `...', Array, false)
#4 /home/app/public_html/belleza/app/Models/IngresosModel.php(20): CodeIgniter\Database\BaseBuilder->get()
#5 /home/app/public_html/belleza/app/Controllers/Ingresos.php(18): App\Models\IngresosModel->getIngresos()
#6 /home/app/public_html/belleza/system/CodeIgniter.php(934): App\Controllers\Ingresos->index()
#7 /home/app/public_html/belleza/system/CodeIgniter.php(499): CodeIgniter\CodeIgniter->runController(Object(App\Controllers\Ingresos))
#8 /home/app/public_html/belleza/system/CodeIgniter.php(368): CodeIgniter\CodeIgniter->handleRequest(NULL, Object(Config\Cache), false)
#9 /home/app/public_html/belleza/index.php(67): CodeIgniter\CodeIgniter->run()
#10 {main}
CRITICAL - 2023-07-01 23:59:47 --> Unknown column 'cc.idproducto' in 'on clause'
in SYSTEMPATH/Database/MySQLi/Connection.php on line 295.
 1 SYSTEMPATH/Database/MySQLi/Connection.php(295): mysqli->query('SELECT *
FROM `ingresos` `i`
JOIN `proveedores` `tc` ON `i`.`proveedorId` = `tc`.`provid`
JOIN `productos` `cc` ON `i`.`productosId` = `cc`.`idproducto`
WHERE `i`.`estado` = 1', 0)
 2 SYSTEMPATH/Database/BaseConnection.php(691): CodeIgniter\Database\MySQLi\Connection->execute('SELECT *
FROM `ingresos` `i`
JOIN `proveedores` `tc` ON `i`.`proveedorId` = `tc`.`provid`
JOIN `productos` `cc` ON `i`.`productosId` = `cc`.`idproducto`
WHERE `i`.`estado` = 1')
 3 SYSTEMPATH/Database/BaseConnection.php(605): CodeIgniter\Database\BaseConnection->simpleQuery('SELECT *
FROM `ingresos` `i`
JOIN `proveedores` `tc` ON `i`.`proveedorId` = `tc`.`provid`
JOIN `productos` `cc` ON `i`.`productosId` = `cc`.`idproducto`
WHERE `i`.`estado` = 1')
 4 SYSTEMPATH/Database/BaseBuilder.php(1616): CodeIgniter\Database\BaseConnection->query('SELECT *
FROM `ingresos` `i`
JOIN `proveedores` `tc` ON `i`.`proveedorId` = `tc`.`provid`
JOIN `productos` `cc` ON `i`.`productosId` = `cc`.`idproducto`
WHERE `i`.`estado` = :i.estado:', [...], false)
 5 APPPATH/Models/IngresosModel.php(20): CodeIgniter\Database\BaseBuilder->get()
 6 APPPATH/Controllers/Ingresos.php(18): App\Models\IngresosModel->getIngresos()
 7 SYSTEMPATH/CodeIgniter.php(934): App\Controllers\Ingresos->index()
 8 SYSTEMPATH/CodeIgniter.php(499): CodeIgniter\CodeIgniter->runController(Object(App\Controllers\Ingresos))
 9 SYSTEMPATH/CodeIgniter.php(368): CodeIgniter\CodeIgniter->handleRequest(null, Object(Config\Cache), false)
10 FCPATH/index.php(67): CodeIgniter\CodeIgniter->run()
