CRITICAL - 2023-06-30 00:14:16 --> Class 'App\Models\ProductosModel' not found
in APPPATH/Controllers/Productos.php on line 132.
 1 SYSTEMPATH/CodeIgniter.php(934): App\Controllers\Productos->create()
 2 SYSTEMPATH/CodeIgniter.php(499): CodeIgniter\CodeIgniter->runController(Object(App\Controllers\Productos))
 3 SYSTEMPATH/CodeIgniter.php(368): CodeIgniter\CodeIgniter->handleRequest(null, Object(Config\Cache), false)
 4 FCPATH/index.php(67): CodeIgniter\CodeIgniter->run()
ERROR - 2023-06-30 00:14:29 --> mysqli_sql_exception: Unknown column 'cc.idproducto' in 'on clause' in /home/app/public_html/belleza/system/Database/MySQLi/Connection.php:295
Stack trace:
#0 /home/app/public_html/belleza/system/Database/MySQLi/Connection.php(295): mysqli->query('SELECT *\nFROM `...', 0)
#1 /home/app/public_html/belleza/system/Database/BaseConnection.php(691): CodeIgniter\Database\MySQLi\Connection->execute('SELECT *\nFROM `...')
#2 /home/app/public_html/belleza/system/Database/BaseConnection.php(605): CodeIgniter\Database\BaseConnection->simpleQuery('SELECT *\nFROM `...')
#3 /home/app/public_html/belleza/system/Database/BaseBuilder.php(1616): CodeIgniter\Database\BaseConnection->query('SELECT *\nFROM `...', Array, false)
#4 /home/app/public_html/belleza/app/Models/IngresosModel.php(20): CodeIgniter\Database\BaseBuilder->get()
#5 /home/app/public_html/belleza/app/Controllers/Ingresos.php(18): App\Models\IngresosModel->getIngresos()
#6 /home/app/public_html/belleza/system/CodeIgniter.php(934): App\Controllers\Ingresos->index()
#7 /home/app/public_html/belleza/system/CodeIgniter.php(499): CodeIgniter\CodeIgniter->runController(Object(App\Controllers\Ingresos))
#8 /home/app/public_html/belleza/system/CodeIgniter.php(368): CodeIgniter\CodeIgniter->handleRequest(NULL, Object(Config\Cache), false)
#9 /home/app/public_html/belleza/index.php(67): CodeIgniter\CodeIgniter->run()
#10 {main}
CRITICAL - 2023-06-30 00:14:29 --> Unknown column 'cc.idproducto' in 'on clause'
in SYSTEMPATH/Database/MySQLi/Connection.php on line 295.
 1 SYSTEMPATH/Database/MySQLi/Connection.php(295): mysqli->query('SELECT *
FROM `ingresos` `i`
JOIN `proveedores` `tc` ON `i`.`proveedorId` = `tc`.`provid`
JOIN `productos` `cc` ON `i`.`productosId` = `cc`.`idproducto`
WHERE `i`.`estado` = 1', 0)
 2 SYSTEMPATH/Database/BaseConnection.php(691): CodeIgniter\Database\MySQLi\Connection->execute('SELECT *
FROM `ingresos` `i`
JOIN `proveedores` `tc` ON `i`.`proveedorId` = `tc`.`provid`
JOIN `productos` `cc` ON `i`.`productosId` = `cc`.`idproducto`
WHERE `i`.`estado` = 1')
 3 SYSTEMPATH/Database/BaseConnection.php(605): CodeIgniter\Database\BaseConnection->simpleQuery('SELECT *
FROM `ingresos` `i`
JOIN `proveedores` `tc` ON `i`.`proveedorId` = `tc`.`provid`
JOIN `productos` `cc` ON `i`.`productosId` = `cc`.`idproducto`
WHERE `i`.`estado` = 1')
 4 SYSTEMPATH/Database/BaseBuilder.php(1616): CodeIgniter\Database\BaseConnection->query('SELECT *
FROM `ingresos` `i`
JOIN `proveedores` `tc` ON `i`.`proveedorId` = `tc`.`provid`
JOIN `productos` `cc` ON `i`.`productosId` = `cc`.`idproducto`
WHERE `i`.`estado` = :i.estado:', [...], false)
 5 APPPATH/Models/IngresosModel.php(20): CodeIgniter\Database\BaseBuilder->get()
 6 APPPATH/Controllers/Ingresos.php(18): App\Models\IngresosModel->getIngresos()
 7 SYSTEMPATH/CodeIgniter.php(934): App\Controllers\Ingresos->index()
 8 SYSTEMPATH/CodeIgniter.php(499): CodeIgniter\CodeIgniter->runController(Object(App\Controllers\Ingresos))
 9 SYSTEMPATH/CodeIgniter.php(368): CodeIgniter\CodeIgniter->handleRequest(null, Object(Config\Cache), false)
10 FCPATH/index.php(67): CodeIgniter\CodeIgniter->run()
ERROR - 2023-06-30 00:17:02 --> mysqli_sql_exception: Unknown column 'c.idproducto' in 'where clause' in /home/app/public_html/belleza/system/Database/MySQLi/Connection.php:295
Stack trace:
#0 /home/app/public_html/belleza/system/Database/MySQLi/Connection.php(295): mysqli->query('SELECT *\nFROM `...', 0)
#1 /home/app/public_html/belleza/system/Database/BaseConnection.php(691): CodeIgniter\Database\MySQLi\Connection->execute('SELECT *\nFROM `...')
#2 /home/app/public_html/belleza/system/Database/BaseConnection.php(605): CodeIgniter\Database\BaseConnection->simpleQuery('SELECT *\nFROM `...')
#3 /home/app/public_html/belleza/system/Database/BaseBuilder.php(1616): CodeIgniter\Database\BaseConnection->query('SELECT *\nFROM `...', Array, false)
#4 /home/app/public_html/belleza/app/Models/ProductosModel.php(26): CodeIgniter\Database\BaseBuilder->get()
#5 /home/app/public_html/belleza/app/Controllers/Productos.php(60): App\Models\ProductosModel->getId('15')
#6 /home/app/public_html/belleza/system/CodeIgniter.php(934): App\Controllers\Productos->show('15')
#7 /home/app/public_html/belleza/system/CodeIgniter.php(499): CodeIgniter\CodeIgniter->runController(Object(App\Controllers\Productos))
#8 /home/app/public_html/belleza/system/CodeIgniter.php(368): CodeIgniter\CodeIgniter->handleRequest(NULL, Object(Config\Cache), false)
#9 /home/app/public_html/belleza/index.php(67): CodeIgniter\CodeIgniter->run()
#10 {main}
CRITICAL - 2023-06-30 00:17:02 --> Unknown column 'c.idproducto' in 'where clause'
in SYSTEMPATH/Database/MySQLi/Connection.php on line 295.
 1 SYSTEMPATH/Database/MySQLi/Connection.php(295): mysqli->query('SELECT *
FROM `productos` `c`
JOIN `categorias` `cc` ON `c`.`idcategoria` = `cc`.`idcategoria`
WHERE `c`.`idproducto` = \'15\'
AND `c`.`estado` = 1', 0)
 2 SYSTEMPATH/Database/BaseConnection.php(691): CodeIgniter\Database\MySQLi\Connection->execute('SELECT *
FROM `productos` `c`
JOIN `categorias` `cc` ON `c`.`idcategoria` = `cc`.`idcategoria`
WHERE `c`.`idproducto` = \'15\'
AND `c`.`estado` = 1')
 3 SYSTEMPATH/Database/BaseConnection.php(605): CodeIgniter\Database\BaseConnection->simpleQuery('SELECT *
FROM `productos` `c`
JOIN `categorias` `cc` ON `c`.`idcategoria` = `cc`.`idcategoria`
WHERE `c`.`idproducto` = \'15\'
AND `c`.`estado` = 1')
 4 SYSTEMPATH/Database/BaseBuilder.php(1616): CodeIgniter\Database\BaseConnection->query('SELECT *
FROM `productos` `c`
JOIN `categorias` `cc` ON `c`.`idcategoria` = `cc`.`idcategoria`
WHERE `c`.`idproducto` = :c.idproducto:
AND `c`.`estado` = :c.estado:', [...], false)
 5 APPPATH/Models/ProductosModel.php(26): CodeIgniter\Database\BaseBuilder->get()
 6 APPPATH/Controllers/Productos.php(60): App\Models\ProductosModel->getId('15')
 7 SYSTEMPATH/CodeIgniter.php(934): App\Controllers\Productos->show('15')
 8 SYSTEMPATH/CodeIgniter.php(499): CodeIgniter\CodeIgniter->runController(Object(App\Controllers\Productos))
 9 SYSTEMPATH/CodeIgniter.php(368): CodeIgniter\CodeIgniter->handleRequest(null, Object(Config\Cache), false)
10 FCPATH/index.php(67): CodeIgniter\CodeIgniter->run()
ERROR - 2023-06-30 00:17:06 --> mysqli_sql_exception: Unknown column 'productos.idproducto' in 'where clause' in /home/app/public_html/belleza/system/Database/MySQLi/Connection.php:295
Stack trace:
#0 /home/app/public_html/belleza/system/Database/MySQLi/Connection.php(295): mysqli->query('SELECT *\nFROM `...', 0)
#1 /home/app/public_html/belleza/system/Database/BaseConnection.php(691): CodeIgniter\Database\MySQLi\Connection->execute('SELECT *\nFROM `...')
#2 /home/app/public_html/belleza/system/Database/BaseConnection.php(605): CodeIgniter\Database\BaseConnection->simpleQuery('SELECT *\nFROM `...')
#3 /home/app/public_html/belleza/system/Database/BaseBuilder.php(1616): CodeIgniter\Database\BaseConnection->query('SELECT *\nFROM `...', Array, false)
#4 /home/app/public_html/belleza/system/Model.php(200): CodeIgniter\Database\BaseBuilder->get()
#5 /home/app/public_html/belleza/system/BaseModel.php(557): CodeIgniter\Model->doFind(true, '15')
#6 /home/app/public_html/belleza/app/Controllers/Productos.php(195): CodeIgniter\BaseModel->find('15')
#7 /home/app/public_html/belleza/system/CodeIgniter.php(934): App\Controllers\Productos->update('15')
#8 /home/app/public_html/belleza/system/CodeIgniter.php(499): CodeIgniter\CodeIgniter->runController(Object(App\Controllers\Productos))
#9 /home/app/public_html/belleza/system/CodeIgniter.php(368): CodeIgniter\CodeIgniter->handleRequest(NULL, Object(Config\Cache), false)
#10 /home/app/public_html/belleza/index.php(67): CodeIgniter\CodeIgniter->run()
#11 {main}
CRITICAL - 2023-06-30 00:17:06 --> Unknown column 'productos.idproducto' in 'where clause'
in SYSTEMPATH/Database/MySQLi/Connection.php on line 295.
 1 SYSTEMPATH/Database/MySQLi/Connection.php(295): mysqli->query('SELECT *
FROM `productos`
WHERE `productos`.`idproducto` = \'15\'', 0)
 2 SYSTEMPATH/Database/BaseConnection.php(691): CodeIgniter\Database\MySQLi\Connection->execute('SELECT *
FROM `productos`
WHERE `productos`.`idproducto` = \'15\'')
 3 SYSTEMPATH/Database/BaseConnection.php(605): CodeIgniter\Database\BaseConnection->simpleQuery('SELECT *
FROM `productos`
WHERE `productos`.`idproducto` = \'15\'')
 4 SYSTEMPATH/Database/BaseBuilder.php(1616): CodeIgniter\Database\BaseConnection->query('SELECT *
FROM `productos`
WHERE `productos`.`idproducto` = :productos.idproducto:', [...], false)
 5 SYSTEMPATH/Model.php(200): CodeIgniter\Database\BaseBuilder->get()
 6 SYSTEMPATH/BaseModel.php(557): CodeIgniter\Model->doFind(true, '15')
 7 APPPATH/Controllers/Productos.php(195): CodeIgniter\BaseModel->find('15')
 8 SYSTEMPATH/CodeIgniter.php(934): App\Controllers\Productos->update('15')
 9 SYSTEMPATH/CodeIgniter.php(499): CodeIgniter\CodeIgniter->runController(Object(App\Controllers\Productos))
10 SYSTEMPATH/CodeIgniter.php(368): CodeIgniter\CodeIgniter->handleRequest(null, Object(Config\Cache), false)
11 FCPATH/index.php(67): CodeIgniter\CodeIgniter->run()
ERROR - 2023-06-30 00:17:45 --> mysqli_sql_exception: Unknown column 'productos.idproducto' in 'where clause' in /home/app/public_html/belleza/system/Database/MySQLi/Connection.php:295
Stack trace:
#0 /home/app/public_html/belleza/system/Database/MySQLi/Connection.php(295): mysqli->query('SELECT *\nFROM `...', 0)
#1 /home/app/public_html/belleza/system/Database/BaseConnection.php(691): CodeIgniter\Database\MySQLi\Connection->execute('SELECT *\nFROM `...')
#2 /home/app/public_html/belleza/system/Database/BaseConnection.php(605): CodeIgniter\Database\BaseConnection->simpleQuery('SELECT *\nFROM `...')
#3 /home/app/public_html/belleza/system/Database/BaseBuilder.php(1616): CodeIgniter\Database\BaseConnection->query('SELECT *\nFROM `...', Array, false)
#4 /home/app/public_html/belleza/system/Model.php(200): CodeIgniter\Database\BaseBuilder->get()
#5 /home/app/public_html/belleza/system/BaseModel.php(557): CodeIgniter\Model->doFind(true, '15')
#6 /home/app/public_html/belleza/app/Controllers/Productos.php(195): CodeIgniter\BaseModel->find('15')
#7 /home/app/public_html/belleza/system/CodeIgniter.php(934): App\Controllers\Productos->update('15')
#8 /home/app/public_html/belleza/system/CodeIgniter.php(499): CodeIgniter\CodeIgniter->runController(Object(App\Controllers\Productos))
#9 /home/app/public_html/belleza/system/CodeIgniter.php(368): CodeIgniter\CodeIgniter->handleRequest(NULL, Object(Config\Cache), false)
#10 /home/app/public_html/belleza/index.php(67): CodeIgniter\CodeIgniter->run()
#11 {main}
CRITICAL - 2023-06-30 00:17:45 --> Unknown column 'productos.idproducto' in 'where clause'
in SYSTEMPATH/Database/MySQLi/Connection.php on line 295.
 1 SYSTEMPATH/Database/MySQLi/Connection.php(295): mysqli->query('SELECT *
FROM `productos`
WHERE `productos`.`idproducto` = \'15\'', 0)
 2 SYSTEMPATH/Database/BaseConnection.php(691): CodeIgniter\Database\MySQLi\Connection->execute('SELECT *
FROM `productos`
WHERE `productos`.`idproducto` = \'15\'')
 3 SYSTEMPATH/Database/BaseConnection.php(605): CodeIgniter\Database\BaseConnection->simpleQuery('SELECT *
FROM `productos`
WHERE `productos`.`idproducto` = \'15\'')
 4 SYSTEMPATH/Database/BaseBuilder.php(1616): CodeIgniter\Database\BaseConnection->query('SELECT *
FROM `productos`
WHERE `productos`.`idproducto` = :productos.idproducto:', [...], false)
 5 SYSTEMPATH/Model.php(200): CodeIgniter\Database\BaseBuilder->get()
 6 SYSTEMPATH/BaseModel.php(557): CodeIgniter\Model->doFind(true, '15')
 7 APPPATH/Controllers/Productos.php(195): CodeIgniter\BaseModel->find('15')
 8 SYSTEMPATH/CodeIgniter.php(934): App\Controllers\Productos->update('15')
 9 SYSTEMPATH/CodeIgniter.php(499): CodeIgniter\CodeIgniter->runController(Object(App\Controllers\Productos))
10 SYSTEMPATH/CodeIgniter.php(368): CodeIgniter\CodeIgniter->handleRequest(null, Object(Config\Cache), false)
11 FCPATH/index.php(67): CodeIgniter\CodeIgniter->run()
ERROR - 2023-06-30 00:18:41 --> mysqli_sql_exception: Unknown column 'productos.idproducto' in 'where clause' in /home/app/public_html/belleza/system/Database/MySQLi/Connection.php:295
Stack trace:
#0 /home/app/public_html/belleza/system/Database/MySQLi/Connection.php(295): mysqli->query('SELECT *\nFROM `...', 0)
#1 /home/app/public_html/belleza/system/Database/BaseConnection.php(691): CodeIgniter\Database\MySQLi\Connection->execute('SELECT *\nFROM `...')
#2 /home/app/public_html/belleza/system/Database/BaseConnection.php(605): CodeIgniter\Database\BaseConnection->simpleQuery('SELECT *\nFROM `...')
#3 /home/app/public_html/belleza/system/Database/BaseBuilder.php(1616): CodeIgniter\Database\BaseConnection->query('SELECT *\nFROM `...', Array, false)
#4 /home/app/public_html/belleza/system/Model.php(200): CodeIgniter\Database\BaseBuilder->get()
#5 /home/app/public_html/belleza/system/BaseModel.php(557): CodeIgniter\Model->doFind(true, '15')
#6 /home/app/public_html/belleza/app/Controllers/Productos.php(195): CodeIgniter\BaseModel->find('15')
#7 /home/app/public_html/belleza/system/CodeIgniter.php(934): App\Controllers\Productos->update('15')
#8 /home/app/public_html/belleza/system/CodeIgniter.php(499): CodeIgniter\CodeIgniter->runController(Object(App\Controllers\Productos))
#9 /home/app/public_html/belleza/system/CodeIgniter.php(368): CodeIgniter\CodeIgniter->handleRequest(NULL, Object(Config\Cache), false)
#10 /home/app/public_html/belleza/index.php(67): CodeIgniter\CodeIgniter->run()
#11 {main}
CRITICAL - 2023-06-30 00:18:41 --> Unknown column 'productos.idproducto' in 'where clause'
in SYSTEMPATH/Database/MySQLi/Connection.php on line 295.
 1 SYSTEMPATH/Database/MySQLi/Connection.php(295): mysqli->query('SELECT *
FROM `productos`
WHERE `productos`.`idproducto` = \'15\'', 0)
 2 SYSTEMPATH/Database/BaseConnection.php(691): CodeIgniter\Database\MySQLi\Connection->execute('SELECT *
FROM `productos`
WHERE `productos`.`idproducto` = \'15\'')
 3 SYSTEMPATH/Database/BaseConnection.php(605): CodeIgniter\Database\BaseConnection->simpleQuery('SELECT *
FROM `productos`
WHERE `productos`.`idproducto` = \'15\'')
 4 SYSTEMPATH/Database/BaseBuilder.php(1616): CodeIgniter\Database\BaseConnection->query('SELECT *
FROM `productos`
WHERE `productos`.`idproducto` = :productos.idproducto:', [...], false)
 5 SYSTEMPATH/Model.php(200): CodeIgniter\Database\BaseBuilder->get()
 6 SYSTEMPATH/BaseModel.php(557): CodeIgniter\Model->doFind(true, '15')
 7 APPPATH/Controllers/Productos.php(195): CodeIgniter\BaseModel->find('15')
 8 SYSTEMPATH/CodeIgniter.php(934): App\Controllers\Productos->update('15')
 9 SYSTEMPATH/CodeIgniter.php(499): CodeIgniter\CodeIgniter->runController(Object(App\Controllers\Productos))
10 SYSTEMPATH/CodeIgniter.php(368): CodeIgniter\CodeIgniter->handleRequest(null, Object(Config\Cache), false)
11 FCPATH/index.php(67): CodeIgniter\CodeIgniter->run()
ERROR - 2023-06-30 01:20:51 --> mysqli_sql_exception: Unknown column 'cc.idproducto' in 'on clause' in /home/app/public_html/belleza/system/Database/MySQLi/Connection.php:295
Stack trace:
#0 /home/app/public_html/belleza/system/Database/MySQLi/Connection.php(295): mysqli->query('SELECT *\nFROM `...', 0)
#1 /home/app/public_html/belleza/system/Database/BaseConnection.php(691): CodeIgniter\Database\MySQLi\Connection->execute('SELECT *\nFROM `...')
#2 /home/app/public_html/belleza/system/Database/BaseConnection.php(605): CodeIgniter\Database\BaseConnection->simpleQuery('SELECT *\nFROM `...')
#3 /home/app/public_html/belleza/system/Database/BaseBuilder.php(1616): CodeIgniter\Database\BaseConnection->query('SELECT *\nFROM `...', Array, false)
#4 /home/app/public_html/belleza/app/Models/IngresosModel.php(20): CodeIgniter\Database\BaseBuilder->get()
#5 /home/app/public_html/belleza/app/Controllers/Ingresos.php(18): App\Models\IngresosModel->getIngresos()
#6 /home/app/public_html/belleza/system/CodeIgniter.php(934): App\Controllers\Ingresos->index()
#7 /home/app/public_html/belleza/system/CodeIgniter.php(499): CodeIgniter\CodeIgniter->runController(Object(App\Controllers\Ingresos))
#8 /home/app/public_html/belleza/system/CodeIgniter.php(368): CodeIgniter\CodeIgniter->handleRequest(NULL, Object(Config\Cache), false)
#9 /home/app/public_html/belleza/index.php(67): CodeIgniter\CodeIgniter->run()
#10 {main}
CRITICAL - 2023-06-30 01:20:51 --> Unknown column 'cc.idproducto' in 'on clause'
in SYSTEMPATH/Database/MySQLi/Connection.php on line 295.
 1 SYSTEMPATH/Database/MySQLi/Connection.php(295): mysqli->query('SELECT *
FROM `ingresos` `i`
JOIN `proveedores` `tc` ON `i`.`proveedorId` = `tc`.`provid`
JOIN `productos` `cc` ON `i`.`productosId` = `cc`.`idproducto`
WHERE `i`.`estado` = 1', 0)
 2 SYSTEMPATH/Database/BaseConnection.php(691): CodeIgniter\Database\MySQLi\Connection->execute('SELECT *
FROM `ingresos` `i`
JOIN `proveedores` `tc` ON `i`.`proveedorId` = `tc`.`provid`
JOIN `productos` `cc` ON `i`.`productosId` = `cc`.`idproducto`
WHERE `i`.`estado` = 1')
 3 SYSTEMPATH/Database/BaseConnection.php(605): CodeIgniter\Database\BaseConnection->simpleQuery('SELECT *
FROM `ingresos` `i`
JOIN `proveedores` `tc` ON `i`.`proveedorId` = `tc`.`provid`
JOIN `productos` `cc` ON `i`.`productosId` = `cc`.`idproducto`
WHERE `i`.`estado` = 1')
 4 SYSTEMPATH/Database/BaseBuilder.php(1616): CodeIgniter\Database\BaseConnection->query('SELECT *
FROM `ingresos` `i`
JOIN `proveedores` `tc` ON `i`.`proveedorId` = `tc`.`provid`
JOIN `productos` `cc` ON `i`.`productosId` = `cc`.`idproducto`
WHERE `i`.`estado` = :i.estado:', [...], false)
 5 APPPATH/Models/IngresosModel.php(20): CodeIgniter\Database\BaseBuilder->get()
 6 APPPATH/Controllers/Ingresos.php(18): App\Models\IngresosModel->getIngresos()
 7 SYSTEMPATH/CodeIgniter.php(934): App\Controllers\Ingresos->index()
 8 SYSTEMPATH/CodeIgniter.php(499): CodeIgniter\CodeIgniter->runController(Object(App\Controllers\Ingresos))
 9 SYSTEMPATH/CodeIgniter.php(368): CodeIgniter\CodeIgniter->handleRequest(null, Object(Config\Cache), false)
10 FCPATH/index.php(67): CodeIgniter\CodeIgniter->run()
ERROR - 2023-06-30 01:20:57 --> mysqli_sql_exception: Unknown column 'cc.idproducto' in 'on clause' in /home/app/public_html/belleza/system/Database/MySQLi/Connection.php:295
Stack trace:
#0 /home/app/public_html/belleza/system/Database/MySQLi/Connection.php(295): mysqli->query('SELECT *\nFROM `...', 0)
#1 /home/app/public_html/belleza/system/Database/BaseConnection.php(691): CodeIgniter\Database\MySQLi\Connection->execute('SELECT *\nFROM `...')
#2 /home/app/public_html/belleza/system/Database/BaseConnection.php(605): CodeIgniter\Database\BaseConnection->simpleQuery('SELECT *\nFROM `...')
#3 /home/app/public_html/belleza/system/Database/BaseBuilder.php(1616): CodeIgniter\Database\BaseConnection->query('SELECT *\nFROM `...', Array, false)
#4 /home/app/public_html/belleza/app/Models/IngresosModel.php(20): CodeIgniter\Database\BaseBuilder->get()
#5 /home/app/public_html/belleza/app/Controllers/Ingresos.php(18): App\Models\IngresosModel->getIngresos()
#6 /home/app/public_html/belleza/system/CodeIgniter.php(934): App\Controllers\Ingresos->index()
#7 /home/app/public_html/belleza/system/CodeIgniter.php(499): CodeIgniter\CodeIgniter->runController(Object(App\Controllers\Ingresos))
#8 /home/app/public_html/belleza/system/CodeIgniter.php(368): CodeIgniter\CodeIgniter->handleRequest(NULL, Object(Config\Cache), false)
#9 /home/app/public_html/belleza/index.php(67): CodeIgniter\CodeIgniter->run()
#10 {main}
CRITICAL - 2023-06-30 01:20:57 --> Unknown column 'cc.idproducto' in 'on clause'
in SYSTEMPATH/Database/MySQLi/Connection.php on line 295.
 1 SYSTEMPATH/Database/MySQLi/Connection.php(295): mysqli->query('SELECT *
FROM `ingresos` `i`
JOIN `proveedores` `tc` ON `i`.`proveedorId` = `tc`.`provid`
JOIN `productos` `cc` ON `i`.`productosId` = `cc`.`idproducto`
WHERE `i`.`estado` = 1', 0)
 2 SYSTEMPATH/Database/BaseConnection.php(691): CodeIgniter\Database\MySQLi\Connection->execute('SELECT *
FROM `ingresos` `i`
JOIN `proveedores` `tc` ON `i`.`proveedorId` = `tc`.`provid`
JOIN `productos` `cc` ON `i`.`productosId` = `cc`.`idproducto`
WHERE `i`.`estado` = 1')
 3 SYSTEMPATH/Database/BaseConnection.php(605): CodeIgniter\Database\BaseConnection->simpleQuery('SELECT *
FROM `ingresos` `i`
JOIN `proveedores` `tc` ON `i`.`proveedorId` = `tc`.`provid`
JOIN `productos` `cc` ON `i`.`productosId` = `cc`.`idproducto`
WHERE `i`.`estado` = 1')
 4 SYSTEMPATH/Database/BaseBuilder.php(1616): CodeIgniter\Database\BaseConnection->query('SELECT *
FROM `ingresos` `i`
JOIN `proveedores` `tc` ON `i`.`proveedorId` = `tc`.`provid`
JOIN `productos` `cc` ON `i`.`productosId` = `cc`.`idproducto`
WHERE `i`.`estado` = :i.estado:', [...], false)
 5 APPPATH/Models/IngresosModel.php(20): CodeIgniter\Database\BaseBuilder->get()
 6 APPPATH/Controllers/Ingresos.php(18): App\Models\IngresosModel->getIngresos()
 7 SYSTEMPATH/CodeIgniter.php(934): App\Controllers\Ingresos->index()
 8 SYSTEMPATH/CodeIgniter.php(499): CodeIgniter\CodeIgniter->runController(Object(App\Controllers\Ingresos))
 9 SYSTEMPATH/CodeIgniter.php(368): CodeIgniter\CodeIgniter->handleRequest(null, Object(Config\Cache), false)
10 FCPATH/index.php(67): CodeIgniter\CodeIgniter->run()
